[3041350.129] 
X.Org X Server 1.18.4
Release Date: 2016-07-19
[3041350.129] X Protocol Version 11, Revision 0
[3041350.129] Build Operating System:  4.6.4-301.fc24.x86_64 
[3041350.129] Current Operating System: Linux rns202-6.cs.stolaf.edu 4.6.5-300.fc24.x86_64 #1 SMP Thu Jul 28 01:10:12 UTC 2016 x86_64
[3041350.129] Kernel command line: placeholder root=UUID=05c25dfb-7e8b-417e-a8c2-f14948ca0e4b ro rhgb quiet
[3041350.129] Build Date: 25 August 2016  05:27:31PM
[3041350.129] Build ID: xorg-x11-server 1.18.4-4.fc24 
[3041350.129] Current version of pixman: 0.34.0
[3041350.129] 	Before reporting problems, check http://wiki.x.org
	to make sure that you have the latest version.
[3041350.129] Markers: (--) probed, (**) from config file, (==) default setting,
	(++) from command line, (!!) notice, (II) informational,
	(WW) warning, (EE) error, (NI) not implemented, (??) unknown.
[3041350.129] (==) Log file: "/home/users/heilma1/.local/share/xorg/Xorg.3.log", Time: Sun Dec 18 14:06:55 2016
[3041350.141] (==) Using config directory: "/etc/X11/xorg.conf.d"
[3041350.141] (==) Using system config directory "/usr/share/X11/xorg.conf.d"
[3041350.163] (==) No Layout section.  Using the first Screen section.
[3041350.163] (==) No screen section available. Using defaults.
[3041350.163] (**) |-->Screen "Default Screen Section" (0)
[3041350.163] (**) |   |-->Monitor "<default monitor>"
[3041350.163] (==) No monitor specified for screen "Default Screen Section".
	Using a default monitor configuration.
[3041350.163] (==) Automatically adding devices
[3041350.163] (==) Automatically enabling devices
[3041350.163] (==) Automatically adding GPU devices
[3041350.163] (==) Max clients allowed: 256, resource mask: 0x1fffff
[3041350.163] (==) FontPath set to:
	catalogue:/etc/X11/fontpath.d,
	built-ins
[3041350.163] (==) ModulePath set to "/usr/lib64/xorg/modules"
[3041350.163] (II) The server relies on udev to provide the list of input devices.
	If no devices become available, reconfigure udev or disable AutoAddDevices.
[3041350.163] (II) Loader magic: 0x824dc0
[3041350.163] (II) Module ABI versions:
[3041350.163] 	X.Org ANSI C Emulation: 0.4
[3041350.163] 	X.Org Video Driver: 20.0
[3041350.163] 	X.Org XInput driver : 22.1
[3041350.163] 	X.Org Server Extension : 9.0
[3041350.188] (++) using VT number 4

[3041350.194] (II) systemd-logind: took control of session /org/freedesktop/login1/session/_34208
[3041350.203] (II) xfree86: Adding drm device (/dev/dri/card0)
[3041350.204] (II) systemd-logind: got fd for /dev/dri/card0 226:0 fd 8 paused 0
[3041350.209] (--) PCI: (0:5:0:0) 10de:0dd8:103c:084a rev 161, Mem @ 0xcc000000/33554432, 0xe0000000/134217728, 0xe8000000/67108864, I/O @ 0x0000b000/128, BIOS @ 0x????????/65536
[3041350.209] (--) PCI:*(0:6:0:0) 10de:0dd8:103c:084a rev 161, Mem @ 0xc8000000/33554432, 0xd0000000/134217728, 0xd8000000/67108864, I/O @ 0x0000a000/128, BIOS @ 0x????????/65536
[3041350.209] (II) LoadModule: "glx"
[3041350.215] (II) Loading /usr/lib64/xorg/modules/extensions/libglx.so
[3041350.223] (II) Module glx: vendor="X.Org Foundation"
[3041350.223] 	compiled for 1.18.4, module version = 1.0.0
[3041350.223] 	ABI class: X.Org Server Extension, version 9.0
[3041350.223] (==) AIGLX enabled
[3041350.223] (==) Matched nouveau as autoconfigured driver 0
[3041350.223] (==) Matched nv as autoconfigured driver 1
[3041350.223] (==) Matched nouveau as autoconfigured driver 2
[3041350.223] (==) Matched nv as autoconfigured driver 3
[3041350.223] (==) Matched modesetting as autoconfigured driver 4
[3041350.223] (==) Matched fbdev as autoconfigured driver 5
[3041350.223] (==) Matched vesa as autoconfigured driver 6
[3041350.223] (==) Assigned the driver to the xf86ConfigLayout
[3041350.223] (II) LoadModule: "nouveau"
[3041350.223] (II) Loading /usr/lib64/xorg/modules/drivers/nouveau_drv.so
[3041350.223] (II) Module nouveau: vendor="X.Org Foundation"
[3041350.223] 	compiled for 1.18.3, module version = 1.0.12
[3041350.223] 	Module class: X.Org Video Driver
[3041350.223] 	ABI class: X.Org Video Driver, version 20.0
[3041350.223] (II) LoadModule: "nv"
[3041350.224] (WW) Warning, couldn't open module nv
[3041350.224] (II) UnloadModule: "nv"
[3041350.224] (II) Unloading nv
[3041350.224] (EE) Failed to load module "nv" (module does not exist, 0)
[3041350.224] (II) LoadModule: "modesetting"
[3041350.224] (II) Loading /usr/lib64/xorg/modules/drivers/modesetting_drv.so
[3041350.231] (II) Module modesetting: vendor="X.Org Foundation"
[3041350.231] 	compiled for 1.18.4, module version = 1.18.4
[3041350.231] 	Module class: X.Org Video Driver
[3041350.231] 	ABI class: X.Org Video Driver, version 20.0
[3041350.231] (II) LoadModule: "fbdev"
[3041350.231] (II) Loading /usr/lib64/xorg/modules/drivers/fbdev_drv.so
[3041350.238] (II) Module fbdev: vendor="X.Org Foundation"
[3041350.238] 	compiled for 1.18.0, module version = 0.4.3
[3041350.238] 	Module class: X.Org Video Driver
[3041350.238] 	ABI class: X.Org Video Driver, version 20.0
[3041350.238] (II) LoadModule: "vesa"
[3041350.238] (II) Loading /usr/lib64/xorg/modules/drivers/vesa_drv.so
[3041350.247] (II) Module vesa: vendor="X.Org Foundation"
[3041350.247] 	compiled for 1.18.0, module version = 2.3.2
[3041350.247] 	Module class: X.Org Video Driver
[3041350.247] 	ABI class: X.Org Video Driver, version 20.0
[3041350.247] (II) NOUVEAU driver 
[3041350.247] (II) NOUVEAU driver for NVIDIA chipset families :
[3041350.247] 	RIVA TNT        (NV04)
[3041350.247] 	RIVA TNT2       (NV05)
[3041350.247] 	GeForce 256     (NV10)
[3041350.247] 	GeForce 2       (NV11, NV15)
[3041350.247] 	GeForce 4MX     (NV17, NV18)
[3041350.247] 	GeForce 3       (NV20)
[3041350.247] 	GeForce 4Ti     (NV25, NV28)
[3041350.247] 	GeForce FX      (NV3x)
[3041350.247] 	GeForce 6       (NV4x)
[3041350.247] 	GeForce 7       (G7x)
[3041350.247] 	GeForce 8       (G8x)
[3041350.247] 	GeForce GTX 200 (NVA0)
[3041350.247] 	GeForce GTX 400 (NVC0)
[3041350.247] (II) modesetting: Driver for Modesetting Kernel Drivers: kms
[3041350.247] (II) FBDEV: driver for framebuffer: fbdev
[3041350.247] (II) VESA: driver for VESA chipsets: vesa
[3041350.247] xf86EnableIOPorts: failed to set IOPL for I/O (Operation not permitted)
[3041350.247] (II) [drm] nouveau interface version: 1.3.1
[3041350.247] (WW) Falling back to old probe method for modesetting
[3041350.247] (WW) Falling back to old probe method for fbdev
[3041350.247] (II) Loading sub module "fbdevhw"
[3041350.247] (II) LoadModule: "fbdevhw"
[3041350.247] (II) Loading /usr/lib64/xorg/modules/libfbdevhw.so
[3041350.253] (II) Module fbdevhw: vendor="X.Org Foundation"
[3041350.253] 	compiled for 1.18.4, module version = 0.0.2
[3041350.253] 	ABI class: X.Org Video Driver, version 20.0
[3041350.253] (EE) open /dev/fb0: Permission denied
[3041350.253] (WW) Falling back to old probe method for vesa
[3041350.253] (WW) VGA arbiter: cannot open kernel arbiter, no multi-card support
[3041350.253] (II) Loading sub module "dri2"
[3041350.253] (II) LoadModule: "dri2"
[3041350.253] (II) Module "dri2" already built-in
[3041350.253] (--) NOUVEAU(0): Chipset: "NVIDIA NVC3"
[3041350.253] (II) NOUVEAU(0): Creating default Display subsection in Screen section
	"Default Screen Section" for depth/fbbpp 24/32
[3041350.253] (==) NOUVEAU(0): Depth 24, (--) framebuffer bpp 32
[3041350.253] (==) NOUVEAU(0): RGB weight 888
[3041350.253] (==) NOUVEAU(0): Default visual is TrueColor
[3041350.253] (==) NOUVEAU(0): Using HW cursor
[3041350.253] (==) NOUVEAU(0): Allowed maximum DRI level 2.
[3041350.253] (==) NOUVEAU(0): GLX sync to VBlank enabled.
[3041350.253] (==) NOUVEAU(0): Page flipping enabled
[3041350.253] (==) NOUVEAU(0): Swap limit set to 1 [Max allowed 2]
[3041350.253] (==) NOUVEAU(0): Page flipping synced to vblank by kernel.
[3041350.253] (II) NOUVEAU(0): Initializing outputs ...
[3041350.282] (II) NOUVEAU(0): Output DVI-I-1 has no monitor section
[3041350.314] (II) NOUVEAU(0): Output DP-1 has no monitor section
[3041350.346] (II) NOUVEAU(0): Output DP-2 has no monitor section
[3041350.346] (II) NOUVEAU(0): 3 crtcs needed for screen.
[3041350.348] (II) NOUVEAU(0): Allocated crtc nr. 0 to this screen.
[3041350.348] (II) NOUVEAU(0): Allocated crtc nr. 1 to this screen.
[3041350.376] (II) NOUVEAU(0): EDID for output DVI-I-1
[3041350.376] (II) NOUVEAU(0): Manufacturer: DEL  Model: d05f  Serial#: 810828627
[3041350.376] (II) NOUVEAU(0): Year: 2014  Week: 20
[3041350.376] (II) NOUVEAU(0): EDID Version: 1.3
[3041350.376] (II) NOUVEAU(0): Digital Display Input
[3041350.376] (II) NOUVEAU(0): Max Image Size [cm]: horiz.: 60  vert.: 34
[3041350.376] (II) NOUVEAU(0): Gamma: 2.20
[3041350.376] (II) NOUVEAU(0): DPMS capabilities: StandBy Suspend Off
[3041350.376] (II) NOUVEAU(0): Supported color encodings: RGB 4:4:4 YCrCb 4:4:4 
[3041350.376] (II) NOUVEAU(0): First detailed timing is preferred mode
[3041350.376] (II) NOUVEAU(0): redX: 0.645 redY: 0.336   greenX: 0.328 greenY: 0.615
[3041350.376] (II) NOUVEAU(0): blueX: 0.146 blueY: 0.055   whiteX: 0.313 whiteY: 0.329
[3041350.376] (II) NOUVEAU(0): Supported established timings:
[3041350.376] (II) NOUVEAU(0): 720x400@70Hz
[3041350.376] (II) NOUVEAU(0): 640x480@60Hz
[3041350.376] (II) NOUVEAU(0): 640x480@75Hz
[3041350.376] (II) NOUVEAU(0): 800x600@60Hz
[3041350.376] (II) NOUVEAU(0): 800x600@75Hz
[3041350.376] (II) NOUVEAU(0): 1024x768@60Hz
[3041350.376] (II) NOUVEAU(0): 1024x768@75Hz
[3041350.376] (II) NOUVEAU(0): 1280x1024@75Hz
[3041350.376] (II) NOUVEAU(0): Manufacturer's mask: 0
[3041350.376] (II) NOUVEAU(0): Supported standard timings:
[3041350.376] (II) NOUVEAU(0): #0: hsize: 1152  vsize 864  refresh: 75  vid: 20337
[3041350.376] (II) NOUVEAU(0): #1: hsize: 1280  vsize 1024  refresh: 60  vid: 32897
[3041350.376] (II) NOUVEAU(0): #2: hsize: 1600  vsize 900  refresh: 60  vid: 49321
[3041350.376] (II) NOUVEAU(0): #3: hsize: 1920  vsize 1080  refresh: 60  vid: 49361
[3041350.376] (II) NOUVEAU(0): Supported detailed timing:
[3041350.376] (II) NOUVEAU(0): clock: 148.5 MHz   Image Size:  598 x 336 mm
[3041350.376] (II) NOUVEAU(0): h_active: 1920  h_sync: 2008  h_sync_end 2052 h_blank_end 2200 h_border: 0
[3041350.376] (II) NOUVEAU(0): v_active: 1080  v_sync: 1084  v_sync_end 1089 v_blanking: 1125 v_border: 0
[3041350.376] (II) NOUVEAU(0): Serial No: NV2C445H0TCS
[3041350.376] (II) NOUVEAU(0): Monitor name: DELL P2714H
[3041350.376] (II) NOUVEAU(0): Ranges: V min: 56 V max: 76 Hz, H min: 30 H max: 83 kHz, PixClock max 175 MHz
[3041350.376] (II) NOUVEAU(0): EDID (in hex):
[3041350.376] (II) NOUVEAU(0): 	00ffffffffffff0010ac5fd053435430
[3041350.377] (II) NOUVEAU(0): 	14180103803c2278ea0245a556549d25
[3041350.377] (II) NOUVEAU(0): 	0e5054a54b00714f8180a9c0d1c00101
[3041350.377] (II) NOUVEAU(0): 	010101010101023a801871382d40582c
[3041350.377] (II) NOUVEAU(0): 	450056502100001e000000ff004e5632
[3041350.377] (II) NOUVEAU(0): 	4334343548305443530a000000fc0044
[3041350.377] (II) NOUVEAU(0): 	454c4c205032373134480a20000000fd
[3041350.377] (II) NOUVEAU(0): 	00384c1e5311000a2020202020200081
[3041350.377] (II) NOUVEAU(0): Printing probed modes for output DVI-I-1
[3041350.377] (II) NOUVEAU(0): Modeline "1920x1080"x60.0  148.50  1920 2008 2052 2200  1080 1084 1089 1125 +hsync +vsync (67.5 kHz eP)
[3041350.377] (II) NOUVEAU(0): Modeline "1600x900"x60.0  108.00  1600 1624 1704 1800  900 901 904 1000 +hsync +vsync (60.0 kHz e)
[3041350.377] (II) NOUVEAU(0): Modeline "1280x1024"x75.0  135.00  1280 1296 1440 1688  1024 1025 1028 1066 +hsync +vsync (80.0 kHz e)
[3041350.377] (II) NOUVEAU(0): Modeline "1280x1024"x60.0  108.00  1280 1328 1440 1688  1024 1025 1028 1066 +hsync +vsync (64.0 kHz e)
[3041350.377] (II) NOUVEAU(0): Modeline "1152x864"x75.0  108.00  1152 1216 1344 1600  864 865 868 900 +hsync +vsync (67.5 kHz e)
[3041350.377] (II) NOUVEAU(0): Modeline "1024x768"x75.0   78.75  1024 1040 1136 1312  768 769 772 800 +hsync +vsync (60.0 kHz e)
[3041350.377] (II) NOUVEAU(0): Modeline "1024x768"x60.0   65.00  1024 1048 1184 1344  768 771 777 806 -hsync -vsync (48.4 kHz e)
[3041350.377] (II) NOUVEAU(0): Modeline "800x600"x75.0   49.50  800 816 896 1056  600 601 604 625 +hsync +vsync (46.9 kHz e)
[3041350.377] (II) NOUVEAU(0): Modeline "800x600"x60.3   40.00  800 840 968 1056  600 601 605 628 +hsync +vsync (37.9 kHz e)
[3041350.377] (II) NOUVEAU(0): Modeline "640x480"x75.0   31.50  640 656 720 840  480 481 484 500 -hsync -vsync (37.5 kHz e)
[3041350.377] (II) NOUVEAU(0): Modeline "640x480"x59.9   25.18  640 656 752 800  480 490 492 525 -hsync -vsync (31.5 kHz e)
[3041350.377] (II) NOUVEAU(0): Modeline "720x400"x70.1   28.32  720 738 846 900  400 412 414 449 -hsync +vsync (31.5 kHz e)
[3041350.409] (II) NOUVEAU(0): EDID for output DP-1
[3041350.441] (II) NOUVEAU(0): EDID for output DP-2
[3041350.441] (II) NOUVEAU(0): Output DVI-I-1 connected
[3041350.441] (II) NOUVEAU(0): Output DP-1 disconnected
[3041350.441] (II) NOUVEAU(0): Output DP-2 disconnected
[3041350.441] (II) NOUVEAU(0): Using exact sizes for initial modes
[3041350.441] (II) NOUVEAU(0): Output DVI-I-1 using initial mode 1920x1080 +0+0
[3041350.441] (II) NOUVEAU(0): Using default gamma of (1.0, 1.0, 1.0) unless otherwise stated.
[3041350.441] (--) NOUVEAU(0): Virtual size is 1920x1080 (pitch 0)
[3041350.441] (**) NOUVEAU(0):  Driver mode "1920x1080": 148.5 MHz (scaled from 0.0 MHz), 67.5 kHz, 60.0 Hz
[3041350.441] (II) NOUVEAU(0): Modeline "1920x1080"x60.0  148.50  1920 2008 2052 2200  1080 1084 1089 1125 +hsync +vsync (67.5 kHz eP)
[3041350.441] (**) NOUVEAU(0):  Driver mode "1600x900": 108.0 MHz (scaled from 0.0 MHz), 60.0 kHz, 60.0 Hz
[3041350.441] (II) NOUVEAU(0): Modeline "1600x900"x60.0  108.00  1600 1624 1704 1800  900 901 904 1000 +hsync +vsync (60.0 kHz e)
[3041350.441] (**) NOUVEAU(0):  Driver mode "1280x1024": 135.0 MHz (scaled from 0.0 MHz), 80.0 kHz, 75.0 Hz
[3041350.441] (II) NOUVEAU(0): Modeline "1280x1024"x75.0  135.00  1280 1296 1440 1688  1024 1025 1028 1066 +hsync +vsync (80.0 kHz e)
[3041350.441] (**) NOUVEAU(0):  Driver mode "1280x1024": 108.0 MHz (scaled from 0.0 MHz), 64.0 kHz, 60.0 Hz
[3041350.441] (II) NOUVEAU(0): Modeline "1280x1024"x60.0  108.00  1280 1328 1440 1688  1024 1025 1028 1066 +hsync +vsync (64.0 kHz e)
[3041350.441] (**) NOUVEAU(0):  Driver mode "1152x864": 108.0 MHz (scaled from 0.0 MHz), 67.5 kHz, 75.0 Hz
[3041350.441] (II) NOUVEAU(0): Modeline "1152x864"x75.0  108.00  1152 1216 1344 1600  864 865 868 900 +hsync +vsync (67.5 kHz e)
[3041350.441] (**) NOUVEAU(0):  Driver mode "1024x768": 78.8 MHz (scaled from 0.0 MHz), 60.0 kHz, 75.0 Hz
[3041350.441] (II) NOUVEAU(0): Modeline "1024x768"x75.0   78.75  1024 1040 1136 1312  768 769 772 800 +hsync +vsync (60.0 kHz e)
[3041350.441] (**) NOUVEAU(0):  Driver mode "1024x768": 65.0 MHz (scaled from 0.0 MHz), 48.4 kHz, 60.0 Hz
[3041350.441] (II) NOUVEAU(0): Modeline "1024x768"x60.0   65.00  1024 1048 1184 1344  768 771 777 806 -hsync -vsync (48.4 kHz e)
[3041350.441] (**) NOUVEAU(0):  Driver mode "800x600": 49.5 MHz (scaled from 0.0 MHz), 46.9 kHz, 75.0 Hz
[3041350.441] (II) NOUVEAU(0): Modeline "800x600"x75.0   49.50  800 816 896 1056  600 601 604 625 +hsync +vsync (46.9 kHz e)
[3041350.441] (**) NOUVEAU(0):  Driver mode "800x600": 40.0 MHz (scaled from 0.0 MHz), 37.9 kHz, 60.3 Hz
[3041350.441] (II) NOUVEAU(0): Modeline "800x600"x60.3   40.00  800 840 968 1056  600 601 605 628 +hsync +vsync (37.9 kHz e)
[3041350.441] (**) NOUVEAU(0):  Driver mode "640x480": 31.5 MHz (scaled from 0.0 MHz), 37.5 kHz, 75.0 Hz
[3041350.441] (II) NOUVEAU(0): Modeline "640x480"x75.0   31.50  640 656 720 840  480 481 484 500 -hsync -vsync (37.5 kHz e)
[3041350.441] (**) NOUVEAU(0):  Driver mode "640x480": 25.2 MHz (scaled from 0.0 MHz), 31.5 kHz, 59.9 Hz
[3041350.441] (II) NOUVEAU(0): Modeline "640x480"x59.9   25.18  640 656 752 800  480 490 492 525 -hsync -vsync (31.5 kHz e)
[3041350.441] (**) NOUVEAU(0):  Driver mode "720x400": 28.3 MHz (scaled from 0.0 MHz), 31.5 kHz, 70.1 Hz
[3041350.441] (II) NOUVEAU(0): Modeline "720x400"x70.1   28.32  720 738 846 900  400 412 414 449 -hsync +vsync (31.5 kHz e)
[3041350.441] (==) NOUVEAU(0): DPI set to (96, 96)
[3041350.441] (II) Loading sub module "fb"
[3041350.441] (II) LoadModule: "fb"
[3041350.441] (II) Loading /usr/lib64/xorg/modules/libfb.so
[3041350.441] (II) Module fb: vendor="X.Org Foundation"
[3041350.441] 	compiled for 1.18.4, module version = 1.0.0
[3041350.441] 	ABI class: X.Org ANSI C Emulation, version 0.4
[3041350.441] (II) Loading sub module "shadowfb"
[3041350.441] (II) LoadModule: "shadowfb"
[3041350.441] (II) Loading /usr/lib64/xorg/modules/libshadowfb.so
[3041350.441] (II) Module shadowfb: vendor="X.Org Foundation"
[3041350.442] 	compiled for 1.18.4, module version = 1.0.0
[3041350.442] 	ABI class: X.Org ANSI C Emulation, version 0.4
[3041350.442] (II) UnloadModule: "modesetting"
[3041350.442] (II) Unloading modesetting
[3041350.442] (II) UnloadModule: "fbdev"
[3041350.442] (II) Unloading fbdev
[3041350.442] (II) UnloadSubModule: "fbdevhw"
[3041350.442] (II) Unloading fbdevhw
[3041350.442] (II) UnloadModule: "vesa"
[3041350.442] (II) Unloading vesa
[3041350.442] (--) Depth 24 pixmap format is 32 bpp
[3041350.464] (II) NOUVEAU(0): Channel setup complete.
[3041350.485] (II) NOUVEAU(0): [COPY] async initialised.
[3041350.485] (II) NOUVEAU(0): Hardware support for Present enabled
[3041350.495] (II) NOUVEAU(0): [DRI2] Setup complete
[3041350.495] (II) NOUVEAU(0): [DRI2]   DRI driver: nouveau
[3041350.495] (II) NOUVEAU(0): [DRI2]   VDPAU driver: nouveau
[3041350.495] (II) Loading sub module "exa"
[3041350.495] (II) LoadModule: "exa"
[3041350.495] (II) Loading /usr/lib64/xorg/modules/libexa.so
[3041350.495] (II) Module exa: vendor="X.Org Foundation"
[3041350.495] 	compiled for 1.18.4, module version = 2.6.0
[3041350.495] 	ABI class: X.Org Video Driver, version 20.0
[3041350.495] (II) EXA(0): Driver allocated offscreen pixmaps
[3041350.495] (II) EXA(0): Driver registered support for the following operations:
[3041350.495] (II)         Solid
[3041350.495] (II)         Copy
[3041350.495] (II)         Composite (RENDER acceleration)
[3041350.495] (II)         UploadToScreen
[3041350.495] (II)         DownloadFromScreen
[3041350.495] (==) NOUVEAU(0): Backing store enabled
[3041350.495] (==) NOUVEAU(0): Silken mouse enabled
[3041350.495] (II) NOUVEAU(0): [XvMC] Associated with Nouveau GeForce 8/9 Textured Video.
[3041350.495] (II) NOUVEAU(0): [XvMC] Extension initialized.
[3041350.495] (==) NOUVEAU(0): DPMS enabled
[3041350.495] (II) NOUVEAU(0): RandR 1.2 enabled, ignore the following RandR disabled message.
[3041350.496] (--) RandR disabled
[3041350.499] (II) SELinux: Disabled on system
[3041350.552] (II) AIGLX: enabled GLX_MESA_copy_sub_buffer
[3041350.552] (II) AIGLX: enabled GLX_ARB_create_context
[3041350.552] (II) AIGLX: enabled GLX_ARB_create_context_profile
[3041350.552] (II) AIGLX: enabled GLX_EXT_create_context_es{,2}_profile
[3041350.552] (II) AIGLX: enabled GLX_INTEL_swap_event
[3041350.552] (II) AIGLX: enabled GLX_SGI_swap_control and GLX_MESA_swap_control
[3041350.552] (II) AIGLX: enabled GLX_EXT_framebuffer_sRGB
[3041350.552] (II) AIGLX: enabled GLX_ARB_fbconfig_float
[3041350.552] (II) AIGLX: enabled GLX_EXT_fbconfig_packed_float
[3041350.552] (II) AIGLX: GLX_EXT_texture_from_pixmap backed by buffer objects
[3041350.553] (II) AIGLX: Loaded and initialized nouveau
[3041350.553] (II) GLX: Initialized DRI2 GL provider for screen 0
[3041350.556] (II) NOUVEAU(0): NVEnterVT is called.
[3041350.577] (II) NOUVEAU(0): Setting screen physical size to 508 x 285
[3041350.577] resize called 1920 1080
[3041350.715] (II) config/udev: Adding input device Power Button (/dev/input/event1)
[3041350.715] (**) Power Button: Applying InputClass "evdev keyboard catchall"
[3041350.715] (**) Power Button: Applying InputClass "libinput keyboard catchall"
[3041350.715] (**) Power Button: Applying InputClass "system-keyboard"
[3041350.715] (II) LoadModule: "libinput"
[3041350.715] (II) Loading /usr/lib64/xorg/modules/input/libinput_drv.so
[3041350.720] (II) Module libinput: vendor="X.Org Foundation"
[3041350.720] 	compiled for 1.18.3, module version = 0.19.0
[3041350.720] 	Module class: X.Org XInput Driver
[3041350.720] 	ABI class: X.Org XInput driver, version 22.1
[3041350.720] (II) systemd-logind: got fd for /dev/input/event1 13:65 fd 13 paused 0
[3041350.720] (II) Using input driver 'libinput' for 'Power Button'
[3041350.720] (**) Power Button: always reports core events
[3041350.720] (**) Option "Device" "/dev/input/event1"
[3041350.721] (**) Option "_source" "server/udev"
[3041350.721] (II) input device 'Power Button', /dev/input/event1 is tagged by udev as: Keyboard
[3041350.721] (II) input device 'Power Button', /dev/input/event1 is a keyboard
[3041350.721] (**) Option "config_info" "udev:/sys/devices/LNXSYSTM:00/LNXPWRBN:00/input/input1/event1"
[3041350.721] (II) XINPUT: Adding extended input device "Power Button" (type: KEYBOARD, id 6)
[3041350.721] (**) Option "xkb_layout" "us"
[3041350.721] (II) input device 'Power Button', /dev/input/event1 is tagged by udev as: Keyboard
[3041350.721] (II) input device 'Power Button', /dev/input/event1 is a keyboard
[3041350.722] (II) config/udev: Adding input device Power Button (/dev/input/event0)
[3041350.722] (**) Power Button: Applying InputClass "evdev keyboard catchall"
[3041350.722] (**) Power Button: Applying InputClass "libinput keyboard catchall"
[3041350.722] (**) Power Button: Applying InputClass "system-keyboard"
[3041350.722] (II) systemd-logind: got fd for /dev/input/event0 13:64 fd 16 paused 0
[3041350.722] (II) Using input driver 'libinput' for 'Power Button'
[3041350.722] (**) Power Button: always reports core events
[3041350.722] (**) Option "Device" "/dev/input/event0"
[3041350.722] (**) Option "_source" "server/udev"
[3041350.722] (II) input device 'Power Button', /dev/input/event0 is tagged by udev as: Keyboard
[3041350.722] (II) input device 'Power Button', /dev/input/event0 is a keyboard
[3041350.722] (**) Option "config_info" "udev:/sys/devices/LNXSYSTM:00/LNXSYBUS:00/PNP0C0C:00/input/input0/event0"
[3041350.722] (II) XINPUT: Adding extended input device "Power Button" (type: KEYBOARD, id 7)
[3041350.722] (**) Option "xkb_layout" "us"
[3041350.723] (II) input device 'Power Button', /dev/input/event0 is tagged by udev as: Keyboard
[3041350.723] (II) input device 'Power Button', /dev/input/event0 is a keyboard
[3041350.724] (II) config/udev: Adding input device HDA NVidia HDMI/DP,pcm=3 (/dev/input/event10)
[3041350.724] (II) No input driver specified, ignoring this device.
[3041350.724] (II) This device may have been added with another device file.
[3041350.724] (II) config/udev: Adding input device HDA NVidia HDMI/DP,pcm=7 (/dev/input/event11)
[3041350.724] (II) No input driver specified, ignoring this device.
[3041350.724] (II) This device may have been added with another device file.
[3041350.724] (II) config/udev: Adding input device HDA NVidia HDMI/DP,pcm=8 (/dev/input/event12)
[3041350.724] (II) No input driver specified, ignoring this device.
[3041350.724] (II) This device may have been added with another device file.
[3041350.724] (II) config/udev: Adding input device HDA NVidia HDMI/DP,pcm=9 (/dev/input/event13)
[3041350.725] (II) No input driver specified, ignoring this device.
[3041350.725] (II) This device may have been added with another device file.
[3041350.725] (II) config/udev: Adding input device HDA Intel PCH Line (/dev/input/event7)
[3041350.725] (II) No input driver specified, ignoring this device.
[3041350.725] (II) This device may have been added with another device file.
[3041350.725] (II) config/udev: Adding input device HDA Intel PCH Line Out (/dev/input/event8)
[3041350.725] (II) No input driver specified, ignoring this device.
[3041350.725] (II) This device may have been added with another device file.
[3041350.725] (II) config/udev: Adding input device HDA Intel PCH Front Headphone (/dev/input/event9)
[3041350.725] (II) No input driver specified, ignoring this device.
[3041350.725] (II) This device may have been added with another device file.
[3041350.726] (II) config/udev: Adding input device HDA Intel PCH Front Mic (/dev/input/event5)
[3041350.726] (II) No input driver specified, ignoring this device.
[3041350.726] (II) This device may have been added with another device file.
[3041350.726] (II) config/udev: Adding input device HDA Intel PCH Rear Mic (/dev/input/event6)
[3041350.726] (II) No input driver specified, ignoring this device.
[3041350.726] (II) This device may have been added with another device file.
[3041350.727] (II) config/udev: Adding input device Logitech USB Optical Mouse (/dev/input/event2)
[3041350.727] (**) Logitech USB Optical Mouse: Applying InputClass "evdev pointer catchall"
[3041350.727] (**) Logitech USB Optical Mouse: Applying InputClass "libinput pointer catchall"
[3041350.727] (II) systemd-logind: got fd for /dev/input/event2 13:66 fd 17 paused 0
[3041350.727] (II) Using input driver 'libinput' for 'Logitech USB Optical Mouse'
[3041350.727] (**) Logitech USB Optical Mouse: always reports core events
[3041350.727] (**) Option "Device" "/dev/input/event2"
[3041350.727] (**) Option "_source" "server/udev"
[3041350.728] (II) input device 'Logitech USB Optical Mouse', /dev/input/event2 is tagged by udev as: Mouse
[3041350.728] (II) input device 'Logitech USB Optical Mouse', /dev/input/event2 is a pointer caps
[3041350.728] (**) Option "config_info" "udev:/sys/devices/pci0000:00/0000:00:1d.0/usb2/2-1/2-1.1/2-1.1:1.0/0003:046D:C077.0003/input/input17/event2"
[3041350.728] (II) XINPUT: Adding extended input device "Logitech USB Optical Mouse" (type: MOUSE, id 8)
[3041350.728] (**) Option "AccelerationScheme" "none"
[3041350.728] (**) Logitech USB Optical Mouse: (accel) selected scheme none/0
[3041350.728] (**) Logitech USB Optical Mouse: (accel) acceleration factor: 2.000
[3041350.728] (**) Logitech USB Optical Mouse: (accel) acceleration threshold: 4
[3041350.728] (II) input device 'Logitech USB Optical Mouse', /dev/input/event2 is tagged by udev as: Mouse
[3041350.728] (II) input device 'Logitech USB Optical Mouse', /dev/input/event2 is a pointer caps
[3041350.729] (II) config/udev: Adding input device Logitech USB Optical Mouse (/dev/input/mouse0)
[3041350.729] (II) No input driver specified, ignoring this device.
[3041350.729] (II) This device may have been added with another device file.
[3041350.729] (II) config/udev: Adding input device Lite-On Technology Corp. HP Basic USB Keyboard (/dev/input/event3)
[3041350.729] (**) Lite-On Technology Corp. HP Basic USB Keyboard: Applying InputClass "evdev keyboard catchall"
[3041350.729] (**) Lite-On Technology Corp. HP Basic USB Keyboard: Applying InputClass "libinput keyboard catchall"
[3041350.729] (**) Lite-On Technology Corp. HP Basic USB Keyboard: Applying InputClass "system-keyboard"
[3041350.730] (II) systemd-logind: got fd for /dev/input/event3 13:67 fd 18 paused 0
[3041350.730] (II) Using input driver 'libinput' for 'Lite-On Technology Corp. HP Basic USB Keyboard'
[3041350.730] (**) Lite-On Technology Corp. HP Basic USB Keyboard: always reports core events
[3041350.730] (**) Option "Device" "/dev/input/event3"
[3041350.730] (**) Option "_source" "server/udev"
[3041350.730] (II) input device 'Lite-On Technology Corp. HP Basic USB Keyboard', /dev/input/event3 is tagged by udev as: Keyboard
[3041350.730] (II) input device 'Lite-On Technology Corp. HP Basic USB Keyboard', /dev/input/event3 is a keyboard
[3041350.730] (**) Option "config_info" "udev:/sys/devices/pci0000:00/0000:00:1d.0/usb2/2-1/2-1.3/2-1.3:1.0/0003:03F0:0324.0006/input/input20/event3"
[3041350.730] (II) XINPUT: Adding extended input device "Lite-On Technology Corp. HP Basic USB Keyboard" (type: KEYBOARD, id 9)
[3041350.730] (**) Option "xkb_layout" "us"
[3041350.731] (II) input device 'Lite-On Technology Corp. HP Basic USB Keyboard', /dev/input/event3 is tagged by udev as: Keyboard
[3041350.731] (II) input device 'Lite-On Technology Corp. HP Basic USB Keyboard', /dev/input/event3 is a keyboard
[3041350.733] (II) config/udev: Adding input device HP WMI hotkeys (/dev/input/event4)
[3041350.733] (**) HP WMI hotkeys: Applying InputClass "evdev keyboard catchall"
[3041350.733] (**) HP WMI hotkeys: Applying InputClass "libinput keyboard catchall"
[3041350.733] (**) HP WMI hotkeys: Applying InputClass "system-keyboard"
[3041350.733] (II) systemd-logind: got fd for /dev/input/event4 13:68 fd 19 paused 0
[3041350.733] (II) Using input driver 'libinput' for 'HP WMI hotkeys'
[3041350.733] (**) HP WMI hotkeys: always reports core events
[3041350.733] (**) Option "Device" "/dev/input/event4"
[3041350.733] (**) Option "_source" "server/udev"
[3041350.734] (II) input device 'HP WMI hotkeys', /dev/input/event4 is tagged by udev as: Keyboard
[3041350.734] (II) input device 'HP WMI hotkeys', /dev/input/event4 is a keyboard
[3041350.734] (**) Option "config_info" "udev:/sys/devices/virtual/input/input7/event4"
[3041350.734] (II) XINPUT: Adding extended input device "HP WMI hotkeys" (type: KEYBOARD, id 10)
[3041350.734] (**) Option "xkb_layout" "us"
[3041350.734] (II) input device 'HP WMI hotkeys', /dev/input/event4 is tagged by udev as: Keyboard
[3041350.734] (II) input device 'HP WMI hotkeys', /dev/input/event4 is a keyboard
[3041351.771] (II) NOUVEAU(0): EDID vendor "DEL", prod id 53343
[3041351.771] (II) NOUVEAU(0): Using EDID range info for horizontal sync
[3041351.771] (II) NOUVEAU(0): Using EDID range info for vertical refresh
[3041351.771] (II) NOUVEAU(0): Printing DDC gathered Modelines:
[3041351.771] (II) NOUVEAU(0): Modeline "1920x1080"x0.0  148.50  1920 2008 2052 2200  1080 1084 1089 1125 +hsync +vsync (67.5 kHz eP)
[3041351.771] (II) NOUVEAU(0): Modeline "800x600"x0.0   40.00  800 840 968 1056  600 601 605 628 +hsync +vsync (37.9 kHz e)
[3041351.771] (II) NOUVEAU(0): Modeline "640x480"x0.0   31.50  640 656 720 840  480 481 484 500 -hsync -vsync (37.5 kHz e)
[3041351.771] (II) NOUVEAU(0): Modeline "640x480"x0.0   25.18  640 656 752 800  480 490 492 525 -hsync -vsync (31.5 kHz e)
[3041351.771] (II) NOUVEAU(0): Modeline "720x400"x0.0   28.32  720 738 846 900  400 412 414 449 -hsync +vsync (31.5 kHz e)
[3041351.771] (II) NOUVEAU(0): Modeline "1280x1024"x0.0  135.00  1280 1296 1440 1688  1024 1025 1028 1066 +hsync +vsync (80.0 kHz e)
[3041351.771] (II) NOUVEAU(0): Modeline "1024x768"x0.0   78.75  1024 1040 1136 1312  768 769 772 800 +hsync +vsync (60.0 kHz e)
[3041351.771] (II) NOUVEAU(0): Modeline "1024x768"x0.0   65.00  1024 1048 1184 1344  768 771 777 806 -hsync -vsync (48.4 kHz e)
[3041351.771] (II) NOUVEAU(0): Modeline "800x600"x0.0   49.50  800 816 896 1056  600 601 604 625 +hsync +vsync (46.9 kHz e)
[3041351.771] (II) NOUVEAU(0): Modeline "1152x864"x0.0  108.00  1152 1216 1344 1600  864 865 868 900 +hsync +vsync (67.5 kHz e)
[3041351.771] (II) NOUVEAU(0): Modeline "1280x1024"x0.0  108.00  1280 1328 1440 1688  1024 1025 1028 1066 +hsync +vsync (64.0 kHz e)
[3041351.771] (II) NOUVEAU(0): Modeline "1600x900"x60.0  119.00  1600 1696 1864 2128  900 901 904 932 -hsync +vsync (55.9 kHz e)
[3041351.771] (II) NOUVEAU(0): Modeline "1920x1080"x60.0  172.80  1920 2040 2248 2576  1080 1081 1084 1118 -hsync +vsync (67.1 kHz e)
[3041352.041] resize called 1920 1080
[3041355.685] (II) NOUVEAU(0): EDID vendor "DEL", prod id 53343
[3041355.685] (II) NOUVEAU(0): Using hsync ranges from config file
[3041355.685] (II) NOUVEAU(0): Using vrefresh ranges from config file
[3041355.685] (II) NOUVEAU(0): Printing DDC gathered Modelines:
[3041355.685] (II) NOUVEAU(0): Modeline "1920x1080"x0.0  148.50  1920 2008 2052 2200  1080 1084 1089 1125 +hsync +vsync (67.5 kHz eP)
[3041355.685] (II) NOUVEAU(0): Modeline "800x600"x0.0   40.00  800 840 968 1056  600 601 605 628 +hsync +vsync (37.9 kHz e)
[3041355.685] (II) NOUVEAU(0): Modeline "640x480"x0.0   31.50  640 656 720 840  480 481 484 500 -hsync -vsync (37.5 kHz e)
[3041355.685] (II) NOUVEAU(0): Modeline "640x480"x0.0   25.18  640 656 752 800  480 490 492 525 -hsync -vsync (31.5 kHz e)
[3041355.685] (II) NOUVEAU(0): Modeline "720x400"x0.0   28.32  720 738 846 900  400 412 414 449 -hsync +vsync (31.5 kHz e)
[3041355.685] (II) NOUVEAU(0): Modeline "1280x1024"x0.0  135.00  1280 1296 1440 1688  1024 1025 1028 1066 +hsync +vsync (80.0 kHz e)
[3041355.685] (II) NOUVEAU(0): Modeline "1024x768"x0.0   78.75  1024 1040 1136 1312  768 769 772 800 +hsync +vsync (60.0 kHz e)
[3041355.685] (II) NOUVEAU(0): Modeline "1024x768"x0.0   65.00  1024 1048 1184 1344  768 771 777 806 -hsync -vsync (48.4 kHz e)
[3041355.685] (II) NOUVEAU(0): Modeline "800x600"x0.0   49.50  800 816 896 1056  600 601 604 625 +hsync +vsync (46.9 kHz e)
[3041355.685] (II) NOUVEAU(0): Modeline "1152x864"x0.0  108.00  1152 1216 1344 1600  864 865 868 900 +hsync +vsync (67.5 kHz e)
[3041355.685] (II) NOUVEAU(0): Modeline "1280x1024"x0.0  108.00  1280 1328 1440 1688  1024 1025 1028 1066 +hsync +vsync (64.0 kHz e)
[3041355.685] (II) NOUVEAU(0): Modeline "1600x900"x60.0  119.00  1600 1696 1864 2128  900 901 904 932 -hsync +vsync (55.9 kHz e)
[3041355.685] (II) NOUVEAU(0): Modeline "1920x1080"x60.0  172.80  1920 2040 2248 2576  1080 1081 1084 1118 -hsync +vsync (67.1 kHz e)
[3041356.745] (II) NOUVEAU(0): EDID vendor "DEL", prod id 53343
[3041356.745] (II) NOUVEAU(0): Using hsync ranges from config file
[3041356.745] (II) NOUVEAU(0): Using vrefresh ranges from config file
[3041356.745] (II) NOUVEAU(0): Printing DDC gathered Modelines:
[3041356.745] (II) NOUVEAU(0): Modeline "1920x1080"x0.0  148.50  1920 2008 2052 2200  1080 1084 1089 1125 +hsync +vsync (67.5 kHz eP)
[3041356.745] (II) NOUVEAU(0): Modeline "800x600"x0.0   40.00  800 840 968 1056  600 601 605 628 +hsync +vsync (37.9 kHz e)
[3041356.745] (II) NOUVEAU(0): Modeline "640x480"x0.0   31.50  640 656 720 840  480 481 484 500 -hsync -vsync (37.5 kHz e)
[3041356.745] (II) NOUVEAU(0): Modeline "640x480"x0.0   25.18  640 656 752 800  480 490 492 525 -hsync -vsync (31.5 kHz e)
[3041356.745] (II) NOUVEAU(0): Modeline "720x400"x0.0   28.32  720 738 846 900  400 412 414 449 -hsync +vsync (31.5 kHz e)
[3041356.745] (II) NOUVEAU(0): Modeline "1280x1024"x0.0  135.00  1280 1296 1440 1688  1024 1025 1028 1066 +hsync +vsync (80.0 kHz e)
[3041356.745] (II) NOUVEAU(0): Modeline "1024x768"x0.0   78.75  1024 1040 1136 1312  768 769 772 800 +hsync +vsync (60.0 kHz e)
[3041356.745] (II) NOUVEAU(0): Modeline "1024x768"x0.0   65.00  1024 1048 1184 1344  768 771 777 806 -hsync -vsync (48.4 kHz e)
[3041356.745] (II) NOUVEAU(0): Modeline "800x600"x0.0   49.50  800 816 896 1056  600 601 604 625 +hsync +vsync (46.9 kHz e)
[3041356.745] (II) NOUVEAU(0): Modeline "1152x864"x0.0  108.00  1152 1216 1344 1600  864 865 868 900 +hsync +vsync (67.5 kHz e)
[3041356.745] (II) NOUVEAU(0): Modeline "1280x1024"x0.0  108.00  1280 1328 1440 1688  1024 1025 1028 1066 +hsync +vsync (64.0 kHz e)
[3041356.745] (II) NOUVEAU(0): Modeline "1600x900"x60.0  119.00  1600 1696 1864 2128  900 901 904 932 -hsync +vsync (55.9 kHz e)
[3041356.745] (II) NOUVEAU(0): Modeline "1920x1080"x60.0  172.80  1920 2040 2248 2576  1080 1081 1084 1118 -hsync +vsync (67.1 kHz e)
[3041356.864] (II) NOUVEAU(0): EDID vendor "DEL", prod id 53343
[3041356.864] (II) NOUVEAU(0): Using hsync ranges from config file
[3041356.864] (II) NOUVEAU(0): Using vrefresh ranges from config file
[3041356.864] (II) NOUVEAU(0): Printing DDC gathered Modelines:
[3041356.864] (II) NOUVEAU(0): Modeline "1920x1080"x0.0  148.50  1920 2008 2052 2200  1080 1084 1089 1125 +hsync +vsync (67.5 kHz eP)
[3041356.864] (II) NOUVEAU(0): Modeline "800x600"x0.0   40.00  800 840 968 1056  600 601 605 628 +hsync +vsync (37.9 kHz e)
[3041356.864] (II) NOUVEAU(0): Modeline "640x480"x0.0   31.50  640 656 720 840  480 481 484 500 -hsync -vsync (37.5 kHz e)
[3041356.864] (II) NOUVEAU(0): Modeline "640x480"x0.0   25.18  640 656 752 800  480 490 492 525 -hsync -vsync (31.5 kHz e)
[3041356.864] (II) NOUVEAU(0): Modeline "720x400"x0.0   28.32  720 738 846 900  400 412 414 449 -hsync +vsync (31.5 kHz e)
[3041356.864] (II) NOUVEAU(0): Modeline "1280x1024"x0.0  135.00  1280 1296 1440 1688  1024 1025 1028 1066 +hsync +vsync (80.0 kHz e)
[3041356.865] (II) NOUVEAU(0): Modeline "1024x768"x0.0   78.75  1024 1040 1136 1312  768 769 772 800 +hsync +vsync (60.0 kHz e)
[3041356.865] (II) NOUVEAU(0): Modeline "1024x768"x0.0   65.00  1024 1048 1184 1344  768 771 777 806 -hsync -vsync (48.4 kHz e)
[3041356.865] (II) NOUVEAU(0): Modeline "800x600"x0.0   49.50  800 816 896 1056  600 601 604 625 +hsync +vsync (46.9 kHz e)
[3041356.865] (II) NOUVEAU(0): Modeline "1152x864"x0.0  108.00  1152 1216 1344 1600  864 865 868 900 +hsync +vsync (67.5 kHz e)
[3041356.865] (II) NOUVEAU(0): Modeline "1280x1024"x0.0  108.00  1280 1328 1440 1688  1024 1025 1028 1066 +hsync +vsync (64.0 kHz e)
[3041356.865] (II) NOUVEAU(0): Modeline "1600x900"x60.0  119.00  1600 1696 1864 2128  900 901 904 932 -hsync +vsync (55.9 kHz e)
[3041356.865] (II) NOUVEAU(0): Modeline "1920x1080"x60.0  172.80  1920 2040 2248 2576  1080 1081 1084 1118 -hsync +vsync (67.1 kHz e)
[3055100.172] (**) Option "fd" "13"
[3055100.172] (**) Option "fd" "16"
[3055100.172] (**) Option "fd" "17"
[3055100.172] (**) Option "fd" "18"
[3055100.172] (**) Option "fd" "19"
[3055100.173] (II) UnloadModule: "libinput"
[3055100.173] (II) systemd-logind: releasing fd for 13:68
[3055100.192] (II) UnloadModule: "libinput"
[3055100.193] (II) systemd-logind: releasing fd for 13:67
[3055100.254] (II) UnloadModule: "libinput"
[3055100.254] (II) systemd-logind: releasing fd for 13:66
[3055100.338] (II) UnloadModule: "libinput"
[3055100.338] (II) systemd-logind: releasing fd for 13:64
[3055100.357] (II) UnloadModule: "libinput"
[3055100.357] (II) systemd-logind: releasing fd for 13:65
[3055100.420] (II) NOUVEAU(0): NVLeaveVT is called.
[3055100.550] (II) Server terminated successfully (0). Closing log file.
