[ 81463.647] (--) Log file renamed from "/home/users/heilma1/.local/share/xorg/Xorg.pid-8784.log" to "/home/users/heilma1/.local/share/xorg/Xorg.0.log"
[ 81463.648] 
X.Org X Server 1.18.4
Release Date: 2016-07-19
[ 81463.648] X Protocol Version 11, Revision 0
[ 81463.648] Build Operating System:  4.6.4-301.fc24.x86_64 
[ 81463.648] Current Operating System: Linux rns203-10.cs.stolaf.edu 4.7.6-200.fc24.x86_64 #1 SMP Mon Oct 3 20:10:24 UTC 2016 x86_64
[ 81463.648] Kernel command line: placeholder root=UUID=62c43dc8-5831-429b-87e2-8473a0e79540 ro rhgb quiet
[ 81463.648] Build Date: 25 August 2016  05:27:31PM
[ 81463.648] Build ID: xorg-x11-server 1.18.4-4.fc24 
[ 81463.648] Current version of pixman: 0.34.0
[ 81463.648] 	Before reporting problems, check http://wiki.x.org
	to make sure that you have the latest version.
[ 81463.648] Markers: (--) probed, (**) from config file, (==) default setting,
	(++) from command line, (!!) notice, (II) informational,
	(WW) warning, (EE) error, (NI) not implemented, (??) unknown.
[ 81463.648] (==) Log file: "/home/users/heilma1/.local/share/xorg/Xorg.0.log", Time: Tue Feb  7 13:01:08 2017
[ 81463.649] (==) Using config directory: "/etc/X11/xorg.conf.d"
[ 81463.649] (==) Using system config directory "/usr/share/X11/xorg.conf.d"
[ 81463.649] (==) No Layout section.  Using the first Screen section.
[ 81463.649] (==) No screen section available. Using defaults.
[ 81463.649] (**) |-->Screen "Default Screen Section" (0)
[ 81463.649] (**) |   |-->Monitor "<default monitor>"
[ 81463.649] (==) No monitor specified for screen "Default Screen Section".
	Using a default monitor configuration.
[ 81463.649] (==) Automatically adding devices
[ 81463.649] (==) Automatically enabling devices
[ 81463.649] (==) Automatically adding GPU devices
[ 81463.649] (==) Max clients allowed: 256, resource mask: 0x1fffff
[ 81463.649] (==) FontPath set to:
	catalogue:/etc/X11/fontpath.d,
	built-ins
[ 81463.649] (==) ModulePath set to "/usr/lib64/xorg/modules"
[ 81463.649] (II) The server relies on udev to provide the list of input devices.
	If no devices become available, reconfigure udev or disable AutoAddDevices.
[ 81463.649] (II) Loader magic: 0x824dc0
[ 81463.649] (II) Module ABI versions:
[ 81463.649] 	X.Org ANSI C Emulation: 0.4
[ 81463.649] 	X.Org Video Driver: 20.0
[ 81463.649] 	X.Org XInput driver : 22.1
[ 81463.649] 	X.Org Server Extension : 9.0
[ 81463.650] (++) using VT number 2

[ 81463.655] (II) systemd-logind: took control of session /org/freedesktop/login1/session/_319
[ 81463.656] (II) xfree86: Adding drm device (/dev/dri/card0)
[ 81463.656] (II) systemd-logind: got fd for /dev/dri/card0 226:0 fd 9 paused 0
[ 81463.662] (--) PCI:*(0:6:0:0) 10de:0dd8:103c:084a rev 161, Mem @ 0xcc000000/33554432, 0xe0000000/134217728, 0xe8000000/67108864, I/O @ 0x0000b000/128, BIOS @ 0x????????/65536
[ 81463.662] (II) LoadModule: "glx"
[ 81463.662] (II) Loading /usr/lib64/xorg/modules/extensions/libglx.so
[ 81463.666] (II) Module glx: vendor="X.Org Foundation"
[ 81463.666] 	compiled for 1.18.4, module version = 1.0.0
[ 81463.666] 	ABI class: X.Org Server Extension, version 9.0
[ 81463.666] (==) AIGLX enabled
[ 81463.666] (==) Matched nouveau as autoconfigured driver 0
[ 81463.666] (==) Matched nv as autoconfigured driver 1
[ 81463.666] (==) Matched nouveau as autoconfigured driver 2
[ 81463.666] (==) Matched nv as autoconfigured driver 3
[ 81463.666] (==) Matched modesetting as autoconfigured driver 4
[ 81463.666] (==) Matched fbdev as autoconfigured driver 5
[ 81463.666] (==) Matched vesa as autoconfigured driver 6
[ 81463.666] (==) Assigned the driver to the xf86ConfigLayout
[ 81463.666] (II) LoadModule: "nouveau"
[ 81463.666] (II) Loading /usr/lib64/xorg/modules/drivers/nouveau_drv.so
[ 81463.667] (II) Module nouveau: vendor="X.Org Foundation"
[ 81463.667] 	compiled for 1.18.3, module version = 1.0.12
[ 81463.667] 	Module class: X.Org Video Driver
[ 81463.667] 	ABI class: X.Org Video Driver, version 20.0
[ 81463.667] (II) LoadModule: "nv"
[ 81463.667] (WW) Warning, couldn't open module nv
[ 81463.667] (II) UnloadModule: "nv"
[ 81463.667] (II) Unloading nv
[ 81463.667] (EE) Failed to load module "nv" (module does not exist, 0)
[ 81463.667] (II) LoadModule: "modesetting"
[ 81463.667] (II) Loading /usr/lib64/xorg/modules/drivers/modesetting_drv.so
[ 81463.667] (II) Module modesetting: vendor="X.Org Foundation"
[ 81463.667] 	compiled for 1.18.4, module version = 1.18.4
[ 81463.667] 	Module class: X.Org Video Driver
[ 81463.667] 	ABI class: X.Org Video Driver, version 20.0
[ 81463.667] (II) LoadModule: "fbdev"
[ 81463.668] (II) Loading /usr/lib64/xorg/modules/drivers/fbdev_drv.so
[ 81463.668] (II) Module fbdev: vendor="X.Org Foundation"
[ 81463.668] 	compiled for 1.18.0, module version = 0.4.3
[ 81463.668] 	Module class: X.Org Video Driver
[ 81463.668] 	ABI class: X.Org Video Driver, version 20.0
[ 81463.668] (II) LoadModule: "vesa"
[ 81463.668] (II) Loading /usr/lib64/xorg/modules/drivers/vesa_drv.so
[ 81463.668] (II) Module vesa: vendor="X.Org Foundation"
[ 81463.668] 	compiled for 1.18.0, module version = 2.3.2
[ 81463.668] 	Module class: X.Org Video Driver
[ 81463.668] 	ABI class: X.Org Video Driver, version 20.0
[ 81463.668] (II) NOUVEAU driver 
[ 81463.668] (II) NOUVEAU driver for NVIDIA chipset families :
[ 81463.668] 	RIVA TNT        (NV04)
[ 81463.668] 	RIVA TNT2       (NV05)
[ 81463.668] 	GeForce 256     (NV10)
[ 81463.668] 	GeForce 2       (NV11, NV15)
[ 81463.668] 	GeForce 4MX     (NV17, NV18)
[ 81463.668] 	GeForce 3       (NV20)
[ 81463.668] 	GeForce 4Ti     (NV25, NV28)
[ 81463.668] 	GeForce FX      (NV3x)
[ 81463.669] 	GeForce 6       (NV4x)
[ 81463.669] 	GeForce 7       (G7x)
[ 81463.669] 	GeForce 8       (G8x)
[ 81463.669] 	GeForce GTX 200 (NVA0)
[ 81463.669] 	GeForce GTX 400 (NVC0)
[ 81463.669] (II) modesetting: Driver for Modesetting Kernel Drivers: kms
[ 81463.669] (II) FBDEV: driver for framebuffer: fbdev
[ 81463.669] (II) VESA: driver for VESA chipsets: vesa
[ 81463.669] xf86EnableIOPorts: failed to set IOPL for I/O (Operation not permitted)
[ 81463.669] (II) [drm] nouveau interface version: 1.3.1
[ 81463.669] (WW) Falling back to old probe method for modesetting
[ 81463.669] (WW) Falling back to old probe method for fbdev
[ 81463.669] (II) Loading sub module "fbdevhw"
[ 81463.669] (II) LoadModule: "fbdevhw"
[ 81463.669] (II) Loading /usr/lib64/xorg/modules/libfbdevhw.so
[ 81463.669] (II) Module fbdevhw: vendor="X.Org Foundation"
[ 81463.669] 	compiled for 1.18.4, module version = 0.0.2
[ 81463.669] 	ABI class: X.Org Video Driver, version 20.0
[ 81463.669] (EE) open /dev/fb0: Permission denied
[ 81463.669] (WW) Falling back to old probe method for vesa
[ 81463.669] (WW) VGA arbiter: cannot open kernel arbiter, no multi-card support
[ 81463.669] (II) Loading sub module "dri2"
[ 81463.669] (II) LoadModule: "dri2"
[ 81463.669] (II) Module "dri2" already built-in
[ 81463.669] (--) NOUVEAU(0): Chipset: "NVIDIA NVC3"
[ 81463.669] (II) NOUVEAU(0): Creating default Display subsection in Screen section
	"Default Screen Section" for depth/fbbpp 24/32
[ 81463.669] (==) NOUVEAU(0): Depth 24, (--) framebuffer bpp 32
[ 81463.669] (==) NOUVEAU(0): RGB weight 888
[ 81463.669] (==) NOUVEAU(0): Default visual is TrueColor
[ 81463.669] (==) NOUVEAU(0): Using HW cursor
[ 81463.669] (==) NOUVEAU(0): Allowed maximum DRI level 2.
[ 81463.670] (==) NOUVEAU(0): GLX sync to VBlank enabled.
[ 81463.670] (==) NOUVEAU(0): Page flipping enabled
[ 81463.670] (==) NOUVEAU(0): Swap limit set to 1 [Max allowed 2]
[ 81463.670] (==) NOUVEAU(0): Page flipping synced to vblank by kernel.
[ 81463.670] (II) NOUVEAU(0): Initializing outputs ...
[ 81463.698] (II) NOUVEAU(0): Output DVI-I-1 has no monitor section
[ 81463.730] (II) NOUVEAU(0): Output DP-1 has no monitor section
[ 81463.762] (II) NOUVEAU(0): Output DP-2 has no monitor section
[ 81463.762] (II) NOUVEAU(0): 3 crtcs needed for screen.
[ 81463.764] (II) NOUVEAU(0): Allocated crtc nr. 0 to this screen.
[ 81463.764] (II) NOUVEAU(0): Allocated crtc nr. 1 to this screen.
[ 81463.792] (II) NOUVEAU(0): EDID for output DVI-I-1
[ 81463.792] (II) NOUVEAU(0): Manufacturer: DEL  Model: d05f  Serial#: 809974099
[ 81463.792] (II) NOUVEAU(0): Year: 2014  Week: 20
[ 81463.792] (II) NOUVEAU(0): EDID Version: 1.3
[ 81463.792] (II) NOUVEAU(0): Digital Display Input
[ 81463.792] (II) NOUVEAU(0): Max Image Size [cm]: horiz.: 60  vert.: 34
[ 81463.792] (II) NOUVEAU(0): Gamma: 2.20
[ 81463.792] (II) NOUVEAU(0): DPMS capabilities: StandBy Suspend Off
[ 81463.792] (II) NOUVEAU(0): Supported color encodings: RGB 4:4:4 YCrCb 4:4:4 
[ 81463.792] (II) NOUVEAU(0): First detailed timing is preferred mode
[ 81463.792] (II) NOUVEAU(0): redX: 0.645 redY: 0.336   greenX: 0.328 greenY: 0.615
[ 81463.792] (II) NOUVEAU(0): blueX: 0.146 blueY: 0.055   whiteX: 0.313 whiteY: 0.329
[ 81463.792] (II) NOUVEAU(0): Supported established timings:
[ 81463.792] (II) NOUVEAU(0): 720x400@70Hz
[ 81463.792] (II) NOUVEAU(0): 640x480@60Hz
[ 81463.792] (II) NOUVEAU(0): 640x480@75Hz
[ 81463.792] (II) NOUVEAU(0): 800x600@60Hz
[ 81463.792] (II) NOUVEAU(0): 800x600@75Hz
[ 81463.792] (II) NOUVEAU(0): 1024x768@60Hz
[ 81463.792] (II) NOUVEAU(0): 1024x768@75Hz
[ 81463.792] (II) NOUVEAU(0): 1280x1024@75Hz
[ 81463.792] (II) NOUVEAU(0): Manufacturer's mask: 0
[ 81463.792] (II) NOUVEAU(0): Supported standard timings:
[ 81463.792] (II) NOUVEAU(0): #0: hsize: 1152  vsize 864  refresh: 75  vid: 20337
[ 81463.792] (II) NOUVEAU(0): #1: hsize: 1280  vsize 1024  refresh: 60  vid: 32897
[ 81463.792] (II) NOUVEAU(0): #2: hsize: 1600  vsize 900  refresh: 60  vid: 49321
[ 81463.792] (II) NOUVEAU(0): #3: hsize: 1920  vsize 1080  refresh: 60  vid: 49361
[ 81463.792] (II) NOUVEAU(0): Supported detailed timing:
[ 81463.792] (II) NOUVEAU(0): clock: 148.5 MHz   Image Size:  598 x 336 mm
[ 81463.792] (II) NOUVEAU(0): h_active: 1920  h_sync: 2008  h_sync_end 2052 h_blank_end 2200 h_border: 0
[ 81463.792] (II) NOUVEAU(0): v_active: 1080  v_sync: 1084  v_sync_end 1089 v_blanking: 1125 v_border: 0
[ 81463.793] (II) NOUVEAU(0): Serial No: NV2C445H0G9S
[ 81463.793] (II) NOUVEAU(0): Monitor name: DELL P2714H
[ 81463.793] (II) NOUVEAU(0): Ranges: V min: 56 V max: 76 Hz, H min: 30 H max: 83 kHz, PixClock max 175 MHz
[ 81463.793] (II) NOUVEAU(0): EDID (in hex):
[ 81463.793] (II) NOUVEAU(0): 	00ffffffffffff0010ac5fd053394730
[ 81463.793] (II) NOUVEAU(0): 	14180103803c2278ea0245a556549d25
[ 81463.793] (II) NOUVEAU(0): 	0e5054a54b00714f8180a9c0d1c00101
[ 81463.793] (II) NOUVEAU(0): 	010101010101023a801871382d40582c
[ 81463.793] (II) NOUVEAU(0): 	450056502100001e000000ff004e5632
[ 81463.793] (II) NOUVEAU(0): 	4334343548304739530a000000fc0044
[ 81463.793] (II) NOUVEAU(0): 	454c4c205032373134480a20000000fd
[ 81463.793] (II) NOUVEAU(0): 	00384c1e5311000a20202020202000af
[ 81463.793] (II) NOUVEAU(0): Printing probed modes for output DVI-I-1
[ 81463.793] (II) NOUVEAU(0): Modeline "1920x1080"x60.0  148.50  1920 2008 2052 2200  1080 1084 1089 1125 +hsync +vsync (67.5 kHz eP)
[ 81463.793] (II) NOUVEAU(0): Modeline "1600x900"x60.0  108.00  1600 1624 1704 1800  900 901 904 1000 +hsync +vsync (60.0 kHz e)
[ 81463.793] (II) NOUVEAU(0): Modeline "1280x1024"x75.0  135.00  1280 1296 1440 1688  1024 1025 1028 1066 +hsync +vsync (80.0 kHz e)
[ 81463.793] (II) NOUVEAU(0): Modeline "1280x1024"x60.0  108.00  1280 1328 1440 1688  1024 1025 1028 1066 +hsync +vsync (64.0 kHz e)
[ 81463.793] (II) NOUVEAU(0): Modeline "1152x864"x75.0  108.00  1152 1216 1344 1600  864 865 868 900 +hsync +vsync (67.5 kHz e)
[ 81463.793] (II) NOUVEAU(0): Modeline "1024x768"x75.0   78.75  1024 1040 1136 1312  768 769 772 800 +hsync +vsync (60.0 kHz e)
[ 81463.793] (II) NOUVEAU(0): Modeline "1024x768"x60.0   65.00  1024 1048 1184 1344  768 771 777 806 -hsync -vsync (48.4 kHz e)
[ 81463.793] (II) NOUVEAU(0): Modeline "800x600"x75.0   49.50  800 816 896 1056  600 601 604 625 +hsync +vsync (46.9 kHz e)
[ 81463.793] (II) NOUVEAU(0): Modeline "800x600"x60.3   40.00  800 840 968 1056  600 601 605 628 +hsync +vsync (37.9 kHz e)
[ 81463.793] (II) NOUVEAU(0): Modeline "640x480"x75.0   31.50  640 656 720 840  480 481 484 500 -hsync -vsync (37.5 kHz e)
[ 81463.793] (II) NOUVEAU(0): Modeline "640x480"x59.9   25.18  640 656 752 800  480 490 492 525 -hsync -vsync (31.5 kHz e)
[ 81463.793] (II) NOUVEAU(0): Modeline "720x400"x70.1   28.32  720 738 846 900  400 412 414 449 -hsync +vsync (31.5 kHz e)
[ 81463.825] (II) NOUVEAU(0): EDID for output DP-1
[ 81463.857] (II) NOUVEAU(0): EDID for output DP-2
[ 81463.857] (II) NOUVEAU(0): Output DVI-I-1 connected
[ 81463.857] (II) NOUVEAU(0): Output DP-1 disconnected
[ 81463.857] (II) NOUVEAU(0): Output DP-2 disconnected
[ 81463.857] (II) NOUVEAU(0): Using exact sizes for initial modes
[ 81463.857] (II) NOUVEAU(0): Output DVI-I-1 using initial mode 1920x1080 +0+0
[ 81463.857] (II) NOUVEAU(0): Using default gamma of (1.0, 1.0, 1.0) unless otherwise stated.
[ 81463.857] (--) NOUVEAU(0): Virtual size is 1920x1080 (pitch 0)
[ 81463.857] (**) NOUVEAU(0):  Driver mode "1920x1080": 148.5 MHz (scaled from 0.0 MHz), 67.5 kHz, 60.0 Hz
[ 81463.857] (II) NOUVEAU(0): Modeline "1920x1080"x60.0  148.50  1920 2008 2052 2200  1080 1084 1089 1125 +hsync +vsync (67.5 kHz eP)
[ 81463.857] (**) NOUVEAU(0):  Driver mode "1600x900": 108.0 MHz (scaled from 0.0 MHz), 60.0 kHz, 60.0 Hz
[ 81463.857] (II) NOUVEAU(0): Modeline "1600x900"x60.0  108.00  1600 1624 1704 1800  900 901 904 1000 +hsync +vsync (60.0 kHz e)
[ 81463.857] (**) NOUVEAU(0):  Driver mode "1280x1024": 135.0 MHz (scaled from 0.0 MHz), 80.0 kHz, 75.0 Hz
[ 81463.857] (II) NOUVEAU(0): Modeline "1280x1024"x75.0  135.00  1280 1296 1440 1688  1024 1025 1028 1066 +hsync +vsync (80.0 kHz e)
[ 81463.857] (**) NOUVEAU(0):  Driver mode "1280x1024": 108.0 MHz (scaled from 0.0 MHz), 64.0 kHz, 60.0 Hz
[ 81463.857] (II) NOUVEAU(0): Modeline "1280x1024"x60.0  108.00  1280 1328 1440 1688  1024 1025 1028 1066 +hsync +vsync (64.0 kHz e)
[ 81463.857] (**) NOUVEAU(0):  Driver mode "1152x864": 108.0 MHz (scaled from 0.0 MHz), 67.5 kHz, 75.0 Hz
[ 81463.857] (II) NOUVEAU(0): Modeline "1152x864"x75.0  108.00  1152 1216 1344 1600  864 865 868 900 +hsync +vsync (67.5 kHz e)
[ 81463.857] (**) NOUVEAU(0):  Driver mode "1024x768": 78.8 MHz (scaled from 0.0 MHz), 60.0 kHz, 75.0 Hz
[ 81463.857] (II) NOUVEAU(0): Modeline "1024x768"x75.0   78.75  1024 1040 1136 1312  768 769 772 800 +hsync +vsync (60.0 kHz e)
[ 81463.857] (**) NOUVEAU(0):  Driver mode "1024x768": 65.0 MHz (scaled from 0.0 MHz), 48.4 kHz, 60.0 Hz
[ 81463.857] (II) NOUVEAU(0): Modeline "1024x768"x60.0   65.00  1024 1048 1184 1344  768 771 777 806 -hsync -vsync (48.4 kHz e)
[ 81463.857] (**) NOUVEAU(0):  Driver mode "800x600": 49.5 MHz (scaled from 0.0 MHz), 46.9 kHz, 75.0 Hz
[ 81463.857] (II) NOUVEAU(0): Modeline "800x600"x75.0   49.50  800 816 896 1056  600 601 604 625 +hsync +vsync (46.9 kHz e)
[ 81463.857] (**) NOUVEAU(0):  Driver mode "800x600": 40.0 MHz (scaled from 0.0 MHz), 37.9 kHz, 60.3 Hz
[ 81463.857] (II) NOUVEAU(0): Modeline "800x600"x60.3   40.00  800 840 968 1056  600 601 605 628 +hsync +vsync (37.9 kHz e)
[ 81463.857] (**) NOUVEAU(0):  Driver mode "640x480": 31.5 MHz (scaled from 0.0 MHz), 37.5 kHz, 75.0 Hz
[ 81463.857] (II) NOUVEAU(0): Modeline "640x480"x75.0   31.50  640 656 720 840  480 481 484 500 -hsync -vsync (37.5 kHz e)
[ 81463.857] (**) NOUVEAU(0):  Driver mode "640x480": 25.2 MHz (scaled from 0.0 MHz), 31.5 kHz, 59.9 Hz
[ 81463.857] (II) NOUVEAU(0): Modeline "640x480"x59.9   25.18  640 656 752 800  480 490 492 525 -hsync -vsync (31.5 kHz e)
[ 81463.857] (**) NOUVEAU(0):  Driver mode "720x400": 28.3 MHz (scaled from 0.0 MHz), 31.5 kHz, 70.1 Hz
[ 81463.857] (II) NOUVEAU(0): Modeline "720x400"x70.1   28.32  720 738 846 900  400 412 414 449 -hsync +vsync (31.5 kHz e)
[ 81463.857] (==) NOUVEAU(0): DPI set to (96, 96)
[ 81463.857] (II) Loading sub module "fb"
[ 81463.857] (II) LoadModule: "fb"
[ 81463.857] (II) Loading /usr/lib64/xorg/modules/libfb.so
[ 81463.857] (II) Module fb: vendor="X.Org Foundation"
[ 81463.857] 	compiled for 1.18.4, module version = 1.0.0
[ 81463.857] 	ABI class: X.Org ANSI C Emulation, version 0.4
[ 81463.857] (II) Loading sub module "shadowfb"
[ 81463.857] (II) LoadModule: "shadowfb"
[ 81463.857] (II) Loading /usr/lib64/xorg/modules/libshadowfb.so
[ 81463.857] (II) Module shadowfb: vendor="X.Org Foundation"
[ 81463.857] 	compiled for 1.18.4, module version = 1.0.0
[ 81463.858] 	ABI class: X.Org ANSI C Emulation, version 0.4
[ 81463.858] (II) UnloadModule: "modesetting"
[ 81463.858] (II) Unloading modesetting
[ 81463.858] (II) UnloadModule: "fbdev"
[ 81463.858] (II) Unloading fbdev
[ 81463.858] (II) UnloadSubModule: "fbdevhw"
[ 81463.858] (II) Unloading fbdevhw
[ 81463.858] (II) UnloadModule: "vesa"
[ 81463.858] (II) Unloading vesa
[ 81463.858] (--) Depth 24 pixmap format is 32 bpp
[ 81463.880] (II) NOUVEAU(0): Channel setup complete.
[ 81463.901] (II) NOUVEAU(0): [COPY] async initialised.
[ 81463.901] (II) NOUVEAU(0): Hardware support for Present enabled
[ 81463.901] (II) NOUVEAU(0): [DRI2] Setup complete
[ 81463.901] (II) NOUVEAU(0): [DRI2]   DRI driver: nouveau
[ 81463.901] (II) NOUVEAU(0): [DRI2]   VDPAU driver: nouveau
[ 81463.901] (II) Loading sub module "exa"
[ 81463.901] (II) LoadModule: "exa"
[ 81463.901] (II) Loading /usr/lib64/xorg/modules/libexa.so
[ 81463.901] (II) Module exa: vendor="X.Org Foundation"
[ 81463.901] 	compiled for 1.18.4, module version = 2.6.0
[ 81463.901] 	ABI class: X.Org Video Driver, version 20.0
[ 81463.901] (II) EXA(0): Driver allocated offscreen pixmaps
[ 81463.901] (II) EXA(0): Driver registered support for the following operations:
[ 81463.901] (II)         Solid
[ 81463.901] (II)         Copy
[ 81463.901] (II)         Composite (RENDER acceleration)
[ 81463.901] (II)         UploadToScreen
[ 81463.901] (II)         DownloadFromScreen
[ 81463.901] (==) NOUVEAU(0): Backing store enabled
[ 81463.901] (==) NOUVEAU(0): Silken mouse enabled
[ 81463.901] (II) NOUVEAU(0): [XvMC] Associated with Nouveau GeForce 8/9 Textured Video.
[ 81463.902] (II) NOUVEAU(0): [XvMC] Extension initialized.
[ 81463.902] (==) NOUVEAU(0): DPMS enabled
[ 81463.902] (II) NOUVEAU(0): RandR 1.2 enabled, ignore the following RandR disabled message.
[ 81463.902] (--) RandR disabled
[ 81463.905] (II) SELinux: Disabled on system
[ 81463.937] (II) AIGLX: enabled GLX_MESA_copy_sub_buffer
[ 81463.937] (II) AIGLX: enabled GLX_ARB_create_context
[ 81463.937] (II) AIGLX: enabled GLX_ARB_create_context_profile
[ 81463.937] (II) AIGLX: enabled GLX_EXT_create_context_es{,2}_profile
[ 81463.937] (II) AIGLX: enabled GLX_INTEL_swap_event
[ 81463.937] (II) AIGLX: enabled GLX_SGI_swap_control and GLX_MESA_swap_control
[ 81463.937] (II) AIGLX: enabled GLX_EXT_framebuffer_sRGB
[ 81463.937] (II) AIGLX: enabled GLX_ARB_fbconfig_float
[ 81463.937] (II) AIGLX: enabled GLX_EXT_fbconfig_packed_float
[ 81463.937] (II) AIGLX: GLX_EXT_texture_from_pixmap backed by buffer objects
[ 81463.938] (II) AIGLX: Loaded and initialized nouveau
[ 81463.938] (II) GLX: Initialized DRI2 GL provider for screen 0
[ 81463.941] (II) NOUVEAU(0): NVEnterVT is called.
[ 81463.970] (II) NOUVEAU(0): Setting screen physical size to 508 x 285
[ 81463.970] resize called 1920 1080
[ 81464.008] (II) config/udev: Adding input device Power Button (/dev/input/event1)
[ 81464.008] (**) Power Button: Applying InputClass "evdev keyboard catchall"
[ 81464.008] (**) Power Button: Applying InputClass "libinput keyboard catchall"
[ 81464.008] (**) Power Button: Applying InputClass "system-keyboard"
[ 81464.008] (II) LoadModule: "libinput"
[ 81464.008] (II) Loading /usr/lib64/xorg/modules/input/libinput_drv.so
[ 81464.011] (II) Module libinput: vendor="X.Org Foundation"
[ 81464.011] 	compiled for 1.18.3, module version = 0.19.0
[ 81464.011] 	Module class: X.Org XInput Driver
[ 81464.011] 	ABI class: X.Org XInput driver, version 22.1
[ 81464.012] (II) systemd-logind: got fd for /dev/input/event1 13:65 fd 14 paused 0
[ 81464.012] (II) Using input driver 'libinput' for 'Power Button'
[ 81464.012] (**) Power Button: always reports core events
[ 81464.012] (**) Option "Device" "/dev/input/event1"
[ 81464.012] (**) Option "_source" "server/udev"
[ 81464.012] (II) input device 'Power Button', /dev/input/event1 is tagged by udev as: Keyboard
[ 81464.012] (II) input device 'Power Button', /dev/input/event1 is a keyboard
[ 81464.012] (**) Option "config_info" "udev:/sys/devices/LNXSYSTM:00/LNXPWRBN:00/input/input1/event1"
[ 81464.012] (II) XINPUT: Adding extended input device "Power Button" (type: KEYBOARD, id 6)
[ 81464.012] (**) Option "xkb_layout" "us"
[ 81464.013] (II) input device 'Power Button', /dev/input/event1 is tagged by udev as: Keyboard
[ 81464.013] (II) input device 'Power Button', /dev/input/event1 is a keyboard
[ 81464.013] (II) config/udev: Adding input device Power Button (/dev/input/event0)
[ 81464.013] (**) Power Button: Applying InputClass "evdev keyboard catchall"
[ 81464.013] (**) Power Button: Applying InputClass "libinput keyboard catchall"
[ 81464.013] (**) Power Button: Applying InputClass "system-keyboard"
[ 81464.014] (II) systemd-logind: got fd for /dev/input/event0 13:64 fd 17 paused 0
[ 81464.014] (II) Using input driver 'libinput' for 'Power Button'
[ 81464.014] (**) Power Button: always reports core events
[ 81464.014] (**) Option "Device" "/dev/input/event0"
[ 81464.014] (**) Option "_source" "server/udev"
[ 81464.014] (II) input device 'Power Button', /dev/input/event0 is tagged by udev as: Keyboard
[ 81464.014] (II) input device 'Power Button', /dev/input/event0 is a keyboard
[ 81464.014] (**) Option "config_info" "udev:/sys/devices/LNXSYSTM:00/LNXSYBUS:00/PNP0C0C:00/input/input0/event0"
[ 81464.014] (II) XINPUT: Adding extended input device "Power Button" (type: KEYBOARD, id 7)
[ 81464.014] (**) Option "xkb_layout" "us"
[ 81464.014] (II) input device 'Power Button', /dev/input/event0 is tagged by udev as: Keyboard
[ 81464.014] (II) input device 'Power Button', /dev/input/event0 is a keyboard
[ 81464.015] (II) config/udev: Adding input device HDA NVidia HDMI/DP,pcm=3 (/dev/input/event10)
[ 81464.015] (II) No input driver specified, ignoring this device.
[ 81464.015] (II) This device may have been added with another device file.
[ 81464.015] (II) config/udev: Adding input device HDA NVidia HDMI/DP,pcm=7 (/dev/input/event11)
[ 81464.015] (II) No input driver specified, ignoring this device.
[ 81464.015] (II) This device may have been added with another device file.
[ 81464.016] (II) config/udev: Adding input device HDA NVidia HDMI/DP,pcm=8 (/dev/input/event12)
[ 81464.016] (II) No input driver specified, ignoring this device.
[ 81464.016] (II) This device may have been added with another device file.
[ 81464.016] (II) config/udev: Adding input device HDA NVidia HDMI/DP,pcm=9 (/dev/input/event13)
[ 81464.016] (II) No input driver specified, ignoring this device.
[ 81464.016] (II) This device may have been added with another device file.
[ 81464.016] (II) config/udev: Adding input device HDA Intel PCH Line Out (/dev/input/event7)
[ 81464.016] (II) No input driver specified, ignoring this device.
[ 81464.017] (II) This device may have been added with another device file.
[ 81464.017] (II) config/udev: Adding input device HDA Intel PCH Front Headphone (/dev/input/event8)
[ 81464.017] (II) No input driver specified, ignoring this device.
[ 81464.017] (II) This device may have been added with another device file.
[ 81464.017] (II) config/udev: Adding input device HDA Intel PCH Front Mic (/dev/input/event4)
[ 81464.017] (II) No input driver specified, ignoring this device.
[ 81464.017] (II) This device may have been added with another device file.
[ 81464.017] (II) config/udev: Adding input device HDA Intel PCH Rear Mic (/dev/input/event5)
[ 81464.017] (II) No input driver specified, ignoring this device.
[ 81464.017] (II) This device may have been added with another device file.
[ 81464.018] (II) config/udev: Adding input device HDA Intel PCH Line (/dev/input/event6)
[ 81464.018] (II) No input driver specified, ignoring this device.
[ 81464.018] (II) This device may have been added with another device file.
[ 81464.018] (II) config/udev: Adding input device Logitech USB Optical Mouse (/dev/input/event2)
[ 81464.018] (**) Logitech USB Optical Mouse: Applying InputClass "evdev pointer catchall"
[ 81464.018] (**) Logitech USB Optical Mouse: Applying InputClass "libinput pointer catchall"
[ 81464.070] (II) systemd-logind: got fd for /dev/input/event2 13:66 fd 18 paused 0
[ 81464.070] (II) Using input driver 'libinput' for 'Logitech USB Optical Mouse'
[ 81464.070] (**) Logitech USB Optical Mouse: always reports core events
[ 81464.070] (**) Option "Device" "/dev/input/event2"
[ 81464.070] (**) Option "_source" "server/udev"
[ 81464.070] (II) input device 'Logitech USB Optical Mouse', /dev/input/event2 is tagged by udev as: Mouse
[ 81464.070] (II) input device 'Logitech USB Optical Mouse', /dev/input/event2 is a pointer caps
[ 81464.070] (**) Option "config_info" "udev:/sys/devices/pci0000:00/0000:00:1d.0/usb2/2-1/2-1.1/2-1.1:1.0/0003:046D:C077.0001/input/input5/event2"
[ 81464.070] (II) XINPUT: Adding extended input device "Logitech USB Optical Mouse" (type: MOUSE, id 8)
[ 81464.070] (**) Option "AccelerationScheme" "none"
[ 81464.070] (**) Logitech USB Optical Mouse: (accel) selected scheme none/0
[ 81464.070] (**) Logitech USB Optical Mouse: (accel) acceleration factor: 2.000
[ 81464.070] (**) Logitech USB Optical Mouse: (accel) acceleration threshold: 4
[ 81464.071] (II) input device 'Logitech USB Optical Mouse', /dev/input/event2 is tagged by udev as: Mouse
[ 81464.071] (II) input device 'Logitech USB Optical Mouse', /dev/input/event2 is a pointer caps
[ 81464.071] (II) config/udev: Adding input device Logitech USB Optical Mouse (/dev/input/mouse0)
[ 81464.071] (II) No input driver specified, ignoring this device.
[ 81464.071] (II) This device may have been added with another device file.
[ 81464.072] (II) config/udev: Adding input device Lite-On Technology Corp. HP Basic USB Keyboard (/dev/input/event3)
[ 81464.072] (**) Lite-On Technology Corp. HP Basic USB Keyboard: Applying InputClass "evdev keyboard catchall"
[ 81464.072] (**) Lite-On Technology Corp. HP Basic USB Keyboard: Applying InputClass "libinput keyboard catchall"
[ 81464.072] (**) Lite-On Technology Corp. HP Basic USB Keyboard: Applying InputClass "system-keyboard"
[ 81464.072] (II) systemd-logind: got fd for /dev/input/event3 13:67 fd 19 paused 0
[ 81464.072] (II) Using input driver 'libinput' for 'Lite-On Technology Corp. HP Basic USB Keyboard'
[ 81464.072] (**) Lite-On Technology Corp. HP Basic USB Keyboard: always reports core events
[ 81464.072] (**) Option "Device" "/dev/input/event3"
[ 81464.073] (**) Option "_source" "server/udev"
[ 81464.073] (II) input device 'Lite-On Technology Corp. HP Basic USB Keyboard', /dev/input/event3 is tagged by udev as: Keyboard
[ 81464.073] (II) input device 'Lite-On Technology Corp. HP Basic USB Keyboard', /dev/input/event3 is a keyboard
[ 81464.073] (**) Option "config_info" "udev:/sys/devices/pci0000:00/0000:00:1d.0/usb2/2-1/2-1.2/2-1.2:1.0/0003:03F0:0324.0003/input/input17/event3"
[ 81464.073] (II) XINPUT: Adding extended input device "Lite-On Technology Corp. HP Basic USB Keyboard" (type: KEYBOARD, id 9)
[ 81464.073] (**) Option "xkb_layout" "us"
[ 81464.074] (II) input device 'Lite-On Technology Corp. HP Basic USB Keyboard', /dev/input/event3 is tagged by udev as: Keyboard
[ 81464.074] (II) input device 'Lite-On Technology Corp. HP Basic USB Keyboard', /dev/input/event3 is a keyboard
[ 81464.076] (II) config/udev: Adding input device HP WMI hotkeys (/dev/input/event9)
[ 81464.076] (**) HP WMI hotkeys: Applying InputClass "evdev keyboard catchall"
[ 81464.076] (**) HP WMI hotkeys: Applying InputClass "libinput keyboard catchall"
[ 81464.076] (**) HP WMI hotkeys: Applying InputClass "system-keyboard"
[ 81464.076] (II) systemd-logind: got fd for /dev/input/event9 13:73 fd 20 paused 0
[ 81464.076] (II) Using input driver 'libinput' for 'HP WMI hotkeys'
[ 81464.076] (**) HP WMI hotkeys: always reports core events
[ 81464.076] (**) Option "Device" "/dev/input/event9"
[ 81464.076] (**) Option "_source" "server/udev"
[ 81464.076] (II) input device 'HP WMI hotkeys', /dev/input/event9 is tagged by udev as: Keyboard
[ 81464.076] (II) input device 'HP WMI hotkeys', /dev/input/event9 is a keyboard
[ 81464.076] (**) Option "config_info" "udev:/sys/devices/virtual/input/input12/event9"
[ 81464.076] (II) XINPUT: Adding extended input device "HP WMI hotkeys" (type: KEYBOARD, id 10)
[ 81464.076] (**) Option "xkb_layout" "us"
[ 81464.077] (II) input device 'HP WMI hotkeys', /dev/input/event9 is tagged by udev as: Keyboard
[ 81464.077] (II) input device 'HP WMI hotkeys', /dev/input/event9 is a keyboard
[ 81464.978] (II) NOUVEAU(0): EDID vendor "DEL", prod id 53343
[ 81464.978] (II) NOUVEAU(0): Using EDID range info for horizontal sync
[ 81464.978] (II) NOUVEAU(0): Using EDID range info for vertical refresh
[ 81464.978] (II) NOUVEAU(0): Printing DDC gathered Modelines:
[ 81464.978] (II) NOUVEAU(0): Modeline "1920x1080"x0.0  148.50  1920 2008 2052 2200  1080 1084 1089 1125 +hsync +vsync (67.5 kHz eP)
[ 81464.978] (II) NOUVEAU(0): Modeline "800x600"x0.0   40.00  800 840 968 1056  600 601 605 628 +hsync +vsync (37.9 kHz e)
[ 81464.978] (II) NOUVEAU(0): Modeline "640x480"x0.0   31.50  640 656 720 840  480 481 484 500 -hsync -vsync (37.5 kHz e)
[ 81464.978] (II) NOUVEAU(0): Modeline "640x480"x0.0   25.18  640 656 752 800  480 490 492 525 -hsync -vsync (31.5 kHz e)
[ 81464.978] (II) NOUVEAU(0): Modeline "720x400"x0.0   28.32  720 738 846 900  400 412 414 449 -hsync +vsync (31.5 kHz e)
[ 81464.978] (II) NOUVEAU(0): Modeline "1280x1024"x0.0  135.00  1280 1296 1440 1688  1024 1025 1028 1066 +hsync +vsync (80.0 kHz e)
[ 81464.978] (II) NOUVEAU(0): Modeline "1024x768"x0.0   78.75  1024 1040 1136 1312  768 769 772 800 +hsync +vsync (60.0 kHz e)
[ 81464.978] (II) NOUVEAU(0): Modeline "1024x768"x0.0   65.00  1024 1048 1184 1344  768 771 777 806 -hsync -vsync (48.4 kHz e)
[ 81464.978] (II) NOUVEAU(0): Modeline "800x600"x0.0   49.50  800 816 896 1056  600 601 604 625 +hsync +vsync (46.9 kHz e)
[ 81464.978] (II) NOUVEAU(0): Modeline "1152x864"x0.0  108.00  1152 1216 1344 1600  864 865 868 900 +hsync +vsync (67.5 kHz e)
[ 81464.978] (II) NOUVEAU(0): Modeline "1280x1024"x0.0  108.00  1280 1328 1440 1688  1024 1025 1028 1066 +hsync +vsync (64.0 kHz e)
[ 81464.978] (II) NOUVEAU(0): Modeline "1600x900"x60.0  119.00  1600 1696 1864 2128  900 901 904 932 -hsync +vsync (55.9 kHz e)
[ 81464.978] (II) NOUVEAU(0): Modeline "1920x1080"x60.0  172.80  1920 2040 2248 2576  1080 1081 1084 1118 -hsync +vsync (67.1 kHz e)
[ 81465.217] resize called 1920 1080
[ 81467.865] (II) NOUVEAU(0): EDID vendor "DEL", prod id 53343
[ 81467.865] (II) NOUVEAU(0): Using hsync ranges from config file
[ 81467.865] (II) NOUVEAU(0): Using vrefresh ranges from config file
[ 81467.865] (II) NOUVEAU(0): Printing DDC gathered Modelines:
[ 81467.865] (II) NOUVEAU(0): Modeline "1920x1080"x0.0  148.50  1920 2008 2052 2200  1080 1084 1089 1125 +hsync +vsync (67.5 kHz eP)
[ 81467.865] (II) NOUVEAU(0): Modeline "800x600"x0.0   40.00  800 840 968 1056  600 601 605 628 +hsync +vsync (37.9 kHz e)
[ 81467.865] (II) NOUVEAU(0): Modeline "640x480"x0.0   31.50  640 656 720 840  480 481 484 500 -hsync -vsync (37.5 kHz e)
[ 81467.865] (II) NOUVEAU(0): Modeline "640x480"x0.0   25.18  640 656 752 800  480 490 492 525 -hsync -vsync (31.5 kHz e)
[ 81467.865] (II) NOUVEAU(0): Modeline "720x400"x0.0   28.32  720 738 846 900  400 412 414 449 -hsync +vsync (31.5 kHz e)
[ 81467.865] (II) NOUVEAU(0): Modeline "1280x1024"x0.0  135.00  1280 1296 1440 1688  1024 1025 1028 1066 +hsync +vsync (80.0 kHz e)
[ 81467.865] (II) NOUVEAU(0): Modeline "1024x768"x0.0   78.75  1024 1040 1136 1312  768 769 772 800 +hsync +vsync (60.0 kHz e)
[ 81467.865] (II) NOUVEAU(0): Modeline "1024x768"x0.0   65.00  1024 1048 1184 1344  768 771 777 806 -hsync -vsync (48.4 kHz e)
[ 81467.865] (II) NOUVEAU(0): Modeline "800x600"x0.0   49.50  800 816 896 1056  600 601 604 625 +hsync +vsync (46.9 kHz e)
[ 81467.865] (II) NOUVEAU(0): Modeline "1152x864"x0.0  108.00  1152 1216 1344 1600  864 865 868 900 +hsync +vsync (67.5 kHz e)
[ 81467.865] (II) NOUVEAU(0): Modeline "1280x1024"x0.0  108.00  1280 1328 1440 1688  1024 1025 1028 1066 +hsync +vsync (64.0 kHz e)
[ 81467.865] (II) NOUVEAU(0): Modeline "1600x900"x60.0  119.00  1600 1696 1864 2128  900 901 904 932 -hsync +vsync (55.9 kHz e)
[ 81467.865] (II) NOUVEAU(0): Modeline "1920x1080"x60.0  172.80  1920 2040 2248 2576  1080 1081 1084 1118 -hsync +vsync (67.1 kHz e)
[ 81468.300] (II) NOUVEAU(0): EDID vendor "DEL", prod id 53343
[ 81468.301] (II) NOUVEAU(0): Using hsync ranges from config file
[ 81468.301] (II) NOUVEAU(0): Using vrefresh ranges from config file
[ 81468.301] (II) NOUVEAU(0): Printing DDC gathered Modelines:
[ 81468.301] (II) NOUVEAU(0): Modeline "1920x1080"x0.0  148.50  1920 2008 2052 2200  1080 1084 1089 1125 +hsync +vsync (67.5 kHz eP)
[ 81468.301] (II) NOUVEAU(0): Modeline "800x600"x0.0   40.00  800 840 968 1056  600 601 605 628 +hsync +vsync (37.9 kHz e)
[ 81468.301] (II) NOUVEAU(0): Modeline "640x480"x0.0   31.50  640 656 720 840  480 481 484 500 -hsync -vsync (37.5 kHz e)
[ 81468.301] (II) NOUVEAU(0): Modeline "640x480"x0.0   25.18  640 656 752 800  480 490 492 525 -hsync -vsync (31.5 kHz e)
[ 81468.301] (II) NOUVEAU(0): Modeline "720x400"x0.0   28.32  720 738 846 900  400 412 414 449 -hsync +vsync (31.5 kHz e)
[ 81468.301] (II) NOUVEAU(0): Modeline "1280x1024"x0.0  135.00  1280 1296 1440 1688  1024 1025 1028 1066 +hsync +vsync (80.0 kHz e)
[ 81468.301] (II) NOUVEAU(0): Modeline "1024x768"x0.0   78.75  1024 1040 1136 1312  768 769 772 800 +hsync +vsync (60.0 kHz e)
[ 81468.301] (II) NOUVEAU(0): Modeline "1024x768"x0.0   65.00  1024 1048 1184 1344  768 771 777 806 -hsync -vsync (48.4 kHz e)
[ 81468.301] (II) NOUVEAU(0): Modeline "800x600"x0.0   49.50  800 816 896 1056  600 601 604 625 +hsync +vsync (46.9 kHz e)
[ 81468.301] (II) NOUVEAU(0): Modeline "1152x864"x0.0  108.00  1152 1216 1344 1600  864 865 868 900 +hsync +vsync (67.5 kHz e)
[ 81468.301] (II) NOUVEAU(0): Modeline "1280x1024"x0.0  108.00  1280 1328 1440 1688  1024 1025 1028 1066 +hsync +vsync (64.0 kHz e)
[ 81468.301] (II) NOUVEAU(0): Modeline "1600x900"x60.0  119.00  1600 1696 1864 2128  900 901 904 932 -hsync +vsync (55.9 kHz e)
[ 81468.301] (II) NOUVEAU(0): Modeline "1920x1080"x60.0  172.80  1920 2040 2248 2576  1080 1081 1084 1118 -hsync +vsync (67.1 kHz e)
[ 81468.406] (II) NOUVEAU(0): EDID vendor "DEL", prod id 53343
[ 81468.406] (II) NOUVEAU(0): Using hsync ranges from config file
[ 81468.406] (II) NOUVEAU(0): Using vrefresh ranges from config file
[ 81468.406] (II) NOUVEAU(0): Printing DDC gathered Modelines:
[ 81468.406] (II) NOUVEAU(0): Modeline "1920x1080"x0.0  148.50  1920 2008 2052 2200  1080 1084 1089 1125 +hsync +vsync (67.5 kHz eP)
[ 81468.406] (II) NOUVEAU(0): Modeline "800x600"x0.0   40.00  800 840 968 1056  600 601 605 628 +hsync +vsync (37.9 kHz e)
[ 81468.406] (II) NOUVEAU(0): Modeline "640x480"x0.0   31.50  640 656 720 840  480 481 484 500 -hsync -vsync (37.5 kHz e)
[ 81468.406] (II) NOUVEAU(0): Modeline "640x480"x0.0   25.18  640 656 752 800  480 490 492 525 -hsync -vsync (31.5 kHz e)
[ 81468.406] (II) NOUVEAU(0): Modeline "720x400"x0.0   28.32  720 738 846 900  400 412 414 449 -hsync +vsync (31.5 kHz e)
[ 81468.406] (II) NOUVEAU(0): Modeline "1280x1024"x0.0  135.00  1280 1296 1440 1688  1024 1025 1028 1066 +hsync +vsync (80.0 kHz e)
[ 81468.406] (II) NOUVEAU(0): Modeline "1024x768"x0.0   78.75  1024 1040 1136 1312  768 769 772 800 +hsync +vsync (60.0 kHz e)
[ 81468.406] (II) NOUVEAU(0): Modeline "1024x768"x0.0   65.00  1024 1048 1184 1344  768 771 777 806 -hsync -vsync (48.4 kHz e)
[ 81468.406] (II) NOUVEAU(0): Modeline "800x600"x0.0   49.50  800 816 896 1056  600 601 604 625 +hsync +vsync (46.9 kHz e)
[ 81468.406] (II) NOUVEAU(0): Modeline "1152x864"x0.0  108.00  1152 1216 1344 1600  864 865 868 900 +hsync +vsync (67.5 kHz e)
[ 81468.406] (II) NOUVEAU(0): Modeline "1280x1024"x0.0  108.00  1280 1328 1440 1688  1024 1025 1028 1066 +hsync +vsync (64.0 kHz e)
[ 81468.406] (II) NOUVEAU(0): Modeline "1600x900"x60.0  119.00  1600 1696 1864 2128  900 901 904 932 -hsync +vsync (55.9 kHz e)
[ 81468.406] (II) NOUVEAU(0): Modeline "1920x1080"x60.0  172.80  1920 2040 2248 2576  1080 1081 1084 1118 -hsync +vsync (67.1 kHz e)
[ 82029.965] (**) Option "fd" "14"
[ 82029.965] (**) Option "fd" "17"
[ 82029.965] (**) Option "fd" "18"
[ 82029.965] (**) Option "fd" "19"
[ 82029.965] (**) Option "fd" "20"
[ 82029.966] (II) UnloadModule: "libinput"
[ 82029.966] (II) systemd-logind: releasing fd for 13:73
[ 82029.985] (II) UnloadModule: "libinput"
[ 82029.985] (II) systemd-logind: releasing fd for 13:67
[ 82030.005] (II) UnloadModule: "libinput"
[ 82030.005] (II) systemd-logind: releasing fd for 13:66
[ 82030.029] (II) UnloadModule: "libinput"
[ 82030.029] (II) systemd-logind: releasing fd for 13:64
[ 82030.038] (II) UnloadModule: "libinput"
[ 82030.038] (II) systemd-logind: releasing fd for 13:65
[ 82030.063] (II) NOUVEAU(0): NVLeaveVT is called.
[ 82030.180] (II) Server terminated successfully (0). Closing log file.
