[349724.012] _XSERVTransSocketUNIXCreateListener: ...SocketCreateListener() failed
[349724.012] _XSERVTransMakeAllCOTSServerListeners: server already running
[349724.015] (--) Log file renamed from "/home/users/heilma1/.local/share/xorg/Xorg.pid-26376.log" to "/home/users/heilma1/.local/share/xorg/Xorg.1.log"
[349724.015] 
X.Org X Server 1.18.4
Release Date: 2016-07-19
[349724.015] X Protocol Version 11, Revision 0
[349724.015] Build Operating System:  4.6.3-300.fc24.x86_64 
[349724.015] Current Operating System: Linux rns203-6.cs.stolaf.edu 4.6.5-300.fc24.x86_64 #1 SMP Thu Jul 28 01:10:12 UTC 2016 x86_64
[349724.015] Kernel command line: placeholder root=UUID=50524326-9439-4575-8fd8-62fed420f58d ro rhgb quiet
[349724.015] Build Date: 19 July 2016  06:08:11PM
[349724.015] Build ID: xorg-x11-server 1.18.4-1.fc24 
[349724.015] Current version of pixman: 0.34.0
[349724.015] 	Before reporting problems, check http://wiki.x.org
	to make sure that you have the latest version.
[349724.015] Markers: (--) probed, (**) from config file, (==) default setting,
	(++) from command line, (!!) notice, (II) informational,
	(WW) warning, (EE) error, (NI) not implemented, (??) unknown.
[349724.015] (==) Log file: "/home/users/heilma1/.local/share/xorg/Xorg.1.log", Time: Fri Oct 14 13:58:32 2016
[349724.015] (==) Using config directory: "/etc/X11/xorg.conf.d"
[349724.015] (==) Using system config directory "/usr/share/X11/xorg.conf.d"
[349724.015] (==) No Layout section.  Using the first Screen section.
[349724.015] (==) No screen section available. Using defaults.
[349724.015] (**) |-->Screen "Default Screen Section" (0)
[349724.016] (**) |   |-->Monitor "<default monitor>"
[349724.016] (==) No monitor specified for screen "Default Screen Section".
	Using a default monitor configuration.
[349724.016] (==) Automatically adding devices
[349724.016] (==) Automatically enabling devices
[349724.016] (==) Automatically adding GPU devices
[349724.016] (==) Max clients allowed: 256, resource mask: 0x1fffff
[349724.016] (==) FontPath set to:
	catalogue:/etc/X11/fontpath.d,
	built-ins
[349724.016] (==) ModulePath set to "/usr/lib64/xorg/modules"
[349724.016] (II) The server relies on udev to provide the list of input devices.
	If no devices become available, reconfigure udev or disable AutoAddDevices.
[349724.016] (II) Loader magic: 0x824dc0
[349724.016] (II) Module ABI versions:
[349724.016] 	X.Org ANSI C Emulation: 0.4
[349724.016] 	X.Org Video Driver: 20.0
[349724.016] 	X.Org XInput driver : 22.1
[349724.016] 	X.Org Server Extension : 9.0
[349724.017] (++) using VT number 2

[349724.019] (II) systemd-logind: took control of session /org/freedesktop/login1/session/_389
[349724.020] (II) xfree86: Adding drm device (/dev/dri/card0)
[349724.020] (II) systemd-logind: got fd for /dev/dri/card0 226:0 fd 10 paused 0
[349724.026] (--) PCI: (0:4:0:0) 10de:0dd8:103c:084a rev 161, Mem @ 0xcc000000/33554432, 0xe0000000/134217728, 0xe8000000/67108864, I/O @ 0x0000c000/128, BIOS @ 0x????????/65536
[349724.026] (--) PCI:*(0:5:0:0) 10de:0dd8:103c:084a rev 161, Mem @ 0xc8000000/33554432, 0xd0000000/134217728, 0xd8000000/67108864, I/O @ 0x0000b000/128, BIOS @ 0x????????/65536
[349724.026] (II) LoadModule: "glx"
[349724.026] (II) Loading /usr/lib64/xorg/modules/extensions/libglx.so
[349724.029] (II) Module glx: vendor="X.Org Foundation"
[349724.029] 	compiled for 1.18.4, module version = 1.0.0
[349724.029] 	ABI class: X.Org Server Extension, version 9.0
[349724.029] (==) AIGLX enabled
[349724.029] (==) Matched nouveau as autoconfigured driver 0
[349724.029] (==) Matched nv as autoconfigured driver 1
[349724.029] (==) Matched nouveau as autoconfigured driver 2
[349724.029] (==) Matched nv as autoconfigured driver 3
[349724.029] (==) Matched modesetting as autoconfigured driver 4
[349724.029] (==) Matched fbdev as autoconfigured driver 5
[349724.029] (==) Matched vesa as autoconfigured driver 6
[349724.029] (==) Assigned the driver to the xf86ConfigLayout
[349724.029] (II) LoadModule: "nouveau"
[349724.030] (II) Loading /usr/lib64/xorg/modules/drivers/nouveau_drv.so
[349724.030] (II) Module nouveau: vendor="X.Org Foundation"
[349724.030] 	compiled for 1.18.3, module version = 1.0.12
[349724.030] 	Module class: X.Org Video Driver
[349724.030] 	ABI class: X.Org Video Driver, version 20.0
[349724.030] (II) LoadModule: "nv"
[349724.030] (WW) Warning, couldn't open module nv
[349724.030] (II) UnloadModule: "nv"
[349724.031] (II) Unloading nv
[349724.031] (EE) Failed to load module "nv" (module does not exist, 0)
[349724.031] (II) LoadModule: "modesetting"
[349724.031] (II) Loading /usr/lib64/xorg/modules/drivers/modesetting_drv.so
[349724.031] (II) Module modesetting: vendor="X.Org Foundation"
[349724.031] 	compiled for 1.18.4, module version = 1.18.4
[349724.031] 	Module class: X.Org Video Driver
[349724.031] 	ABI class: X.Org Video Driver, version 20.0
[349724.031] (II) LoadModule: "fbdev"
[349724.031] (II) Loading /usr/lib64/xorg/modules/drivers/fbdev_drv.so
[349724.031] (II) Module fbdev: vendor="X.Org Foundation"
[349724.031] 	compiled for 1.18.0, module version = 0.4.3
[349724.031] 	Module class: X.Org Video Driver
[349724.031] 	ABI class: X.Org Video Driver, version 20.0
[349724.031] (II) LoadModule: "vesa"
[349724.032] (II) Loading /usr/lib64/xorg/modules/drivers/vesa_drv.so
[349724.032] (II) Module vesa: vendor="X.Org Foundation"
[349724.032] 	compiled for 1.18.0, module version = 2.3.2
[349724.032] 	Module class: X.Org Video Driver
[349724.032] 	ABI class: X.Org Video Driver, version 20.0
[349724.032] (II) NOUVEAU driver 
[349724.032] (II) NOUVEAU driver for NVIDIA chipset families :
[349724.032] 	RIVA TNT        (NV04)
[349724.032] 	RIVA TNT2       (NV05)
[349724.032] 	GeForce 256     (NV10)
[349724.032] 	GeForce 2       (NV11, NV15)
[349724.032] 	GeForce 4MX     (NV17, NV18)
[349724.032] 	GeForce 3       (NV20)
[349724.032] 	GeForce 4Ti     (NV25, NV28)
[349724.032] 	GeForce FX      (NV3x)
[349724.032] 	GeForce 6       (NV4x)
[349724.032] 	GeForce 7       (G7x)
[349724.032] 	GeForce 8       (G8x)
[349724.032] 	GeForce GTX 200 (NVA0)
[349724.032] 	GeForce GTX 400 (NVC0)
[349724.032] (II) modesetting: Driver for Modesetting Kernel Drivers: kms
[349724.032] (II) FBDEV: driver for framebuffer: fbdev
[349724.032] (II) VESA: driver for VESA chipsets: vesa
[349724.033] xf86EnableIOPorts: failed to set IOPL for I/O (Operation not permitted)
[349724.033] (II) [drm] nouveau interface version: 1.3.1
[349724.033] (WW) Falling back to old probe method for modesetting
[349724.033] (WW) Falling back to old probe method for fbdev
[349724.033] (II) Loading sub module "fbdevhw"
[349724.033] (II) LoadModule: "fbdevhw"
[349724.033] (II) Loading /usr/lib64/xorg/modules/libfbdevhw.so
[349724.033] (II) Module fbdevhw: vendor="X.Org Foundation"
[349724.033] 	compiled for 1.18.4, module version = 0.0.2
[349724.033] 	ABI class: X.Org Video Driver, version 20.0
[349724.033] (EE) open /dev/fb0: Permission denied
[349724.033] (WW) Falling back to old probe method for vesa
[349724.033] (WW) VGA arbiter: cannot open kernel arbiter, no multi-card support
[349724.033] (II) Loading sub module "dri2"
[349724.033] (II) LoadModule: "dri2"
[349724.033] (II) Module "dri2" already built-in
[349724.033] (--) NOUVEAU(0): Chipset: "NVIDIA NVC3"
[349724.033] (II) NOUVEAU(0): Creating default Display subsection in Screen section
	"Default Screen Section" for depth/fbbpp 24/32
[349724.033] (==) NOUVEAU(0): Depth 24, (--) framebuffer bpp 32
[349724.033] (==) NOUVEAU(0): RGB weight 888
[349724.034] (==) NOUVEAU(0): Default visual is TrueColor
[349724.034] (==) NOUVEAU(0): Using HW cursor
[349724.034] (==) NOUVEAU(0): Allowed maximum DRI level 2.
[349724.034] (==) NOUVEAU(0): GLX sync to VBlank enabled.
[349724.034] (==) NOUVEAU(0): Page flipping enabled
[349724.034] (==) NOUVEAU(0): Swap limit set to 1 [Max allowed 2]
[349724.034] (==) NOUVEAU(0): Page flipping synced to vblank by kernel.
[349724.034] (II) NOUVEAU(0): Initializing outputs ...
[349724.062] (II) NOUVEAU(0): Output DVI-I-1 has no monitor section
[349724.094] (II) NOUVEAU(0): Output DP-1 has no monitor section
[349724.155] (II) NOUVEAU(0): Output DP-2 has no monitor section
[349724.155] (II) NOUVEAU(0): 3 crtcs needed for screen.
[349724.157] (II) NOUVEAU(0): Allocated crtc nr. 0 to this screen.
[349724.157] (II) NOUVEAU(0): Allocated crtc nr. 1 to this screen.
[349724.185] (II) NOUVEAU(0): EDID for output DVI-I-1
[349724.185] (II) NOUVEAU(0): Manufacturer: DEL  Model: d05f  Serial#: 809978963
[349724.185] (II) NOUVEAU(0): Year: 2014  Week: 20
[349724.185] (II) NOUVEAU(0): EDID Version: 1.3
[349724.185] (II) NOUVEAU(0): Digital Display Input
[349724.185] (II) NOUVEAU(0): Max Image Size [cm]: horiz.: 60  vert.: 34
[349724.185] (II) NOUVEAU(0): Gamma: 2.20
[349724.185] (II) NOUVEAU(0): DPMS capabilities: StandBy Suspend Off
[349724.185] (II) NOUVEAU(0): Supported color encodings: RGB 4:4:4 YCrCb 4:4:4 
[349724.185] (II) NOUVEAU(0): First detailed timing is preferred mode
[349724.185] (II) NOUVEAU(0): redX: 0.645 redY: 0.336   greenX: 0.328 greenY: 0.615
[349724.185] (II) NOUVEAU(0): blueX: 0.146 blueY: 0.055   whiteX: 0.313 whiteY: 0.329
[349724.185] (II) NOUVEAU(0): Supported established timings:
[349724.185] (II) NOUVEAU(0): 720x400@70Hz
[349724.185] (II) NOUVEAU(0): 640x480@60Hz
[349724.185] (II) NOUVEAU(0): 640x480@75Hz
[349724.185] (II) NOUVEAU(0): 800x600@60Hz
[349724.186] (II) NOUVEAU(0): 800x600@75Hz
[349724.186] (II) NOUVEAU(0): 1024x768@60Hz
[349724.186] (II) NOUVEAU(0): 1024x768@75Hz
[349724.186] (II) NOUVEAU(0): 1280x1024@75Hz
[349724.186] (II) NOUVEAU(0): Manufacturer's mask: 0
[349724.186] (II) NOUVEAU(0): Supported standard timings:
[349724.186] (II) NOUVEAU(0): #0: hsize: 1152  vsize 864  refresh: 75  vid: 20337
[349724.186] (II) NOUVEAU(0): #1: hsize: 1280  vsize 1024  refresh: 60  vid: 32897
[349724.186] (II) NOUVEAU(0): #2: hsize: 1600  vsize 900  refresh: 60  vid: 49321
[349724.186] (II) NOUVEAU(0): #3: hsize: 1920  vsize 1080  refresh: 60  vid: 49361
[349724.186] (II) NOUVEAU(0): Supported detailed timing:
[349724.186] (II) NOUVEAU(0): clock: 148.5 MHz   Image Size:  598 x 336 mm
[349724.186] (II) NOUVEAU(0): h_active: 1920  h_sync: 2008  h_sync_end 2052 h_blank_end 2200 h_border: 0
[349724.186] (II) NOUVEAU(0): v_active: 1080  v_sync: 1084  v_sync_end 1089 v_blanking: 1125 v_border: 0
[349724.186] (II) NOUVEAU(0): Serial No: NV2C445H0GLS
[349724.186] (II) NOUVEAU(0): Monitor name: DELL P2714H
[349724.186] (II) NOUVEAU(0): Ranges: V min: 56 V max: 76 Hz, H min: 30 H max: 83 kHz, PixClock max 175 MHz
[349724.186] (II) NOUVEAU(0): EDID (in hex):
[349724.186] (II) NOUVEAU(0): 	00ffffffffffff0010ac5fd0534c4730
[349724.186] (II) NOUVEAU(0): 	14180103803c2278ea0245a556549d25
[349724.186] (II) NOUVEAU(0): 	0e5054a54b00714f8180a9c0d1c00101
[349724.186] (II) NOUVEAU(0): 	010101010101023a801871382d40582c
[349724.186] (II) NOUVEAU(0): 	450056502100001e000000ff004e5632
[349724.186] (II) NOUVEAU(0): 	433434354830474c530a000000fc0044
[349724.186] (II) NOUVEAU(0): 	454c4c205032373134480a20000000fd
[349724.186] (II) NOUVEAU(0): 	00384c1e5311000a2020202020200089
[349724.186] (II) NOUVEAU(0): Printing probed modes for output DVI-I-1
[349724.186] (II) NOUVEAU(0): Modeline "1920x1080"x60.0  148.50  1920 2008 2052 2200  1080 1084 1089 1125 +hsync +vsync (67.5 kHz eP)
[349724.186] (II) NOUVEAU(0): Modeline "1600x900"x60.0  108.00  1600 1624 1704 1800  900 901 904 1000 +hsync +vsync (60.0 kHz e)
[349724.186] (II) NOUVEAU(0): Modeline "1280x1024"x75.0  135.00  1280 1296 1440 1688  1024 1025 1028 1066 +hsync +vsync (80.0 kHz e)
[349724.186] (II) NOUVEAU(0): Modeline "1280x1024"x60.0  108.00  1280 1328 1440 1688  1024 1025 1028 1066 +hsync +vsync (64.0 kHz e)
[349724.186] (II) NOUVEAU(0): Modeline "1152x864"x75.0  108.00  1152 1216 1344 1600  864 865 868 900 +hsync +vsync (67.5 kHz e)
[349724.186] (II) NOUVEAU(0): Modeline "1024x768"x75.0   78.75  1024 1040 1136 1312  768 769 772 800 +hsync +vsync (60.0 kHz e)
[349724.186] (II) NOUVEAU(0): Modeline "1024x768"x60.0   65.00  1024 1048 1184 1344  768 771 777 806 -hsync -vsync (48.4 kHz e)
[349724.186] (II) NOUVEAU(0): Modeline "800x600"x75.0   49.50  800 816 896 1056  600 601 604 625 +hsync +vsync (46.9 kHz e)
[349724.186] (II) NOUVEAU(0): Modeline "800x600"x60.3   40.00  800 840 968 1056  600 601 605 628 +hsync +vsync (37.9 kHz e)
[349724.186] (II) NOUVEAU(0): Modeline "640x480"x75.0   31.50  640 656 720 840  480 481 484 500 -hsync -vsync (37.5 kHz e)
[349724.186] (II) NOUVEAU(0): Modeline "640x480"x59.9   25.18  640 656 752 800  480 490 492 525 -hsync -vsync (31.5 kHz e)
[349724.186] (II) NOUVEAU(0): Modeline "720x400"x70.1   28.32  720 738 846 900  400 412 414 449 -hsync +vsync (31.5 kHz e)
[349724.218] (II) NOUVEAU(0): EDID for output DP-1
[349724.279] (II) NOUVEAU(0): EDID for output DP-2
[349724.279] (II) NOUVEAU(0): Manufacturer: CAS  Model: 8043  Serial#: 16843009
[349724.279] (II) NOUVEAU(0): Year: 2009  Week: 52
[349724.279] (II) NOUVEAU(0): EDID Version: 1.3
[349724.279] (II) NOUVEAU(0): Digital Display Input
[349724.279] (II) NOUVEAU(0): Indeterminate output size
[349724.279] (II) NOUVEAU(0): Gamma: 2.20
[349724.279] (II) NOUVEAU(0): No DPMS capabilities specified
[349724.279] (II) NOUVEAU(0): Supported color encodings: RGB 4:4:4 YCrCb 4:4:4 
[349724.279] (II) NOUVEAU(0): First detailed timing is preferred mode
[349724.279] (II) NOUVEAU(0): redX: 0.700 redY: 0.295   greenX: 0.350 greenY: 0.625
[349724.279] (II) NOUVEAU(0): blueX: 0.143 blueY: 0.010   whiteX: 0.285 whiteY: 0.300
[349724.279] (II) NOUVEAU(0): Supported established timings:
[349724.279] (II) NOUVEAU(0): 640x480@60Hz
[349724.279] (II) NOUVEAU(0): 800x600@60Hz
[349724.279] (II) NOUVEAU(0): 1024x768@60Hz
[349724.279] (II) NOUVEAU(0): Manufacturer's mask: 0
[349724.279] (II) NOUVEAU(0): Supported standard timings:
[349724.279] (II) NOUVEAU(0): #0: hsize: 1280  vsize 1024  refresh: 60  vid: 32897
[349724.279] (II) NOUVEAU(0): #1: hsize: 1280  vsize 960  refresh: 60  vid: 16513
[349724.279] (II) NOUVEAU(0): #2: hsize: 1280  vsize 800  refresh: 60  vid: 129
[349724.279] (II) NOUVEAU(0): #3: hsize: 1400  vsize 1050  refresh: 60  vid: 16528
[349724.279] (II) NOUVEAU(0): Supported detailed timing:
[349724.279] (II) NOUVEAU(0): clock: 83.5 MHz   Image Size:  1291 x 807 mm
[349724.279] (II) NOUVEAU(0): h_active: 1280  h_sync: 1352  h_sync_end 1480 h_blank_end 1680 h_border: 0
[349724.279] (II) NOUVEAU(0): v_active: 800  v_sync: 803  v_sync_end 809 v_blanking: 831 v_border: 0
[349724.279] (II) NOUVEAU(0): Supported detailed timing:
[349724.279] (II) NOUVEAU(0): clock: 79.5 MHz   Image Size:  1306 x 783 mm
[349724.279] (II) NOUVEAU(0): h_active: 1280  h_sync: 1344  h_sync_end 1472 h_blank_end 1664 h_border: 0
[349724.279] (II) NOUVEAU(0): v_active: 768  v_sync: 771  v_sync_end 778 v_blanking: 798 v_border: 0
[349724.279] (II) NOUVEAU(0): Monitor name: CASIO-PJ
[349724.279] (II) NOUVEAU(0): Ranges: V min: 50 V max: 85 Hz, H min: 15 H max: 75 kHz, PixClock max 175 MHz
[349724.279] (II) NOUVEAU(0): Supported detailed timing:
[349724.279] (II) NOUVEAU(0): clock: 74.2 MHz   Image Size:  1327 x 746 mm
[349724.279] (II) NOUVEAU(0): h_active: 1280  h_sync: 1390  h_sync_end 1430 h_blank_end 1650 h_border: 0
[349724.279] (II) NOUVEAU(0): v_active: 720  v_sync: 725  v_sync_end 730 v_blanking: 750 v_border: 0
[349724.279] (II) NOUVEAU(0): Supported detailed timing:
[349724.279] (II) NOUVEAU(0): clock: 74.2 MHz   Image Size:  1327 x 746 mm
[349724.279] (II) NOUVEAU(0): h_active: 1280  h_sync: 1720  h_sync_end 1760 h_blank_end 1980 h_border: 0
[349724.279] (II) NOUVEAU(0): v_active: 720  v_sync: 725  v_sync_end 730 v_blanking: 750 v_border: 0
[349724.279] (II) NOUVEAU(0): Supported detailed timing:
[349724.279] (II) NOUVEAU(0): clock: 74.2 MHz   Image Size:  1327 x 746 mm
[349724.279] (II) NOUVEAU(0): h_active: 1920  h_sync: 2008  h_sync_end 2052 h_blank_end 2200 h_border: 0
[349724.279] (II) NOUVEAU(0): v_active: 540  v_sync: 542  v_sync_end 547 v_blanking: 562 v_border: 0
[349724.279] (II) NOUVEAU(0): Supported detailed timing:
[349724.279] (II) NOUVEAU(0): clock: 74.2 MHz   Image Size:  1327 x 746 mm
[349724.279] (II) NOUVEAU(0): h_active: 1920  h_sync: 2448  h_sync_end 2492 h_blank_end 2640 h_border: 0
[349724.279] (II) NOUVEAU(0): v_active: 540  v_sync: 542  v_sync_end 547 v_blanking: 562 v_border: 0
[349724.279] (II) NOUVEAU(0): Supported detailed timing:
[349724.280] (II) NOUVEAU(0): clock: 65.0 MHz   Image Size:  1218 x 914 mm
[349724.280] (II) NOUVEAU(0): h_active: 1024  h_sync: 1048  h_sync_end 1184 h_blank_end 1344 h_border: 0
[349724.280] (II) NOUVEAU(0): v_active: 768  v_sync: 771  v_sync_end 777 v_blanking: 806 v_border: 0
[349724.280] (II) NOUVEAU(0): Number of EDID sections to follow: 1
[349724.280] (II) NOUVEAU(0): EDID (in hex):
[349724.280] (II) NOUVEAU(0): 	00ffffffffffff000c33438001010101
[349724.280] (II) NOUVEAU(0): 	34130103800000780a68a3b34b59a024
[349724.280] (II) NOUVEAU(0): 	02494c21080081808140810090400101
[349724.280] (II) NOUVEAU(0): 	0101010101019e20009051201f304880
[349724.280] (II) NOUVEAU(0): 	36000b275300001c0e1f008051001e30
[349724.280] (II) NOUVEAU(0): 	408037001a0f5300001c000000fc0043
[349724.280] (II) NOUVEAU(0): 	4153494f2d504a0a20202020000000fd
[349724.280] (II) NOUVEAU(0): 	0032550f4b11000a20202020202001b4
[349724.280] (II) NOUVEAU(0): 	02031e754b0413101f05140203111201
[349724.280] (II) NOUVEAU(0): 	230907078301000065030c001000011d
[349724.280] (II) NOUVEAU(0): 	007251d01e206e2855002fea5200001e
[349724.280] (II) NOUVEAU(0): 	011d00bc52d01e20b82855402fea5200
[349724.280] (II) NOUVEAU(0): 	001e011d8018711c1620582c25002fea
[349724.280] (II) NOUVEAU(0): 	5200009e011d80d0721c1620102c2580
[349724.280] (II) NOUVEAU(0): 	2fea5200009e64190040410026301888
[349724.280] (II) NOUVEAU(0): 	3600c292430000180000000000000098
[349724.280] (II) NOUVEAU(0): Printing probed modes for output DP-2
[349724.280] (II) NOUVEAU(0): Modeline "1280x800"x59.8   83.50  1280 1352 1480 1680  800 803 809 831 -hsync +vsync (49.7 kHz eP)
[349724.280] (II) NOUVEAU(0): Modeline "1920x1080"x60.0  148.50  1920 2008 2052 2200  1080 1084 1089 1125 +hsync +vsync (67.5 kHz e)
[349724.280] (II) NOUVEAU(0): Modeline "1920x1080"x50.0  148.50  1920 2448 2492 2640  1080 1084 1089 1125 +hsync +vsync (56.2 kHz e)
[349724.280] (II) NOUVEAU(0): Modeline "1920x1080"x59.9  148.35  1920 2008 2052 2200  1080 1084 1089 1125 +hsync +vsync (67.4 kHz e)
[349724.280] (II) NOUVEAU(0): Modeline "1920x1080i"x60.0   74.25  1920 2008 2052 2200  1080 1084 1094 1125 interlace +hsync +vsync (33.8 kHz e)
[349724.280] (II) NOUVEAU(0): Modeline "1920x1080i"x50.0   74.25  1920 2448 2492 2640  1080 1084 1094 1125 interlace +hsync +vsync (28.1 kHz e)
[349724.280] (II) NOUVEAU(0): Modeline "1920x1080i"x59.9   74.18  1920 2008 2052 2200  1080 1084 1094 1125 interlace +hsync +vsync (33.7 kHz e)
[349724.280] (II) NOUVEAU(0): Modeline "1400x1050"x59.9  101.00  1400 1448 1480 1560  1050 1053 1057 1080 +hsync -vsync (64.7 kHz e)
[349724.280] (II) NOUVEAU(0): Modeline "1280x1024"x60.0  108.00  1280 1328 1440 1688  1024 1025 1028 1066 +hsync +vsync (64.0 kHz e)
[349724.280] (II) NOUVEAU(0): Modeline "1280x960"x60.0  108.00  1280 1376 1488 1800  960 961 964 1000 +hsync +vsync (60.0 kHz e)
[349724.280] (II) NOUVEAU(0): Modeline "1280x768"x59.9   79.50  1280 1344 1472 1664  768 771 778 798 -hsync +vsync (47.8 kHz e)
[349724.280] (II) NOUVEAU(0): Modeline "1280x720"x60.0   74.25  1280 1390 1430 1650  720 725 730 750 +hsync +vsync (45.0 kHz e)
[349724.280] (II) NOUVEAU(0): Modeline "1280x720"x50.0   74.25  1280 1720 1760 1980  720 725 730 750 +hsync +vsync (37.5 kHz e)
[349724.280] (II) NOUVEAU(0): Modeline "1280x720"x59.9   74.18  1280 1390 1430 1650  720 725 730 750 +hsync +vsync (45.0 kHz e)
[349724.280] (II) NOUVEAU(0): Modeline "1024x768"x60.0   65.00  1024 1048 1184 1344  768 771 777 806 -hsync -vsync (48.4 kHz e)
[349724.280] (II) NOUVEAU(0): Modeline "800x600"x60.3   40.00  800 840 968 1056  600 601 605 628 +hsync +vsync (37.9 kHz e)
[349724.280] (II) NOUVEAU(0): Modeline "720x576"x50.0   27.00  720 732 796 864  576 581 586 625 -hsync -vsync (31.2 kHz e)
[349724.280] (II) NOUVEAU(0): Modeline "720x480"x60.0   27.03  720 736 798 858  480 489 495 525 -hsync -vsync (31.5 kHz e)
[349724.280] (II) NOUVEAU(0): Modeline "720x480"x59.9   27.00  720 736 798 858  480 489 495 525 -hsync -vsync (31.5 kHz e)
[349724.280] (II) NOUVEAU(0): Modeline "640x480"x60.0   25.20  640 656 752 800  480 490 492 525 -hsync -vsync (31.5 kHz e)
[349724.280] (II) NOUVEAU(0): Modeline "640x480"x59.9   25.18  640 656 752 800  480 490 492 525 -hsync -vsync (31.5 kHz e)
[349724.280] (II) NOUVEAU(0): Output DVI-I-1 connected
[349724.280] (II) NOUVEAU(0): Output DP-1 disconnected
[349724.280] (II) NOUVEAU(0): Output DP-2 connected
[349724.280] (II) NOUVEAU(0): Using spanning desktop for initial modes
[349724.280] (II) NOUVEAU(0): Output DVI-I-1 using initial mode 1920x1080 +0+0
[349724.280] (II) NOUVEAU(0): Output DP-2 using initial mode 1280x800 +1920+0
[349724.280] (II) NOUVEAU(0): Using default gamma of (1.0, 1.0, 1.0) unless otherwise stated.
[349724.280] (--) NOUVEAU(0): Virtual size is 3200x1080 (pitch 0)
[349724.280] (**) NOUVEAU(0):  Driver mode "1920x1080": 148.5 MHz (scaled from 0.0 MHz), 67.5 kHz, 60.0 Hz
[349724.280] (II) NOUVEAU(0): Modeline "1920x1080"x60.0  148.50  1920 2008 2052 2200  1080 1084 1089 1125 +hsync +vsync (67.5 kHz eP)
[349724.280] (**) NOUVEAU(0):  Driver mode "1600x900": 108.0 MHz (scaled from 0.0 MHz), 60.0 kHz, 60.0 Hz
[349724.280] (II) NOUVEAU(0): Modeline "1600x900"x60.0  108.00  1600 1624 1704 1800  900 901 904 1000 +hsync +vsync (60.0 kHz e)
[349724.280] (**) NOUVEAU(0):  Driver mode "1280x1024": 135.0 MHz (scaled from 0.0 MHz), 80.0 kHz, 75.0 Hz
[349724.280] (II) NOUVEAU(0): Modeline "1280x1024"x75.0  135.00  1280 1296 1440 1688  1024 1025 1028 1066 +hsync +vsync (80.0 kHz e)
[349724.280] (**) NOUVEAU(0):  Driver mode "1280x1024": 108.0 MHz (scaled from 0.0 MHz), 64.0 kHz, 60.0 Hz
[349724.280] (II) NOUVEAU(0): Modeline "1280x1024"x60.0  108.00  1280 1328 1440 1688  1024 1025 1028 1066 +hsync +vsync (64.0 kHz e)
[349724.280] (**) NOUVEAU(0):  Driver mode "1152x864": 108.0 MHz (scaled from 0.0 MHz), 67.5 kHz, 75.0 Hz
[349724.280] (II) NOUVEAU(0): Modeline "1152x864"x75.0  108.00  1152 1216 1344 1600  864 865 868 900 +hsync +vsync (67.5 kHz e)
[349724.280] (**) NOUVEAU(0):  Driver mode "1024x768": 78.8 MHz (scaled from 0.0 MHz), 60.0 kHz, 75.0 Hz
[349724.280] (II) NOUVEAU(0): Modeline "1024x768"x75.0   78.75  1024 1040 1136 1312  768 769 772 800 +hsync +vsync (60.0 kHz e)
[349724.280] (**) NOUVEAU(0):  Driver mode "1024x768": 65.0 MHz (scaled from 0.0 MHz), 48.4 kHz, 60.0 Hz
[349724.280] (II) NOUVEAU(0): Modeline "1024x768"x60.0   65.00  1024 1048 1184 1344  768 771 777 806 -hsync -vsync (48.4 kHz e)
[349724.280] (**) NOUVEAU(0):  Driver mode "800x600": 49.5 MHz (scaled from 0.0 MHz), 46.9 kHz, 75.0 Hz
[349724.280] (II) NOUVEAU(0): Modeline "800x600"x75.0   49.50  800 816 896 1056  600 601 604 625 +hsync +vsync (46.9 kHz e)
[349724.280] (**) NOUVEAU(0):  Driver mode "800x600": 40.0 MHz (scaled from 0.0 MHz), 37.9 kHz, 60.3 Hz
[349724.280] (II) NOUVEAU(0): Modeline "800x600"x60.3   40.00  800 840 968 1056  600 601 605 628 +hsync +vsync (37.9 kHz e)
[349724.280] (**) NOUVEAU(0):  Driver mode "640x480": 31.5 MHz (scaled from 0.0 MHz), 37.5 kHz, 75.0 Hz
[349724.280] (II) NOUVEAU(0): Modeline "640x480"x75.0   31.50  640 656 720 840  480 481 484 500 -hsync -vsync (37.5 kHz e)
[349724.280] (**) NOUVEAU(0):  Driver mode "640x480": 25.2 MHz (scaled from 0.0 MHz), 31.5 kHz, 59.9 Hz
[349724.280] (II) NOUVEAU(0): Modeline "640x480"x59.9   25.18  640 656 752 800  480 490 492 525 -hsync -vsync (31.5 kHz e)
[349724.280] (**) NOUVEAU(0):  Driver mode "720x400": 28.3 MHz (scaled from 0.0 MHz), 31.5 kHz, 70.1 Hz
[349724.280] (II) NOUVEAU(0): Modeline "720x400"x70.1   28.32  720 738 846 900  400 412 414 449 -hsync +vsync (31.5 kHz e)
[349724.280] (==) NOUVEAU(0): DPI set to (96, 96)
[349724.280] (II) Loading sub module "fb"
[349724.280] (II) LoadModule: "fb"
[349724.280] (II) Loading /usr/lib64/xorg/modules/libfb.so
[349724.281] (II) Module fb: vendor="X.Org Foundation"
[349724.281] 	compiled for 1.18.4, module version = 1.0.0
[349724.281] 	ABI class: X.Org ANSI C Emulation, version 0.4
[349724.281] (II) Loading sub module "shadowfb"
[349724.281] (II) LoadModule: "shadowfb"
[349724.281] (II) Loading /usr/lib64/xorg/modules/libshadowfb.so
[349724.281] (II) Module shadowfb: vendor="X.Org Foundation"
[349724.281] 	compiled for 1.18.4, module version = 1.0.0
[349724.281] 	ABI class: X.Org ANSI C Emulation, version 0.4
[349724.281] (II) UnloadModule: "modesetting"
[349724.281] (II) Unloading modesetting
[349724.281] (II) UnloadModule: "fbdev"
[349724.281] (II) Unloading fbdev
[349724.281] (II) UnloadSubModule: "fbdevhw"
[349724.281] (II) Unloading fbdevhw
[349724.281] (II) UnloadModule: "vesa"
[349724.281] (II) Unloading vesa
[349724.281] (--) Depth 24 pixmap format is 32 bpp
[349724.304] (II) NOUVEAU(0): Channel setup complete.
[349724.324] (II) NOUVEAU(0): [COPY] async initialised.
[349724.324] (II) NOUVEAU(0): Hardware support for Present enabled
[349724.324] (II) NOUVEAU(0): [DRI2] Setup complete
[349724.324] (II) NOUVEAU(0): [DRI2]   DRI driver: nouveau
[349724.324] (II) NOUVEAU(0): [DRI2]   VDPAU driver: nouveau
[349724.324] (II) Loading sub module "exa"
[349724.324] (II) LoadModule: "exa"
[349724.324] (II) Loading /usr/lib64/xorg/modules/libexa.so
[349724.325] (II) Module exa: vendor="X.Org Foundation"
[349724.325] 	compiled for 1.18.4, module version = 2.6.0
[349724.325] 	ABI class: X.Org Video Driver, version 20.0
[349724.325] (II) EXA(0): Driver allocated offscreen pixmaps
[349724.325] (II) EXA(0): Driver registered support for the following operations:
[349724.325] (II)         Solid
[349724.325] (II)         Copy
[349724.325] (II)         Composite (RENDER acceleration)
[349724.325] (II)         UploadToScreen
[349724.325] (II)         DownloadFromScreen
[349724.325] (==) NOUVEAU(0): Backing store enabled
[349724.325] (==) NOUVEAU(0): Silken mouse enabled
[349724.325] (II) NOUVEAU(0): [XvMC] Associated with Nouveau GeForce 8/9 Textured Video.
[349724.325] (II) NOUVEAU(0): [XvMC] Extension initialized.
[349724.325] (==) NOUVEAU(0): DPMS enabled
[349724.325] (II) NOUVEAU(0): RandR 1.2 enabled, ignore the following RandR disabled message.
[349724.325] (--) RandR disabled
[349724.330] (II) SELinux: Disabled on system
[349724.361] (II) AIGLX: enabled GLX_MESA_copy_sub_buffer
[349724.361] (II) AIGLX: enabled GLX_ARB_create_context
[349724.361] (II) AIGLX: enabled GLX_ARB_create_context_profile
[349724.361] (II) AIGLX: enabled GLX_EXT_create_context_es{,2}_profile
[349724.361] (II) AIGLX: enabled GLX_INTEL_swap_event
[349724.361] (II) AIGLX: enabled GLX_SGI_swap_control and GLX_MESA_swap_control
[349724.362] (II) AIGLX: enabled GLX_EXT_framebuffer_sRGB
[349724.362] (II) AIGLX: enabled GLX_ARB_fbconfig_float
[349724.362] (II) AIGLX: enabled GLX_EXT_fbconfig_packed_float
[349724.362] (II) AIGLX: GLX_EXT_texture_from_pixmap backed by buffer objects
[349724.363] (II) AIGLX: Loaded and initialized nouveau
[349724.363] (II) GLX: Initialized DRI2 GL provider for screen 0
[349724.368] (II) NOUVEAU(0): NVEnterVT is called.
[349724.411] (II) NOUVEAU(0): Setting screen physical size to 846 x 285
[349724.411] resize called 3200 1080
[349724.450] (II) config/udev: Adding input device Power Button (/dev/input/event1)
[349724.450] (**) Power Button: Applying InputClass "evdev keyboard catchall"
[349724.450] (**) Power Button: Applying InputClass "libinput keyboard catchall"
[349724.451] (**) Power Button: Applying InputClass "system-keyboard"
[349724.451] (II) LoadModule: "libinput"
[349724.451] (II) Loading /usr/lib64/xorg/modules/input/libinput_drv.so
[349724.454] (II) Module libinput: vendor="X.Org Foundation"
[349724.454] 	compiled for 1.18.3, module version = 0.19.0
[349724.454] 	Module class: X.Org XInput Driver
[349724.454] 	ABI class: X.Org XInput driver, version 22.1
[349724.455] (II) systemd-logind: got fd for /dev/input/event1 13:65 fd 15 paused 0
[349724.455] (II) Using input driver 'libinput' for 'Power Button'
[349724.455] (**) Power Button: always reports core events
[349724.455] (**) Option "Device" "/dev/input/event1"
[349724.455] (**) Option "_source" "server/udev"
[349724.456] (II) input device 'Power Button', /dev/input/event1 is tagged by udev as: Keyboard
[349724.456] (II) input device 'Power Button', /dev/input/event1 is a keyboard
[349724.456] (**) Option "config_info" "udev:/sys/devices/LNXSYSTM:00/LNXPWRBN:00/input/input1/event1"
[349724.456] (II) XINPUT: Adding extended input device "Power Button" (type: KEYBOARD, id 6)
[349724.456] (**) Option "xkb_layout" "us"
[349724.456] (II) input device 'Power Button', /dev/input/event1 is tagged by udev as: Keyboard
[349724.456] (II) input device 'Power Button', /dev/input/event1 is a keyboard
[349724.457] (II) config/udev: Adding input device Power Button (/dev/input/event0)
[349724.457] (**) Power Button: Applying InputClass "evdev keyboard catchall"
[349724.457] (**) Power Button: Applying InputClass "libinput keyboard catchall"
[349724.457] (**) Power Button: Applying InputClass "system-keyboard"
[349724.457] (II) systemd-logind: got fd for /dev/input/event0 13:64 fd 18 paused 0
[349724.457] (II) Using input driver 'libinput' for 'Power Button'
[349724.457] (**) Power Button: always reports core events
[349724.457] (**) Option "Device" "/dev/input/event0"
[349724.457] (**) Option "_source" "server/udev"
[349724.458] (II) input device 'Power Button', /dev/input/event0 is tagged by udev as: Keyboard
[349724.458] (II) input device 'Power Button', /dev/input/event0 is a keyboard
[349724.458] (**) Option "config_info" "udev:/sys/devices/LNXSYSTM:00/LNXSYBUS:00/PNP0C0C:00/input/input0/event0"
[349724.458] (II) XINPUT: Adding extended input device "Power Button" (type: KEYBOARD, id 7)
[349724.458] (**) Option "xkb_layout" "us"
[349724.458] (II) input device 'Power Button', /dev/input/event0 is tagged by udev as: Keyboard
[349724.458] (II) input device 'Power Button', /dev/input/event0 is a keyboard
[349724.459] (II) config/udev: Adding input device HDA NVidia HDMI/DP,pcm=3 (/dev/input/event10)
[349724.459] (II) No input driver specified, ignoring this device.
[349724.459] (II) This device may have been added with another device file.
[349724.460] (II) config/udev: Adding input device HDA NVidia HDMI/DP,pcm=7 (/dev/input/event11)
[349724.460] (II) No input driver specified, ignoring this device.
[349724.460] (II) This device may have been added with another device file.
[349724.460] (II) config/udev: Adding input device HDA NVidia HDMI/DP,pcm=8 (/dev/input/event12)
[349724.460] (II) No input driver specified, ignoring this device.
[349724.461] (II) This device may have been added with another device file.
[349724.461] (II) config/udev: Adding input device HDA NVidia HDMI/DP,pcm=9 (/dev/input/event13)
[349724.461] (II) No input driver specified, ignoring this device.
[349724.461] (II) This device may have been added with another device file.
[349724.462] (II) config/udev: Adding input device HDA Intel PCH Line (/dev/input/event7)
[349724.462] (II) No input driver specified, ignoring this device.
[349724.462] (II) This device may have been added with another device file.
[349724.462] (II) config/udev: Adding input device HDA Intel PCH Line Out (/dev/input/event8)
[349724.462] (II) No input driver specified, ignoring this device.
[349724.462] (II) This device may have been added with another device file.
[349724.463] (II) config/udev: Adding input device HDA Intel PCH Front Headphone (/dev/input/event9)
[349724.463] (II) No input driver specified, ignoring this device.
[349724.463] (II) This device may have been added with another device file.
[349724.463] (II) config/udev: Adding input device HDA Intel PCH Front Mic (/dev/input/event5)
[349724.463] (II) No input driver specified, ignoring this device.
[349724.463] (II) This device may have been added with another device file.
[349724.464] (II) config/udev: Adding input device HDA Intel PCH Rear Mic (/dev/input/event6)
[349724.464] (II) No input driver specified, ignoring this device.
[349724.464] (II) This device may have been added with another device file.
[349724.464] (II) config/udev: Adding input device Logitech USB Optical Mouse (/dev/input/event2)
[349724.464] (**) Logitech USB Optical Mouse: Applying InputClass "evdev pointer catchall"
[349724.464] (**) Logitech USB Optical Mouse: Applying InputClass "libinput pointer catchall"
[349724.516] (II) systemd-logind: got fd for /dev/input/event2 13:66 fd 19 paused 0
[349724.516] (II) Using input driver 'libinput' for 'Logitech USB Optical Mouse'
[349724.516] (**) Logitech USB Optical Mouse: always reports core events
[349724.516] (**) Option "Device" "/dev/input/event2"
[349724.516] (**) Option "_source" "server/udev"
[349724.516] (II) input device 'Logitech USB Optical Mouse', /dev/input/event2 is tagged by udev as: Mouse
[349724.516] (II) input device 'Logitech USB Optical Mouse', /dev/input/event2 is a pointer caps
[349724.517] (**) Option "config_info" "udev:/sys/devices/pci0000:00/0000:00:1d.0/usb2/2-1/2-1.1/2-1.1:1.0/0003:046D:C077.0001/input/input5/event2"
[349724.517] (II) XINPUT: Adding extended input device "Logitech USB Optical Mouse" (type: MOUSE, id 8)
[349724.517] (**) Option "AccelerationScheme" "none"
[349724.517] (**) Logitech USB Optical Mouse: (accel) selected scheme none/0
[349724.517] (**) Logitech USB Optical Mouse: (accel) acceleration factor: 2.000
[349724.517] (**) Logitech USB Optical Mouse: (accel) acceleration threshold: 4
[349724.517] (II) input device 'Logitech USB Optical Mouse', /dev/input/event2 is tagged by udev as: Mouse
[349724.517] (II) input device 'Logitech USB Optical Mouse', /dev/input/event2 is a pointer caps
[349724.518] (II) config/udev: Adding input device Logitech USB Optical Mouse (/dev/input/mouse0)
[349724.518] (II) No input driver specified, ignoring this device.
[349724.518] (II) This device may have been added with another device file.
[349724.519] (II) config/udev: Adding input device Lite-On Technology Corp. HP Basic USB Keyboard (/dev/input/event3)
[349724.519] (**) Lite-On Technology Corp. HP Basic USB Keyboard: Applying InputClass "evdev keyboard catchall"
[349724.519] (**) Lite-On Technology Corp. HP Basic USB Keyboard: Applying InputClass "libinput keyboard catchall"
[349724.519] (**) Lite-On Technology Corp. HP Basic USB Keyboard: Applying InputClass "system-keyboard"
[349724.520] (II) systemd-logind: got fd for /dev/input/event3 13:67 fd 20 paused 0
[349724.520] (II) Using input driver 'libinput' for 'Lite-On Technology Corp. HP Basic USB Keyboard'
[349724.520] (**) Lite-On Technology Corp. HP Basic USB Keyboard: always reports core events
[349724.520] (**) Option "Device" "/dev/input/event3"
[349724.520] (**) Option "_source" "server/udev"
[349724.520] (II) input device 'Lite-On Technology Corp. HP Basic USB Keyboard', /dev/input/event3 is tagged by udev as: Keyboard
[349724.520] (II) input device 'Lite-On Technology Corp. HP Basic USB Keyboard', /dev/input/event3 is a keyboard
[349724.520] (**) Option "config_info" "udev:/sys/devices/pci0000:00/0000:00:1d.0/usb2/2-1/2-1.3/2-1.3:1.0/0003:03F0:0324.0002/input/input6/event3"
[349724.520] (II) XINPUT: Adding extended input device "Lite-On Technology Corp. HP Basic USB Keyboard" (type: KEYBOARD, id 9)
[349724.520] (**) Option "xkb_layout" "us"
[349724.521] (II) input device 'Lite-On Technology Corp. HP Basic USB Keyboard', /dev/input/event3 is tagged by udev as: Keyboard
[349724.521] (II) input device 'Lite-On Technology Corp. HP Basic USB Keyboard', /dev/input/event3 is a keyboard
[349724.524] (II) config/udev: Adding input device HP WMI hotkeys (/dev/input/event4)
[349724.524] (**) HP WMI hotkeys: Applying InputClass "evdev keyboard catchall"
[349724.524] (**) HP WMI hotkeys: Applying InputClass "libinput keyboard catchall"
[349724.524] (**) HP WMI hotkeys: Applying InputClass "system-keyboard"
[349724.524] (II) systemd-logind: got fd for /dev/input/event4 13:68 fd 21 paused 0
[349724.524] (II) Using input driver 'libinput' for 'HP WMI hotkeys'
[349724.524] (**) HP WMI hotkeys: always reports core events
[349724.524] (**) Option "Device" "/dev/input/event4"
[349724.524] (**) Option "_source" "server/udev"
[349724.525] (II) input device 'HP WMI hotkeys', /dev/input/event4 is tagged by udev as: Keyboard
[349724.525] (II) input device 'HP WMI hotkeys', /dev/input/event4 is a keyboard
[349724.525] (**) Option "config_info" "udev:/sys/devices/virtual/input/input7/event4"
[349724.525] (II) XINPUT: Adding extended input device "HP WMI hotkeys" (type: KEYBOARD, id 10)
[349724.525] (**) Option "xkb_layout" "us"
[349724.525] (II) input device 'HP WMI hotkeys', /dev/input/event4 is tagged by udev as: Keyboard
[349724.525] (II) input device 'HP WMI hotkeys', /dev/input/event4 is a keyboard
[349725.444] (II) NOUVEAU(0): EDID vendor "DEL", prod id 53343
[349725.444] (II) NOUVEAU(0): Using EDID range info for horizontal sync
[349725.444] (II) NOUVEAU(0): Using EDID range info for vertical refresh
[349725.444] (II) NOUVEAU(0): Printing DDC gathered Modelines:
[349725.444] (II) NOUVEAU(0): Modeline "1920x1080"x0.0  148.50  1920 2008 2052 2200  1080 1084 1089 1125 +hsync +vsync (67.5 kHz eP)
[349725.444] (II) NOUVEAU(0): Modeline "800x600"x0.0   40.00  800 840 968 1056  600 601 605 628 +hsync +vsync (37.9 kHz e)
[349725.444] (II) NOUVEAU(0): Modeline "640x480"x0.0   31.50  640 656 720 840  480 481 484 500 -hsync -vsync (37.5 kHz e)
[349725.444] (II) NOUVEAU(0): Modeline "640x480"x0.0   25.18  640 656 752 800  480 490 492 525 -hsync -vsync (31.5 kHz e)
[349725.444] (II) NOUVEAU(0): Modeline "720x400"x0.0   28.32  720 738 846 900  400 412 414 449 -hsync +vsync (31.5 kHz e)
[349725.444] (II) NOUVEAU(0): Modeline "1280x1024"x0.0  135.00  1280 1296 1440 1688  1024 1025 1028 1066 +hsync +vsync (80.0 kHz e)
[349725.444] (II) NOUVEAU(0): Modeline "1024x768"x0.0   78.75  1024 1040 1136 1312  768 769 772 800 +hsync +vsync (60.0 kHz e)
[349725.444] (II) NOUVEAU(0): Modeline "1024x768"x0.0   65.00  1024 1048 1184 1344  768 771 777 806 -hsync -vsync (48.4 kHz e)
[349725.444] (II) NOUVEAU(0): Modeline "800x600"x0.0   49.50  800 816 896 1056  600 601 604 625 +hsync +vsync (46.9 kHz e)
[349725.444] (II) NOUVEAU(0): Modeline "1152x864"x0.0  108.00  1152 1216 1344 1600  864 865 868 900 +hsync +vsync (67.5 kHz e)
[349725.444] (II) NOUVEAU(0): Modeline "1280x1024"x0.0  108.00  1280 1328 1440 1688  1024 1025 1028 1066 +hsync +vsync (64.0 kHz e)
[349725.444] (II) NOUVEAU(0): Modeline "1600x900"x60.0  119.00  1600 1696 1864 2128  900 901 904 932 -hsync +vsync (55.9 kHz e)
[349725.444] (II) NOUVEAU(0): Modeline "1920x1080"x60.0  172.80  1920 2040 2248 2576  1080 1081 1084 1118 -hsync +vsync (67.1 kHz e)
[349725.892] resize called 3200 1080
[349754.239] (II) NOUVEAU(0): EDID vendor "DEL", prod id 53343
[349754.239] (II) NOUVEAU(0): Using hsync ranges from config file
[349754.239] (II) NOUVEAU(0): Using vrefresh ranges from config file
[349754.239] (II) NOUVEAU(0): Printing DDC gathered Modelines:
[349754.239] (II) NOUVEAU(0): Modeline "1920x1080"x0.0  148.50  1920 2008 2052 2200  1080 1084 1089 1125 +hsync +vsync (67.5 kHz eP)
[349754.239] (II) NOUVEAU(0): Modeline "800x600"x0.0   40.00  800 840 968 1056  600 601 605 628 +hsync +vsync (37.9 kHz e)
[349754.239] (II) NOUVEAU(0): Modeline "640x480"x0.0   31.50  640 656 720 840  480 481 484 500 -hsync -vsync (37.5 kHz e)
[349754.239] (II) NOUVEAU(0): Modeline "640x480"x0.0   25.18  640 656 752 800  480 490 492 525 -hsync -vsync (31.5 kHz e)
[349754.239] (II) NOUVEAU(0): Modeline "720x400"x0.0   28.32  720 738 846 900  400 412 414 449 -hsync +vsync (31.5 kHz e)
[349754.239] (II) NOUVEAU(0): Modeline "1280x1024"x0.0  135.00  1280 1296 1440 1688  1024 1025 1028 1066 +hsync +vsync (80.0 kHz e)
[349754.239] (II) NOUVEAU(0): Modeline "1024x768"x0.0   78.75  1024 1040 1136 1312  768 769 772 800 +hsync +vsync (60.0 kHz e)
[349754.239] (II) NOUVEAU(0): Modeline "1024x768"x0.0   65.00  1024 1048 1184 1344  768 771 777 806 -hsync -vsync (48.4 kHz e)
[349754.239] (II) NOUVEAU(0): Modeline "800x600"x0.0   49.50  800 816 896 1056  600 601 604 625 +hsync +vsync (46.9 kHz e)
[349754.239] (II) NOUVEAU(0): Modeline "1152x864"x0.0  108.00  1152 1216 1344 1600  864 865 868 900 +hsync +vsync (67.5 kHz e)
[349754.239] (II) NOUVEAU(0): Modeline "1280x1024"x0.0  108.00  1280 1328 1440 1688  1024 1025 1028 1066 +hsync +vsync (64.0 kHz e)
[349754.239] (II) NOUVEAU(0): Modeline "1600x900"x60.0  119.00  1600 1696 1864 2128  900 901 904 932 -hsync +vsync (55.9 kHz e)
[349754.239] (II) NOUVEAU(0): Modeline "1920x1080"x60.0  172.80  1920 2040 2248 2576  1080 1081 1084 1118 -hsync +vsync (67.1 kHz e)
[349755.729] (II) NOUVEAU(0): EDID vendor "DEL", prod id 53343
[349755.730] (II) NOUVEAU(0): Using hsync ranges from config file
[349755.730] (II) NOUVEAU(0): Using vrefresh ranges from config file
[349755.730] (II) NOUVEAU(0): Printing DDC gathered Modelines:
[349755.730] (II) NOUVEAU(0): Modeline "1920x1080"x0.0  148.50  1920 2008 2052 2200  1080 1084 1089 1125 +hsync +vsync (67.5 kHz eP)
[349755.731] (II) NOUVEAU(0): Modeline "800x600"x0.0   40.00  800 840 968 1056  600 601 605 628 +hsync +vsync (37.9 kHz e)
[349755.731] (II) NOUVEAU(0): Modeline "640x480"x0.0   31.50  640 656 720 840  480 481 484 500 -hsync -vsync (37.5 kHz e)
[349755.731] (II) NOUVEAU(0): Modeline "640x480"x0.0   25.18  640 656 752 800  480 490 492 525 -hsync -vsync (31.5 kHz e)
[349755.732] (II) NOUVEAU(0): Modeline "720x400"x0.0   28.32  720 738 846 900  400 412 414 449 -hsync +vsync (31.5 kHz e)
[349755.732] (II) NOUVEAU(0): Modeline "1280x1024"x0.0  135.00  1280 1296 1440 1688  1024 1025 1028 1066 +hsync +vsync (80.0 kHz e)
[349755.732] (II) NOUVEAU(0): Modeline "1024x768"x0.0   78.75  1024 1040 1136 1312  768 769 772 800 +hsync +vsync (60.0 kHz e)
[349755.732] (II) NOUVEAU(0): Modeline "1024x768"x0.0   65.00  1024 1048 1184 1344  768 771 777 806 -hsync -vsync (48.4 kHz e)
[349755.733] (II) NOUVEAU(0): Modeline "800x600"x0.0   49.50  800 816 896 1056  600 601 604 625 +hsync +vsync (46.9 kHz e)
[349755.733] (II) NOUVEAU(0): Modeline "1152x864"x0.0  108.00  1152 1216 1344 1600  864 865 868 900 +hsync +vsync (67.5 kHz e)
[349755.733] (II) NOUVEAU(0): Modeline "1280x1024"x0.0  108.00  1280 1328 1440 1688  1024 1025 1028 1066 +hsync +vsync (64.0 kHz e)
[349755.733] (II) NOUVEAU(0): Modeline "1600x900"x60.0  119.00  1600 1696 1864 2128  900 901 904 932 -hsync +vsync (55.9 kHz e)
[349755.734] (II) NOUVEAU(0): Modeline "1920x1080"x60.0  172.80  1920 2040 2248 2576  1080 1081 1084 1118 -hsync +vsync (67.1 kHz e)
[349755.872] (II) NOUVEAU(0): EDID vendor "DEL", prod id 53343
[349755.872] (II) NOUVEAU(0): Using hsync ranges from config file
[349755.872] (II) NOUVEAU(0): Using vrefresh ranges from config file
[349755.872] (II) NOUVEAU(0): Printing DDC gathered Modelines:
[349755.872] (II) NOUVEAU(0): Modeline "1920x1080"x0.0  148.50  1920 2008 2052 2200  1080 1084 1089 1125 +hsync +vsync (67.5 kHz eP)
[349755.872] (II) NOUVEAU(0): Modeline "800x600"x0.0   40.00  800 840 968 1056  600 601 605 628 +hsync +vsync (37.9 kHz e)
[349755.872] (II) NOUVEAU(0): Modeline "640x480"x0.0   31.50  640 656 720 840  480 481 484 500 -hsync -vsync (37.5 kHz e)
[349755.872] (II) NOUVEAU(0): Modeline "640x480"x0.0   25.18  640 656 752 800  480 490 492 525 -hsync -vsync (31.5 kHz e)
[349755.872] (II) NOUVEAU(0): Modeline "720x400"x0.0   28.32  720 738 846 900  400 412 414 449 -hsync +vsync (31.5 kHz e)
[349755.872] (II) NOUVEAU(0): Modeline "1280x1024"x0.0  135.00  1280 1296 1440 1688  1024 1025 1028 1066 +hsync +vsync (80.0 kHz e)
[349755.872] (II) NOUVEAU(0): Modeline "1024x768"x0.0   78.75  1024 1040 1136 1312  768 769 772 800 +hsync +vsync (60.0 kHz e)
[349755.872] (II) NOUVEAU(0): Modeline "1024x768"x0.0   65.00  1024 1048 1184 1344  768 771 777 806 -hsync -vsync (48.4 kHz e)
[349755.872] (II) NOUVEAU(0): Modeline "800x600"x0.0   49.50  800 816 896 1056  600 601 604 625 +hsync +vsync (46.9 kHz e)
[349755.872] (II) NOUVEAU(0): Modeline "1152x864"x0.0  108.00  1152 1216 1344 1600  864 865 868 900 +hsync +vsync (67.5 kHz e)
[349755.872] (II) NOUVEAU(0): Modeline "1280x1024"x0.0  108.00  1280 1328 1440 1688  1024 1025 1028 1066 +hsync +vsync (64.0 kHz e)
[349755.872] (II) NOUVEAU(0): Modeline "1600x900"x60.0  119.00  1600 1696 1864 2128  900 901 904 932 -hsync +vsync (55.9 kHz e)
[349755.872] (II) NOUVEAU(0): Modeline "1920x1080"x60.0  172.80  1920 2040 2248 2576  1080 1081 1084 1118 -hsync +vsync (67.1 kHz e)
[353050.553] (**) Option "fd" "15"
[353050.553] (**) Option "fd" "18"
[353050.553] (**) Option "fd" "19"
[353050.553] (**) Option "fd" "20"
[353050.553] (**) Option "fd" "21"
[353050.554] (II) UnloadModule: "libinput"
[353050.554] (II) systemd-logind: releasing fd for 13:68
[353050.571] (II) UnloadModule: "libinput"
[353050.571] (II) systemd-logind: releasing fd for 13:67
[353050.599] (II) UnloadModule: "libinput"
[353050.599] (II) systemd-logind: releasing fd for 13:66
[353050.623] (II) UnloadModule: "libinput"
[353050.623] (II) systemd-logind: releasing fd for 13:64
[353050.635] (II) UnloadModule: "libinput"
[353050.635] (II) systemd-logind: releasing fd for 13:65
[353050.660] (II) NOUVEAU(0): NVLeaveVT is called.
[353050.857] (II) Server terminated successfully (0). Closing log file.
