
Xvnc TigerVNC 1.7.0 - built Sep 12 2016 08:29:39
Copyright (C) 1999-2016 TigerVNC Team and many others (see README.txt)
See http://www.tigervnc.org for information on TigerVNC.
Underlying X server release 11804000, The X.Org Foundation


Tue Dec  6 16:21:58 2016
 vncext:      VNC extension running!
 vncext:      Listening for VNC connections on all interface(s), port 5923
 vncext:      created VNC server for screen 0

Tue Dec  6 16:22:03 2016
 Connections: accepted: 130.71.250.247::49717
 SConnection: Client needs protocol version 3.8
 SConnection: Client requests security type VncAuth(2)

Tue Dec  6 16:22:08 2016
 VNCSConnST:  Server default pixel format depth 24 (32bpp) little-endian rgb888
 VNCSConnST:  Client pixel format depth 8 (8bpp) color-map

Tue Dec  6 21:29:33 2016
 VNCSConnST:  Client pixel format depth 24 (32bpp) little-endian rgb888

Tue Dec  6 22:15:56 2016
 Connections: closed: 130.71.250.247::49717 (Clean disconnection)
 EncodeManager: Framebuffer updates: 2965
 EncodeManager:   RRE:
 EncodeManager:     Solid: 116 rects, 5.17433 Mpixels
 EncodeManager:            2.18652 KiB (1:7112.16 ratio)
 EncodeManager:   Hextile:
 EncodeManager:     Bitmap RLE: 172 rects, 178.869 kpixels
 EncodeManager:                 5.00684 KiB (1:139.953 ratio)
 EncodeManager:     Indexed RLE: 1.401 krects, 3.56053 Mpixels
 EncodeManager:                  4.16036 MiB (1:3.26856 ratio)
 EncodeManager:     Full Colour: 2.706 krects, 88.5042 Mpixels
 EncodeManager:                  129.629 MiB (1:2.60473 ratio)
 EncodeManager:   ZRLE:
 EncodeManager:     Indexed RLE: 24 rects, 1.44163 Mpixels
 EncodeManager:                  37.4961 KiB (1:37.554 ratio)
 EncodeManager:   Total: 4.419 krects, 98.8596 Mpixels
 EncodeManager:          133.833 MiB (1:2.75338 ratio)

Wed Dec  7 15:14:11 2016
 Connections: accepted: 130.71.250.247::51059
 SConnection: Client needs protocol version 3.8
 SConnection: Client requests security type VncAuth(2)

Wed Dec  7 15:14:15 2016
 VNCSConnST:  Server default pixel format depth 24 (32bpp) little-endian rgb888
 VNCSConnST:  Client pixel format depth 8 (8bpp) color-map
 VNCSConnST:  Client pixel format depth 24 (32bpp) little-endian rgb888

Wed Dec  7 15:49:26 2016
 Connections: closed: 130.71.250.247::51059 (Clean disconnection)
 EncodeManager: Framebuffer updates: 219
 EncodeManager:   RRE:
 EncodeManager:     Solid: 26 rects, 1.58949 Mpixels
 EncodeManager:            478 B (1:8261.71 ratio)
 EncodeManager:   Hextile:
 EncodeManager:     Bitmap RLE: 17 rects, 5.865 kpixels
 EncodeManager:                 425 B (1:55.68 ratio)
 EncodeManager:     Indexed RLE: 135 rects, 1.69176 Mpixels
 EncodeManager:                  5.14881 MiB (1:1.25371 ratio)
 EncodeManager:     Full Colour: 251 rects, 10.1998 Mpixels
 EncodeManager:                  18.622 MiB (1:2.08958 ratio)
 EncodeManager:   ZRLE:
 EncodeManager:     Indexed RLE: 11 rects, 645.36 kpixels
 EncodeManager:                  29.9453 KiB (1:21.0505 ratio)
 EncodeManager:   Total: 440 rects, 14.1323 Mpixels
 EncodeManager:          23.801 MiB (1:2.09116 ratio)

Thu Dec  8 19:27:46 2016
 Connections: accepted: 130.71.250.247::51086
 SConnection: Client needs protocol version 3.8
 SConnection: Client requests security type VncAuth(2)

Thu Dec  8 19:28:04 2016
 VNCSConnST:  Server default pixel format depth 24 (32bpp) little-endian rgb888
 VNCSConnST:  Client pixel format depth 8 (8bpp) color-map

Thu Dec  8 19:28:05 2016
 VNCSConnST:  Client pixel format depth 24 (32bpp) little-endian rgb888

Thu Dec  8 19:34:20 2016
 Connections: closed: 130.71.250.247::51086 (Clean disconnection)
 EncodeManager: Framebuffer updates: 884
 EncodeManager:   RRE:
 EncodeManager:     Solid: 8 rects, 78.462 kpixels
 EncodeManager:            157 B (1:1998.88 ratio)
 EncodeManager:   Hextile:
 EncodeManager:     Bitmap RLE: 69 rects, 55.008 kpixels
 EncodeManager:                 1.86621 KiB (1:115.573 ratio)
 EncodeManager:     Indexed RLE: 441 rects, 1.30458 Mpixels
 EncodeManager:                  1.95156 MiB (1:2.55263 ratio)
 EncodeManager:     Full Colour: 1.019 krects, 35.4814 Mpixels
 EncodeManager:                  28.4076 MiB (1:4.76501 ratio)
 EncodeManager:   ZRLE:
 EncodeManager:     Bitmap RLE: 1 rects, 2.048 kpixels
 EncodeManager:                 31 B (1:66.4516 ratio)
 EncodeManager:     Indexed RLE: 26 rects, 1.60358 Mpixels
 EncodeManager:                  77 KiB (1:20.3416 ratio)
 EncodeManager:     Full Colour: 1 rects, 40 pixels
 EncodeManager:                  43 B (1:1.2093 ratio)
 EncodeManager:   Total: 1.565 krects, 38.5251 Mpixels
 EncodeManager:          30.4364 MiB (1:4.67813 ratio)

Thu Dec  8 19:34:28 2016
 Connections: accepted: 130.71.250.247::59480
 SConnection: Client needs protocol version 3.8
 SConnection: Client requests security type VncAuth(2)

Thu Dec  8 19:34:32 2016
 SConnection: AuthFailureException: Authentication failure
 Connections: closed: 130.71.250.247::59480 (Authentication failure)
 EncodeManager: Framebuffer updates: 0
 EncodeManager:   Total: 0 rects, 0 pixels
 EncodeManager:          0 B (1:-nan ratio)

Thu Dec  8 19:34:34 2016
 Connections: accepted: 130.71.250.247::59481
 SConnection: Client needs protocol version 3.8
 SConnection: Client requests security type VncAuth(2)

Thu Dec  8 19:34:39 2016
 VNCSConnST:  Server default pixel format depth 24 (32bpp) little-endian rgb888
 VNCSConnST:  Client pixel format depth 8 (8bpp) color-map
 VNCSConnST:  Client pixel format depth 24 (32bpp) little-endian rgb888

Thu Dec  8 19:34:48 2016
 Connections: closed: 130.71.250.247::59481 (Clean disconnection)
 EncodeManager: Framebuffer updates: 66
 EncodeManager:   Hextile:
 EncodeManager:     Bitmap RLE: 5 rects, 1.725 kpixels
 EncodeManager:                 125 B (1:55.68 ratio)
 EncodeManager:     Indexed RLE: 30 rects, 130.917 kpixels
 EncodeManager:                  41.8613 KiB (1:12.2248 ratio)
 EncodeManager:     Full Colour: 139 rects, 4.13506 Mpixels
 EncodeManager:                  4.69314 MiB (1:3.36141 ratio)
 EncodeManager:   ZRLE:
 EncodeManager:     Indexed RLE: 13 rects, 786.648 kpixels
 EncodeManager:                  31.958 KiB (1:24.0429 ratio)
 EncodeManager:   Total: 187 rects, 5.05435 Mpixels
 EncodeManager:          4.76535 MiB (1:3.5742 ratio)
Warning: VNC extension does not support -reset, terminating instead. Use -noreset to prevent termination.
