
Xvnc TigerVNC 1.6.0 - built Jun  2 2016 07:21:55
Copyright (C) 1999-2015 TigerVNC Team and many others (see README.txt)
See http://www.tigervnc.org for information on TigerVNC.
Underlying X server release 11803000, The X.Org Foundation


Sun Sep 18 14:11:35 2016
 vncext:      VNC extension running!
 vncext:      Listening for VNC connections on all interface(s), port 5925
 vncext:      created VNC server for screen 0

Sun Sep 18 14:11:48 2016
 Connections: accepted: 130.71.250.247::56475
 SConnection: Client needs protocol version 3.8
 SConnection: Client requests security type VncAuth(2)

Sun Sep 18 14:11:52 2016
 VNCSConnST:  Server default pixel format depth 24 (32bpp) little-endian rgb888
 VNCSConnST:  Client pixel format depth 8 (8bpp) color-map

Sun Sep 18 14:13:54 2016
 VNCSConnST:  Client pixel format depth 24 (32bpp) little-endian rgb888

Sun Sep 18 14:14:21 2016
 Connections: closed: 130.71.250.247::56475 (Clean disconnection)
 EncodeManager: Framebuffer updates: 73
 EncodeManager:   RRE:
 EncodeManager:     Solid: 15 rects, 814.32 kpixels
 EncodeManager:            255 B (1:3194.12 ratio)
 EncodeManager:   Hextile:
 EncodeManager:     Indexed RLE: 2 rects, 17.035 kpixels
 EncodeManager:                  2.74023 KiB (1:24.2922 ratio)
 EncodeManager:     Full Colour: 31 rects, 1.29464 Mpixels
 EncodeManager:                  2.34721 MiB (1:2.10421 ratio)
 EncodeManager:   ZRLE:
 EncodeManager:     Bitmap RLE: 1 rects, 1.024 kpixels
 EncodeManager:                 31 B (1:33.4194 ratio)
 EncodeManager:     Indexed RLE: 84 rects, 4.00699 Mpixels
 EncodeManager:                  101.961 KiB (1:38.3878 ratio)
 EncodeManager:   Total: 133 rects, 6.13401 Mpixels
 EncodeManager:          2.44973 MiB (1:3.92048 ratio)

Sun Sep 18 14:14:28 2016
 Connections: accepted: 130.71.250.247::56478
 SConnection: Client needs protocol version 3.8
 SConnection: Client requests security type VncAuth(2)

Sun Sep 18 14:14:32 2016
 VNCSConnST:  Server default pixel format depth 24 (32bpp) little-endian rgb888
 VNCSConnST:  Client pixel format depth 8 (8bpp) color-map

Sun Sep 18 14:14:49 2016
 Connections: closed: 130.71.250.247::56478 (Clean disconnection)
 EncodeManager: Framebuffer updates: 9
 EncodeManager:   RRE:
 EncodeManager:     Solid: 1 rects, 24 pixels
 EncodeManager:            17 B (1:2.11765 ratio)
 EncodeManager:   ZRLE:
 EncodeManager:     Indexed RLE: 17 rects, 814.176 kpixels
 EncodeManager:                  33.5254 KiB (1:23.7221 ratio)
 EncodeManager:   Total: 18 rects, 814.2 kpixels
 EncodeManager:          33.542 KiB (1:23.7114 ratio)
FreeType: couldn't open face /usr/share/fonts/liberation/LiberationSansNarrow-Italic.ttf: 1
FreeType: couldn't open face /usr/share/fonts/liberation/LiberationSansNarrow-Regular.ttf: 1
FreeType: couldn't open face /usr/share/fonts/liberation/LiberationSansNarrow-Regular.ttf: 1
FreeType: couldn't open face /usr/share/fonts/liberation/LiberationSansNarrow-BoldItalic.ttf: 1
FreeType: couldn't open face /usr/share/fonts/liberation/LiberationSansNarrow-BoldItalic.ttf: 1
FreeType: couldn't open face /usr/share/fonts/liberation/LiberationSansNarrow-Italic.ttf: 1
FreeType: couldn't open face /usr/share/fonts/liberation/LiberationSansNarrow-Regular.ttf: 1
FreeType: couldn't open face /usr/share/fonts/liberation/LiberationSansNarrow-Regular.ttf: 1
FreeType: couldn't open face /usr/share/fonts/liberation/LiberationSansNarrow-BoldItalic.ttf: 1
FreeType: couldn't open face /usr/share/fonts/liberation/LiberationSansNarrow-Bold.ttf: 1
FreeType: couldn't open face /usr/share/fonts/liberation/LiberationSansNarrow-Regular.ttf: 1
FreeType: couldn't open face /usr/share/fonts/liberation/LiberationSansNarrow-Regular.ttf: 1
FreeType: couldn't open face /usr/share/fonts/liberation/LiberationSansNarrow-Regular.ttf: 1
FreeType: couldn't open face /usr/share/fonts/liberation/LiberationSansNarrow-Regular.ttf: 1
FreeType: couldn't open face /usr/share/fonts/liberation/LiberationSansNarrow-Italic.ttf: 1
FreeType: couldn't open face /usr/share/fonts/liberation/LiberationSansNarrow-Italic.ttf: 1
FreeType: couldn't open face /usr/share/fonts/liberation/LiberationSansNarrow-BoldItalic.ttf: 1
FreeType: couldn't open face /usr/share/fonts/liberation/LiberationSansNarrow-Bold.ttf: 1
FreeType: couldn't open face /usr/share/fonts/liberation/LiberationSansNarrow-Regular.ttf: 1
FreeType: couldn't open face /usr/share/fonts/liberation/LiberationSansNarrow-Regular.ttf: 1
FreeType: couldn't open face /usr/share/fonts/liberation/LiberationSansNarrow-Bold.ttf: 1
FreeType: couldn't open face /usr/share/fonts/liberation/LiberationSansNarrow-Italic.ttf: 1
FreeType: couldn't open face /usr/share/fonts/liberation/LiberationSansNarrow-Italic.ttf: 1
FreeType: couldn't open face /usr/share/fonts/liberation/LiberationSansNarrow-Italic.ttf: 1
FreeType: couldn't open face /usr/share/fonts/liberation/LiberationSansNarrow-BoldItalic.ttf: 1
FreeType: couldn't open face /usr/share/fonts/liberation/LiberationSansNarrow-Bold.ttf: 1
FreeType: couldn't open face /usr/share/fonts/liberation/LiberationSansNarrow-BoldItalic.ttf: 1
FreeType: couldn't open face /usr/share/fonts/liberation/LiberationSansNarrow-Regular.ttf: 1
FreeType: couldn't open face /usr/share/fonts/liberation/LiberationSansNarrow-BoldItalic.ttf: 1
FreeType: couldn't open face /usr/share/fonts/liberation/LiberationSansNarrow-Regular.ttf: 1
FreeType: couldn't open face /usr/share/fonts/liberation/LiberationSansNarrow-BoldItalic.ttf: 1
FreeType: couldn't open face /usr/share/fonts/liberation/LiberationSansNarrow-Italic.ttf: 1
FreeType: couldn't open face /usr/share/fonts/liberation/LiberationSansNarrow-Regular.ttf: 1
FreeType: couldn't open face /usr/share/fonts/liberation/LiberationSansNarrow-Bold.ttf: 1
FreeType: couldn't open face /usr/share/fonts/liberation/LiberationSansNarrow-Bold.ttf: 1
FreeType: couldn't open face /usr/share/fonts/liberation/LiberationSansNarrow-Bold.ttf: 1
FreeType: couldn't open face /usr/share/fonts/liberation/LiberationSansNarrow-Italic.ttf: 1
FreeType: couldn't open face /usr/share/fonts/liberation/LiberationSansNarrow-Regular.ttf: 1
FreeType: couldn't open face /usr/share/fonts/liberation/LiberationSansNarrow-BoldItalic.ttf: 1
FreeType: couldn't open face /usr/share/fonts/liberation/LiberationSansNarrow-BoldItalic.ttf: 1
FreeType: couldn't open face /usr/share/fonts/liberation/LiberationSansNarrow-BoldItalic.ttf: 1
FreeType: couldn't open face /usr/share/fonts/liberation/LiberationSansNarrow-Italic.ttf: 1
FreeType: couldn't open face /usr/share/fonts/liberation/LiberationSansNarrow-Regular.ttf: 1
FreeType: couldn't open face /usr/share/fonts/liberation/LiberationSansNarrow-Italic.ttf: 1
FreeType: couldn't open face /usr/share/fonts/liberation/LiberationSansNarrow-Bold.ttf: 1
FreeType: couldn't open face /usr/share/fonts/liberation/LiberationSansNarrow-Regular.ttf: 1
FreeType: couldn't open face /usr/share/fonts/liberation/LiberationSansNarrow-BoldItalic.ttf: 1
FreeType: couldn't open face /usr/share/fonts/liberation/LiberationSansNarrow-Regular.ttf: 1
FreeType: couldn't open face /usr/share/fonts/liberation/LiberationSansNarrow-Regular.ttf: 1
FreeType: couldn't open face /usr/share/fonts/liberation/LiberationSansNarrow-Bold.ttf: 1
FreeType: couldn't open face /usr/share/fonts/liberation/LiberationSansNarrow-Bold.ttf: 1
FreeType: couldn't open face /usr/share/fonts/liberation/LiberationSansNarrow-Regular.ttf: 1
FreeType: couldn't open face /usr/share/fonts/liberation/LiberationSansNarrow-Regular.ttf: 1
FreeType: couldn't open face /usr/share/fonts/liberation/LiberationSansNarrow-Bold.ttf: 1
FreeType: couldn't open face /usr/share/fonts/liberation/LiberationSansNarrow-Regular.ttf: 1
FreeType: couldn't open face /usr/share/fonts/liberation/LiberationSansNarrow-Regular.ttf: 1
FreeType: couldn't open face /usr/share/fonts/liberation/LiberationSansNarrow-BoldItalic.ttf: 1
Warning: VNC extension does not support -reset, terminating instead. Use -noreset to prevent termination.
