
Xvnc TigerVNC 1.6.0 - built Jan  4 2016 15:11:13
Copyright (C) 1999-2015 TigerVNC Team and many others (see README.txt)
See http://www.tigervnc.org for information on TigerVNC.
Underlying X server release 11704000, The X.Org Foundation


Mon May 16 22:08:26 2016
 vncext:      VNC extension running!
 vncext:      Listening for VNC connections on all interface(s), port 5924
 vncext:      created VNC server for screen 0

Mon May 16 22:08:36 2016
 Connections: accepted: 130.71.243.120::54745
 SConnection: Client needs protocol version 3.8
 SConnection: Client requests security type VncAuth(2)

Mon May 16 22:08:39 2016
 VNCSConnST:  Server default pixel format depth 24 (32bpp) little-endian rgb888
 VNCSConnST:  Client pixel format depth 8 (8bpp) color-map

Mon May 16 22:09:03 2016
 VNCSConnST:  Client pixel format depth 24 (32bpp) little-endian rgb888

Mon May 16 22:11:12 2016
 Connections: closed: 130.71.243.120::54745 (Clean disconnection)
 EncodeManager: Framebuffer updates: 1026
 EncodeManager:   CopyRect:
 EncodeManager:     Copies: 5 rects, 11.123 kpixels
 EncodeManager:             80 B (1:139.787 ratio)
 EncodeManager:   RRE:
 EncodeManager:     Solid: 56 rects, 2.0086 Mpixels
 EncodeManager:            1.04102 KiB (1:4571.55 ratio)
 EncodeManager:   Hextile:
 EncodeManager:     Bitmap RLE: 5 rects, 63.808 kpixels
 EncodeManager:                 559 B (1:456.694 ratio)
 EncodeManager:     Indexed RLE: 407 rects, 4.86556 Mpixels
 EncodeManager:                  1.14514 MiB (1:16.2123 ratio)
 EncodeManager:     Full Colour: 1.366 krects, 40.3064 Mpixels
 EncodeManager:                  44.1541 MiB (1:3.48263 ratio)
 EncodeManager:   ZRLE:
 EncodeManager:     Bitmap RLE: 4 rects, 198.656 kpixels
 EncodeManager:                 322 B (1:617.093 ratio)
 EncodeManager:     Indexed RLE: 46 rects, 2.71179 Mpixels
 EncodeManager:                  99.4629 KiB (1:26.6308 ratio)
 EncodeManager:   Total: 1.889 krects, 50.1659 Mpixels
 EncodeManager:          45.3983 MiB (1:3.96524 ratio)
