
Xvnc TigerVNC 1.7.1 - built Jan 19 2017 13:19:18
Copyright (C) 1999-2016 TigerVNC Team and many others (see README.txt)
See http://www.tigervnc.org for information on TigerVNC.
Underlying X server release 11804000, The X.Org Foundation


Tue Mar  7 15:45:17 2017
 vncext:      VNC extension running!
 vncext:      Listening for VNC connections on all interface(s), port 5920
 vncext:      created VNC server for screen 0

Tue Mar  7 15:45:25 2017
 Connections: accepted: 130.71.250.247::61221
 SConnection: Client needs protocol version 3.8
 SConnection: Client requests security type VncAuth(2)

Tue Mar  7 15:45:29 2017
 VNCSConnST:  Server default pixel format depth 24 (32bpp) little-endian rgb888
 VNCSConnST:  Client pixel format depth 8 (8bpp) color-map

Tue Mar  7 15:45:30 2017
 VNCSConnST:  Client pixel format depth 24 (32bpp) little-endian rgb888

Tue Mar  7 16:45:33 2017
 Connections: closed: 130.71.250.247::61221 (Clean disconnection)
 EncodeManager: Framebuffer updates: 3402
 EncodeManager:   RRE:
 EncodeManager:     Solid: 151 rects, 2.18912 Mpixels
 EncodeManager:            2.94629 KiB (1:2902.74 ratio)
 EncodeManager:   Hextile:
 EncodeManager:     Bitmap RLE: 253 rects, 651.239 kpixels
 EncodeManager:                 11.1426 KiB (1:228.571 ratio)
 EncodeManager:     Indexed RLE: 1.828 krects, 9.72261 Mpixels
 EncodeManager:                  4.58681 MiB (1:8.09053 ratio)
 EncodeManager:     Full Colour: 3.743 krects, 107.13 Mpixels
 EncodeManager:                  111.076 MiB (1:3.67957 ratio)
 EncodeManager:   ZRLE:
 EncodeManager:     Bitmap RLE: 1 rects, 16.384 kpixels
 EncodeManager:                 289 B (1:56.7336 ratio)
 EncodeManager:     Indexed RLE: 27 rects, 1.58499 Mpixels
 EncodeManager:                  39.8135 KiB (1:38.8854 ratio)
 EncodeManager:   Total: 6.003 krects, 121.294 Mpixels
 EncodeManager:          115.715 MiB (1:3.95961 ratio)

Tue Mar  7 16:46:01 2017
 Connections: accepted: 130.71.250.247::56443
 SConnection: Client needs protocol version 3.8
 SConnection: Client requests security type VncAuth(2)

Tue Mar  7 16:46:05 2017
 VNCSConnST:  Server default pixel format depth 24 (32bpp) little-endian rgb888
 VNCSConnST:  Client pixel format depth 8 (8bpp) color-map

Tue Mar  7 16:46:14 2017
 VNCSConnST:  Client pixel format depth 24 (32bpp) little-endian rgb888

Tue Mar  7 16:46:55 2017
 Connections: closed: 130.71.250.247::56443 (read: Connection reset by peer
              (104))
 EncodeManager: Framebuffer updates: 277
 EncodeManager:   RRE:
 EncodeManager:     Solid: 2 rects, 385 pixels
 EncodeManager:            34 B (1:12.0294 ratio)
 EncodeManager:   Hextile:
 EncodeManager:     Bitmap RLE: 6 rects, 2.07 kpixels
 EncodeManager:                 150 B (1:55.68 ratio)
 EncodeManager:     Indexed RLE: 132 rects, 97.546 kpixels
 EncodeManager:                  33.168 KiB (1:11.5348 ratio)
 EncodeManager:     Full Colour: 139 rects, 2.93247 Mpixels
 EncodeManager:                  2.14036 MiB (1:5.22721 ratio)
 EncodeManager:   ZRLE:
 EncodeManager:     Bitmap RLE: 3 rects, 2.162 kpixels
 EncodeManager:                 91 B (1:24.1538 ratio)
 EncodeManager:     Indexed RLE: 87 rects, 2.27531 Mpixels
 EncodeManager:                  60.4766 KiB (1:36.758 ratio)
 EncodeManager:     Full Colour: 1 rects, 40 pixels
 EncodeManager:                  43 B (1:1.2093 ratio)
 EncodeManager:   Total: 370 rects, 5.30999 Mpixels
 EncodeManager:          2.23211 MiB (1:6.157 ratio)

Wed Mar  8 21:34:51 2017
 Connections: accepted: 130.71.250.247::60814
 SConnection: Client needs protocol version 3.8
 SConnection: Client requests security type VncAuth(2)

Wed Mar  8 21:34:55 2017
 VNCSConnST:  Server default pixel format depth 24 (32bpp) little-endian rgb888
 VNCSConnST:  Client pixel format depth 8 (8bpp) color-map

Wed Mar  8 21:34:57 2017
 VNCSConnST:  Client pixel format depth 24 (32bpp) little-endian rgb888

Thu Mar  9 00:01:11 2017
 Connections: closed: 130.71.250.247::60814 (Clean disconnection)
 EncodeManager: Framebuffer updates: 25290
 EncodeManager:   CopyRect:
 EncodeManager:     Copies: 9 rects, 903.302 kpixels
 EncodeManager:             144 B (1:25092.5 ratio)
 EncodeManager:   RRE:
 EncodeManager:     Solid: 1.212 krects, 3.06175 Mpixels
 EncodeManager:            23.6309 KiB (1:407.16 ratio)
 EncodeManager:   Hextile:
 EncodeManager:     Bitmap RLE: 1.634 krects, 1.84762 Mpixels
 EncodeManager:                 54.332 KiB (1:133.189 ratio)
 EncodeManager:     Indexed RLE: 12.129 krects, 103.734 Mpixels
 EncodeManager:                  32.5263 MiB (1:12.1703 ratio)
 EncodeManager:     Full Colour: 24.363 krects, 638.957 Mpixels
 EncodeManager:                  390.173 MiB (1:6.24776 ratio)
 EncodeManager:   ZRLE:
 EncodeManager:     Indexed RLE: 23 rects, 1.30296 Mpixels
 EncodeManager:                  62.876 KiB (1:20.2413 ratio)
 EncodeManager:   Total: 39.37 krects, 749.807 Mpixels
 EncodeManager:          422.837 MiB (1:6.75133 ratio)

Thu Mar  9 12:47:49 2017
 Connections: accepted: 130.71.250.247::58067
 SConnection: Client needs protocol version 3.8
 SConnection: Client requests security type VncAuth(2)

Thu Mar  9 12:47:52 2017
 Connections: closed: 130.71.250.247::58067 (Clean disconnection)
 EncodeManager: Framebuffer updates: 0
 EncodeManager:   Total: 0 rects, 0 pixels
 EncodeManager:          0 B (1:-nan ratio)

Mon Mar 27 21:15:49 2017
 Connections: accepted: 130.71.250.247::62483
 SConnection: Client needs protocol version 3.8
 SConnection: Client requests security type VncAuth(2)

Mon Mar 27 21:15:53 2017
 VNCSConnST:  Server default pixel format depth 24 (32bpp) little-endian rgb888

Mon Mar 27 21:15:54 2017
 VNCSConnST:  Client pixel format depth 8 (8bpp) color-map
 VNCSConnST:  Client pixel format depth 24 (32bpp) little-endian rgb888

Mon Mar 27 22:12:44 2017
 Connections: closed: 130.71.250.247::62483 (read: Connection reset by peer
              (104))
 EncodeManager: Framebuffer updates: 2390
 EncodeManager:   RRE:
 EncodeManager:     Solid: 128 rects, 2.6686 Mpixels
 EncodeManager:            2.45898 KiB (1:3283.3 ratio)
 EncodeManager:   Hextile:
 EncodeManager:     Bitmap RLE: 246 rects, 1.0624 Mpixels
 EncodeManager:                 13.5107 KiB (1:307.375 ratio)
 EncodeManager:     Indexed RLE: 1.299 krects, 9.38527 Mpixels
 EncodeManager:                  5.91115 MiB (1:6.0592 ratio)
 EncodeManager:     Full Colour: 2.511 krects, 69.5069 Mpixels
 EncodeManager:                  49.844 MiB (1:5.32012 ratio)
 EncodeManager:   ZRLE:
 EncodeManager:     Indexed RLE: 13 rects, 786.432 kpixels
 EncodeManager:                  36.8223 KiB (1:20.8611 ratio)
 EncodeManager:     Full Colour: 1 rects, 40 pixels
 EncodeManager:                  45 B (1:1.15556 ratio)
 EncodeManager:   Total: 4.198 krects, 83.4096 Mpixels
 EncodeManager:          55.8068 MiB (1:5.62088 ratio)

Tue Mar 28 12:24:09 2017
 Connections: accepted: 130.71.250.247::61294
 SConnection: Client needs protocol version 3.8
 SConnection: Client requests security type VncAuth(2)

Tue Mar 28 12:24:13 2017
 SConnection: AuthFailureException: Authentication failure
 Connections: closed: 130.71.250.247::61294 (Authentication failure)
 EncodeManager: Framebuffer updates: 0
 EncodeManager:   Total: 0 rects, 0 pixels
 EncodeManager:          0 B (1:-nan ratio)

Tue Mar 28 12:24:15 2017
 Connections: accepted: 130.71.250.247::61295
 SConnection: Client needs protocol version 3.8
 SConnection: Client requests security type VncAuth(2)

Tue Mar 28 12:24:19 2017
 VNCSConnST:  Server default pixel format depth 24 (32bpp) little-endian rgb888
 VNCSConnST:  Client pixel format depth 8 (8bpp) color-map

Tue Mar 28 12:24:22 2017
 VNCSConnST:  Client pixel format depth 24 (32bpp) little-endian rgb888

Tue Mar 28 18:11:46 2017
 Connections: closed: 130.71.250.247::61295 (Clean disconnection)
 EncodeManager: Framebuffer updates: 3013
 EncodeManager:   RRE:
 EncodeManager:     Solid: 72 rects, 2.66035 Mpixels
 EncodeManager:            1.40332 KiB (1:7405.8 ratio)
 EncodeManager:   Hextile:
 EncodeManager:     Bitmap RLE: 194 rects, 1.0065 Mpixels
 EncodeManager:                 11.6309 KiB (1:338.232 ratio)
 EncodeManager:     Indexed RLE: 1.814 krects, 11.5399 Mpixels
 EncodeManager:                  7.46602 MiB (1:5.89901 ratio)
 EncodeManager:     Full Colour: 3.097 krects, 73.9696 Mpixels
 EncodeManager:                  53.6509 MiB (1:5.26006 ratio)
 EncodeManager:   ZRLE:
 EncodeManager:     Indexed RLE: 70 rects, 4.36634 Mpixels
 EncodeManager:                  210.998 KiB (1:20.2126 ratio)
 EncodeManager:     Full Colour: 1 rects, 40 pixels
 EncodeManager:                  43 B (1:1.2093 ratio)
 EncodeManager:   Total: 5.248 krects, 93.5427 Mpixels
 EncodeManager:          61.3357 MiB (1:5.61508 ratio)

Tue Mar 28 21:49:05 2017
 Connections: accepted: 130.71.250.247::60443
 SConnection: Client needs protocol version 3.8
 SConnection: Client requests security type VncAuth(2)

Tue Mar 28 21:49:10 2017
 VNCSConnST:  Server default pixel format depth 24 (32bpp) little-endian rgb888
 VNCSConnST:  Client pixel format depth 8 (8bpp) color-map
 VNCSConnST:  Client pixel format depth 24 (32bpp) little-endian rgb888

Tue Mar 28 21:55:20 2017
 Connections: closed: 130.71.250.247::60443 (Clean disconnection)
 EncodeManager: Framebuffer updates: 475
 EncodeManager:   RRE:
 EncodeManager:     Solid: 34 rects, 842.179 kpixels
 EncodeManager:            638 B (1:1505.57 ratio)
 EncodeManager:   Hextile:
 EncodeManager:     Bitmap RLE: 47 rects, 85.84 kpixels
 EncodeManager:                 2.1543 KiB (1:155.904 ratio)
 EncodeManager:     Indexed RLE: 228 rects, 1.79238 Mpixels
 EncodeManager:                  1.93414 MiB (1:3.53644 ratio)
 EncodeManager:     Full Colour: 306 rects, 7.81244 Mpixels
 EncodeManager:                  12.6258 MiB (1:2.36069 ratio)
 EncodeManager:   ZRLE:
 EncodeManager:     Indexed RLE: 12 rects, 786.432 kpixels
 EncodeManager:                  36.9004 KiB (1:20.8166 ratio)
 EncodeManager:     Full Colour: 1 rects, 40 pixels
 EncodeManager:                  45 B (1:1.15556 ratio)
 EncodeManager:   Total: 628 rects, 11.3193 Mpixels
 EncodeManager:          14.5987 MiB (1:2.6468 ratio)

Wed Mar 29 21:03:01 2017
 Connections: accepted: 130.71.250.247::50323
 SConnection: Client needs protocol version 3.8
 SConnection: Client requests security type VncAuth(2)

Wed Mar 29 21:03:06 2017
 VNCSConnST:  Server default pixel format depth 24 (32bpp) little-endian rgb888
 VNCSConnST:  Client pixel format depth 8 (8bpp) color-map
 VNCSConnST:  Client pixel format depth 24 (32bpp) little-endian rgb888

Wed Mar 29 23:15:52 2017
 Connections: closed: 130.71.250.247::50323 (read: Connection reset by peer
              (104))
 EncodeManager: Framebuffer updates: 1141
 EncodeManager:   RRE:
 EncodeManager:     Solid: 69 rects, 3.28658 Mpixels
 EncodeManager:            1.30664 KiB (1:8025.46 ratio)
 EncodeManager:   Hextile:
 EncodeManager:     Bitmap RLE: 137 rects, 623.267 kpixels
 EncodeManager:                 7.60938 KiB (1:320.163 ratio)
 EncodeManager:     Indexed RLE: 679 rects, 5.85385 Mpixels
 EncodeManager:                  7.40278 MiB (1:3.01757 ratio)
 EncodeManager:     Full Colour: 1.112 krects, 29.4263 Mpixels
 EncodeManager:                  31.5493 MiB (1:3.5584 ratio)
 EncodeManager:   ZRLE:
 EncodeManager:     Indexed RLE: 13 rects, 710.064 kpixels
 EncodeManager:                  33.6299 KiB (1:20.6237 ratio)
 EncodeManager:   Total: 2.01 krects, 39.9001 Mpixels
 EncodeManager:          38.9937 MiB (1:3.79294 ratio)
