
Xvnc TigerVNC 1.7.1 - built Jan 19 2017 13:19:18
Copyright (C) 1999-2016 TigerVNC Team and many others (see README.txt)
See http://www.tigervnc.org for information on TigerVNC.
Underlying X server release 11804000, The X.Org Foundation


Wed May 10 19:17:34 2017
 vncext:      VNC extension running!
 vncext:      Listening for VNC connections on all interface(s), port 5922
 vncext:      created VNC server for screen 0

Wed May 10 19:17:40 2017
 Connections: accepted: 130.71.250.247::61538
 SConnection: Client needs protocol version 3.8
 SConnection: Client requests security type VncAuth(2)

Wed May 10 19:17:43 2017
 VNCSConnST:  Server default pixel format depth 24 (32bpp) little-endian rgb888
 VNCSConnST:  Client pixel format depth 8 (8bpp) color-map

Wed May 10 19:17:44 2017
 VNCSConnST:  Client pixel format depth 24 (32bpp) little-endian rgb888

Wed May 10 20:35:29 2017
 Connections: closed: 130.71.250.247::61538 (write: Connection reset by peer
              (104))
 EncodeManager: Framebuffer updates: 3733
 EncodeManager:   RRE:
 EncodeManager:     Solid: 90 rects, 1.71029 Mpixels
 EncodeManager:            1.75488 KiB (1:3807.19 ratio)
 EncodeManager:   Hextile:
 EncodeManager:     Bitmap RLE: 154 rects, 446.443 kpixels
 EncodeManager:                 6.6123 KiB (1:264.011 ratio)
 EncodeManager:     Indexed RLE: 1.684 krects, 7.80271 Mpixels
 EncodeManager:                  3.2583 MiB (1:9.14104 ratio)
 EncodeManager:     Full Colour: 4.422 krects, 137.331 Mpixels
 EncodeManager:                  140.275 MiB (1:3.73502 ratio)
 EncodeManager:   ZRLE:
 EncodeManager:     Bitmap RLE: 1 rects, 16.384 kpixels
 EncodeManager:                 300 B (1:54.6533 ratio)
 EncodeManager:     Indexed RLE: 27 rects, 1.58499 Mpixels
 EncodeManager:                  39.7842 KiB (1:38.914 ratio)
 EncodeManager:   Total: 6.378 krects, 148.892 Mpixels
 EncodeManager:          143.58 MiB (1:3.92442 ratio)

Sun May 14 19:16:58 2017
 Connections: accepted: 130.71.250.247::56818
 SConnection: Client needs protocol version 3.8
 SConnection: Client requests security type VncAuth(2)

Sun May 14 19:17:01 2017
 VNCSConnST:  Server default pixel format depth 24 (32bpp) little-endian rgb888
 VNCSConnST:  Client pixel format depth 8 (8bpp) color-map

Sun May 14 19:17:02 2017
 VNCSConnST:  Client pixel format depth 24 (32bpp) little-endian rgb888

Sun May 14 19:44:25 2017
 Connections: closed: 130.71.250.247::56818 (read: Connection reset by peer
              (104))
 EncodeManager: Framebuffer updates: 3844
 EncodeManager:   CopyRect:
 EncodeManager:     Copies: 3 rects, 893.107 kpixels
 EncodeManager:             48 B (1:74426.3 ratio)
 EncodeManager:   RRE:
 EncodeManager:     Solid: 37 rects, 465.489 kpixels
 EncodeManager:            737 B (1:2526.85 ratio)
 EncodeManager:   Hextile:
 EncodeManager:     Bitmap RLE: 306 rects, 1.28608 Mpixels
 EncodeManager:                 15.3838 KiB (1:326.795 ratio)
 EncodeManager:     Indexed RLE: 2.052 krects, 10.0373 Mpixels
 EncodeManager:                  3.00701 MiB (1:12.7411 ratio)
 EncodeManager:     Full Colour: 3.805 krects, 106.723 Mpixels
 EncodeManager:                  64.1494 MiB (1:6.34703 ratio)
 EncodeManager:   ZRLE:
 EncodeManager:     Indexed RLE: 25 rects, 1.51598 Mpixels
 EncodeManager:                  67.4756 KiB (1:21.9448 ratio)
 EncodeManager:     Full Colour: 2 rects, 72 pixels
 EncodeManager:                  64 B (1:1.5 ratio)
 EncodeManager:   Total: 6.23 krects, 120.921 Mpixels
 EncodeManager:          67.2381 MiB (1:6.79687 ratio)
Warning: VNC extension does not support -reset, terminating instead. Use -noreset to prevent termination.
