
Xvnc TigerVNC 1.7.0 - built Sep 12 2016 08:29:39
Copyright (C) 1999-2016 TigerVNC Team and many others (see README.txt)
See http://www.tigervnc.org for information on TigerVNC.
Underlying X server release 11804000, The X.Org Foundation


Sun Nov 13 17:25:31 2016
 vncext:      VNC extension running!
 vncext:      Listening for VNC connections on all interface(s), port 5921
 vncext:      created VNC server for screen 0

Sun Nov 13 17:25:41 2016
 Connections: accepted: 130.71.250.247::52043
 SConnection: Client needs protocol version 3.8
 SConnection: Client requests security type VncAuth(2)

Sun Nov 13 17:25:45 2016
 VNCSConnST:  Server default pixel format depth 24 (32bpp) little-endian rgb888
 VNCSConnST:  Client pixel format depth 8 (8bpp) color-map

Sun Nov 13 17:26:18 2016
 VNCSConnST:  Client pixel format depth 24 (32bpp) little-endian rgb888

Sun Nov 13 17:48:11 2016
 Connections: closed: 130.71.250.247::52043 (read: Connection timed out (110))
 EncodeManager: Framebuffer updates: 1150
 EncodeManager:   CopyRect:
 EncodeManager:     Copies: 4 rects, 940.672 kpixels
 EncodeManager:             64 B (1:58792.8 ratio)
 EncodeManager:   RRE:
 EncodeManager:     Solid: 59 rects, 893.013 kpixels
 EncodeManager:            1.1084 KiB (1:992.712 ratio)
 EncodeManager:   Hextile:
 EncodeManager:     Bitmap RLE: 40 rects, 81.932 kpixels
 EncodeManager:                 2.02148 KiB (1:158.555 ratio)
 EncodeManager:     Indexed RLE: 481 rects, 3.65131 Mpixels
 EncodeManager:                  421.328 KiB (1:33.8657 ratio)
 EncodeManager:     Full Colour: 1.379 krects, 61.5684 Mpixels
 EncodeManager:                  93.2304 MiB (1:2.51936 ratio)
 EncodeManager:   ZRLE:
 EncodeManager:     Bitmap RLE: 2 rects, 8.553 kpixels
 EncodeManager:                 111 B (1:77.2703 ratio)
 EncodeManager:     Indexed RLE: 37 rects, 2.27415 Mpixels
 EncodeManager:                  39.7861 KiB (1:55.8305 ratio)
 EncodeManager:   Total: 2.002 krects, 69.4181 Mpixels
 EncodeManager:          93.6839 MiB (1:2.73225 ratio)

Sun Nov 13 17:49:50 2016
 Connections: accepted: 130.71.250.247::53301
 SConnection: Client needs protocol version 3.8
 SConnection: Client requests security type VncAuth(2)

Sun Nov 13 17:49:56 2016
 VNCSConnST:  Server default pixel format depth 24 (32bpp) little-endian rgb888
 VNCSConnST:  Client pixel format depth 8 (8bpp) color-map
 VNCSConnST:  Client pixel format depth 24 (32bpp) little-endian rgb888

Mon Nov 14 00:01:19 2016
 Connections: closed: 130.71.250.247::53301 (Clean disconnection)
 EncodeManager: Framebuffer updates: 17304
 EncodeManager:   CopyRect:
 EncodeManager:     Copies: 1 rects, 351.288 kpixels
 EncodeManager:             16 B (1:87822.8 ratio)
 EncodeManager:   RRE:
 EncodeManager:     Solid: 349 rects, 3.76569 Mpixels
 EncodeManager:            6.77539 KiB (1:1824.41 ratio)
 EncodeManager:   Hextile:
 EncodeManager:     Bitmap RLE: 594 rects, 1.10018 Mpixels
 EncodeManager:                 20.6748 KiB (1:208.202 ratio)
 EncodeManager:     Indexed RLE: 11.313 krects, 40.2517 Mpixels
 EncodeManager:                  13.3203 MiB (1:11.5371 ratio)
 EncodeManager:     Full Colour: 24.955 krects, 626.015 Mpixels
 EncodeManager:                  333.451 MiB (1:7.1625 ratio)
 EncodeManager:   ZRLE:
 EncodeManager:     Indexed RLE: 10 rects, 580.848 kpixels
 EncodeManager:                  24.8311 KiB (1:22.8485 ratio)
 EncodeManager:   Total: 37.222 krects, 672.065 Mpixels
 EncodeManager:          346.822 MiB (1:7.38185 ratio)
Warning: VNC extension does not support -reset, terminating instead. Use -noreset to prevent termination.
