
Xvnc TigerVNC 1.6.0 - built Jan  4 2016 15:11:13
Copyright (C) 1999-2015 TigerVNC Team and many others (see README.txt)
See http://www.tigervnc.org for information on TigerVNC.
Underlying X server release 11704000, The X.Org Foundation


Mon May 16 15:11:19 2016
 vncext:      VNC extension running!
 vncext:      Listening for VNC connections on all interface(s), port 5933
 vncext:      created VNC server for screen 0

Mon May 16 15:11:23 2016
 Connections: accepted: 130.71.243.120::49996
 SConnection: Client needs protocol version 3.8
 SConnection: Client requests security type VncAuth(2)

Mon May 16 15:11:28 2016
 VNCSConnST:  Server default pixel format depth 24 (32bpp) little-endian rgb888
 VNCSConnST:  Client pixel format depth 8 (8bpp) color-map

Mon May 16 15:14:12 2016
 VNCSConnST:  Client pixel format depth 24 (32bpp) little-endian rgb888

Mon May 16 15:51:40 2016
 Connections: closed: 130.71.243.120::49996 (read: Connection timed out (110))
 EncodeManager: Framebuffer updates: 1740
 EncodeManager:   CopyRect:
 EncodeManager:     Copies: 60 rects, 3.35486 Mpixels
 EncodeManager:             960 B (1:13933 ratio)
 EncodeManager:   RRE:
 EncodeManager:     Solid: 61 rects, 1.83728 Mpixels
 EncodeManager:            1.12695 KiB (1:3625.36 ratio)
 EncodeManager:   Hextile:
 EncodeManager:     Bitmap RLE: 71 rects, 108.416 kpixels
 EncodeManager:                 3.0625 KiB (1:138.557 ratio)
 EncodeManager:     Indexed RLE: 937 rects, 4.51205 Mpixels
 EncodeManager:                  2.50135 MiB (1:6.88543 ratio)
 EncodeManager:     Full Colour: 848 rects, 15.7482 Mpixels
 EncodeManager:                  21.6058 MiB (1:2.78093 ratio)
 EncodeManager:   ZRLE:
 EncodeManager:     Bitmap RLE: 3 rects, 136.192 kpixels
 EncodeManager:                 250 B (1:544.912 ratio)
 EncodeManager:     Indexed RLE: 34 rects, 1.98501 Mpixels
 EncodeManager:                  54.5225 KiB (1:35.5612 ratio)
 EncodeManager:   Total: 2.014 krects, 27.682 Mpixels
 EncodeManager:          24.1656 MiB (1:3.99289 ratio)

Mon May 16 16:28:52 2016
 Connections: accepted: 130.71.243.120::50429
 SConnection: Client needs protocol version 3.8
 SConnection: Client requests security type VncAuth(2)

Mon May 16 16:28:57 2016
 VNCSConnST:  Server default pixel format depth 24 (32bpp) little-endian rgb888
 VNCSConnST:  Client pixel format depth 8 (8bpp) color-map
 VNCSConnST:  Client pixel format depth 24 (32bpp) little-endian rgb888

Mon May 16 16:30:11 2016
 Connections: closed: 130.71.243.120::50429 (Clean disconnection)
 EncodeManager: Framebuffer updates: 385
 EncodeManager:   RRE:
 EncodeManager:     Solid: 14 rects, 803.056 kpixels
 EncodeManager:            238 B (1:3374.89 ratio)
 EncodeManager:   Hextile:
 EncodeManager:     Indexed RLE: 38 rects, 1.16301 Mpixels
 EncodeManager:                  3.60286 MiB (1:1.23151 ratio)
 EncodeManager:     Full Colour: 403 rects, 3.36995 Mpixels
 EncodeManager:                  9.59871 MiB (1:1.33976 ratio)
 EncodeManager:   ZRLE:
 EncodeManager:     Indexed RLE: 7 rects, 387.312 kpixels
 EncodeManager:                  26.4082 KiB (1:14.3257 ratio)
 EncodeManager:   Total: 462 rects, 5.72333 Mpixels
 EncodeManager:          13.2276 MiB (1:1.39348 ratio)
Warning: VNC extension does not support -reset, terminating instead. Use -noreset to prevent termination.
