
Xvnc TigerVNC 1.6.0 - built Jun  2 2016 07:21:55
Copyright (C) 1999-2015 TigerVNC Team and many others (see README.txt)
See http://www.tigervnc.org for information on TigerVNC.
Underlying X server release 11803000, The X.Org Foundation


Thu Sep 22 18:33:14 2016
 vncext:      VNC extension running!
 vncext:      Listening for VNC connections on all interface(s), port 5928
 vncext:      created VNC server for screen 0

Thu Sep 22 18:33:24 2016
 Connections: accepted: 130.71.250.247::54359

Thu Sep 22 18:33:25 2016
 SConnection: Client needs protocol version 3.8
 SConnection: Client requests security type VncAuth(2)

Thu Sep 22 18:33:29 2016
 VNCSConnST:  Server default pixel format depth 24 (32bpp) little-endian rgb888
 VNCSConnST:  Client pixel format depth 8 (8bpp) color-map

Thu Sep 22 18:33:55 2016
 VNCSConnST:  Client pixel format depth 24 (32bpp) little-endian rgb888

Thu Sep 22 23:23:34 2016
 Connections: closed: 130.71.250.247::54359 (Clean disconnection)
 EncodeManager: Framebuffer updates: 35896
 EncodeManager:   CopyRect:
 EncodeManager:     Copies: 13 rects, 3.96021 Mpixels
 EncodeManager:             208 B (1:76158.6 ratio)
 EncodeManager:   RRE:
 EncodeManager:     Solid: 1.553 krects, 11.4297 Mpixels
 EncodeManager:            30.2793 KiB (1:1394.93 ratio)
 EncodeManager:   Hextile:
 EncodeManager:     Bitmap RLE: 2.277 krects, 9.85933 Mpixels
 EncodeManager:                 116.43 KiB (1:331.013 ratio)
 EncodeManager:     Indexed RLE: 9.868 krects, 46.847 Mpixels
 EncodeManager:                  15.6755 MiB (1:11.4076 ratio)
 EncodeManager:     Full Colour: 32.876 krects, 685.219 Mpixels
 EncodeManager:                  372.337 MiB (1:7.02128 ratio)
 EncodeManager:   ZRLE:
 EncodeManager:     Bitmap RLE: 5 rects, 39.936 kpixels
 EncodeManager:                 229 B (1:174.655 ratio)
 EncodeManager:     Indexed RLE: 66 rects, 2.86821 Mpixels
 EncodeManager:                  70.0195 KiB (1:40.014 ratio)
 EncodeManager:   Total: 46.658 krects, 760.224 Mpixels
 EncodeManager:          388.225 MiB (1:7.4438 ratio)
