
Xvnc TigerVNC 1.7.0 - built Sep 12 2016 08:29:39
Copyright (C) 1999-2016 TigerVNC Team and many others (see README.txt)
See http://www.tigervnc.org for information on TigerVNC.
Underlying X server release 11804000, The X.Org Foundation


Tue Nov 15 21:57:12 2016
 vncext:      VNC extension running!
 vncext:      Listening for VNC connections on all interface(s), port 5920
 vncext:      created VNC server for screen 0

Tue Nov 15 21:57:21 2016
 Connections: accepted: 130.71.250.247::63275
 SConnection: Client needs protocol version 3.8
 SConnection: Client requests security type VncAuth(2)

Tue Nov 15 21:57:26 2016
 VNCSConnST:  Server default pixel format depth 24 (32bpp) little-endian rgb888
 VNCSConnST:  Client pixel format depth 8 (8bpp) color-map

Tue Nov 15 21:58:30 2016
 Connections: closed: 130.71.250.247::63275 (read: Connection reset by peer
              (104))
 EncodeManager: Framebuffer updates: 50
 EncodeManager:   RRE:
 EncodeManager:     Solid: 51 rects, 3.22619 Mpixels
 EncodeManager:            867 B (1:3721.8 ratio)
 EncodeManager:   ZRLE:
 EncodeManager:     Bitmap RLE: 1 rects, 3.072 kpixels
 EncodeManager:                 38 B (1:81.1579 ratio)
 EncodeManager:     Indexed RLE: 63 rects, 1.79294 Mpixels
 EncodeManager:                  16.0352 KiB (1:109.239 ratio)
 EncodeManager:   Total: 115 rects, 5.02221 Mpixels
 EncodeManager:          16.9189 KiB (1:289.962 ratio)
FreeType: couldn't open face /usr/share/fonts/liberation/LiberationSansNarrow-Italic.ttf: 1
FreeType: couldn't open face /usr/share/fonts/liberation/LiberationSansNarrow-Regular.ttf: 1
FreeType: couldn't open face /usr/share/fonts/liberation/LiberationSansNarrow-BoldItalic.ttf: 1
FreeType: couldn't open face /usr/share/fonts/liberation/LiberationSansNarrow-Italic.ttf: 1
FreeType: couldn't open face /usr/share/fonts/liberation/LiberationSansNarrow-BoldItalic.ttf: 1
FreeType: couldn't open face /usr/share/fonts/liberation/LiberationSansNarrow-BoldItalic.ttf: 1
FreeType: couldn't open face /usr/share/fonts/liberation/LiberationSansNarrow-Regular.ttf: 1
FreeType: couldn't open face /usr/share/fonts/liberation/LiberationSansNarrow-Bold.ttf: 1
FreeType: couldn't open face /usr/share/fonts/liberation/LiberationSansNarrow-Bold.ttf: 1
FreeType: couldn't open face /usr/share/fonts/liberation/LiberationSansNarrow-Bold.ttf: 1
FreeType: couldn't open face /usr/share/fonts/liberation/LiberationSansNarrow-BoldItalic.ttf: 1
FreeType: couldn't open face /usr/share/fonts/liberation/LiberationSansNarrow-Italic.ttf: 1
FreeType: couldn't open face /usr/share/fonts/liberation/LiberationSansNarrow-Regular.ttf: 1
FreeType: couldn't open face /usr/share/fonts/liberation/LiberationSansNarrow-Bold.ttf: 1
FreeType: couldn't open face /usr/share/fonts/liberation/LiberationSansNarrow-Bold.ttf: 1
FreeType: couldn't open face /usr/share/fonts/liberation/LiberationSansNarrow-Bold.ttf: 1
FreeType: couldn't open face /usr/share/fonts/liberation/LiberationSansNarrow-Italic.ttf: 1
FreeType: couldn't open face /usr/share/fonts/liberation/LiberationSansNarrow-Italic.ttf: 1
FreeType: couldn't open face /usr/share/fonts/liberation/LiberationSansNarrow-Italic.ttf: 1
FreeType: couldn't open face /usr/share/fonts/liberation/LiberationSansNarrow-Regular.ttf: 1
FreeType: couldn't open face /usr/share/fonts/liberation/LiberationSansNarrow-Italic.ttf: 1
Warning: VNC extension does not support -reset, terminating instead. Use -noreset to prevent termination.
