
Xvnc TigerVNC 1.7.0 - built Sep 12 2016 08:29:39
Copyright (C) 1999-2016 TigerVNC Team and many others (see README.txt)
See http://www.tigervnc.org for information on TigerVNC.
Underlying X server release 11804000, The X.Org Foundation


Tue Nov 15 21:58:57 2016
 vncext:      VNC extension running!
 vncext:      Listening for VNC connections on all interface(s), port 5926
 vncext:      created VNC server for screen 0

Tue Nov 15 21:59:09 2016
 Connections: accepted: 130.71.250.247::63290
 SConnection: Client needs protocol version 3.8
 SConnection: Client requests security type VncAuth(2)

Tue Nov 15 21:59:14 2016
 VNCSConnST:  Server default pixel format depth 24 (32bpp) little-endian rgb888
 VNCSConnST:  Client pixel format depth 8 (8bpp) color-map

Tue Nov 15 22:00:33 2016
 VNCSConnST:  Client pixel format depth 24 (32bpp) little-endian rgb888

Tue Nov 15 22:28:59 2016
 Connections: closed: 130.71.250.247::63290 (read: Connection reset by peer
              (104))
 EncodeManager: Framebuffer updates: 5900
 EncodeManager:   CopyRect:
 EncodeManager:     Copies: 2 rects, 678.216 kpixels
 EncodeManager:             32 B (1:84777.8 ratio)
 EncodeManager:   RRE:
 EncodeManager:     Solid: 212 rects, 1.06416 Mpixels
 EncodeManager:            4.09668 KiB (1:432.947 ratio)
 EncodeManager:   Hextile:
 EncodeManager:     Bitmap RLE: 350 rects, 169.555 kpixels
 EncodeManager:                 9.59082 KiB (1:69.4858 ratio)
 EncodeManager:     Indexed RLE: 2.562 krects, 6.65134 Mpixels
 EncodeManager:                  1.313 MiB (1:19.3467 ratio)
 EncodeManager:     Full Colour: 6.263 krects, 182.863 Mpixels
 EncodeManager:                  176.722 MiB (1:3.94765 ratio)
 EncodeManager:   ZRLE:
 EncodeManager:     Bitmap RLE: 1 rects, 952 pixels
 EncodeManager:                 114 B (1:8.45614 ratio)
 EncodeManager:     Indexed RLE: 34 rects, 2.02531 Mpixels
 EncodeManager:                  27.2822 KiB (1:72.5104 ratio)
 EncodeManager:   Total: 9.424 krects, 193.453 Mpixels
 EncodeManager:          178.076 MiB (1:4.09907 ratio)
Warning: VNC extension does not support -reset, terminating instead. Use -noreset to prevent termination.
