
Xvnc TigerVNC 1.7.1 - built Jan 19 2017 13:19:18
Copyright (C) 1999-2016 TigerVNC Team and many others (see README.txt)
See http://www.tigervnc.org for information on TigerVNC.
Underlying X server release 11804000, The X.Org Foundation


Tue Jun  6 21:36:34 2017
 vncext:      VNC extension running!
 vncext:      Listening for VNC connections on all interface(s), port 5920
 vncext:      created VNC server for screen 0

Tue Jun  6 21:36:39 2017
 Connections: accepted: 130.71.139.73::54764
 SConnection: Client needs protocol version 3.8
 SConnection: Client requests security type VncAuth(2)

Tue Jun  6 21:36:43 2017
 VNCSConnST:  Server default pixel format depth 24 (32bpp) little-endian rgb888
 VNCSConnST:  Client pixel format depth 8 (8bpp) color-map

Tue Jun  6 21:36:45 2017
 VNCSConnST:  Client pixel format depth 24 (32bpp) little-endian rgb888

Tue Jun  6 21:39:55 2017
 Connections: closed: 130.71.139.73::54764 (Clean disconnection)
 EncodeManager: Framebuffer updates: 786
 EncodeManager:   RRE:
 EncodeManager:     Solid: 20 rects, 133.304 kpixels
 EncodeManager:            397 B (1:1341.9 ratio)
 EncodeManager:   Hextile:
 EncodeManager:     Bitmap RLE: 67 rects, 798.477 kpixels
 EncodeManager:                 8.71973 KiB (1:357.791 ratio)
 EncodeManager:     Indexed RLE: 448 rects, 6.21852 Mpixels
 EncodeManager:                  364.633 KiB (1:66.6323 ratio)
 EncodeManager:     Full Colour: 1.452 krects, 51.2687 Mpixels
 EncodeManager:                  64.0279 MiB (1:3.05478 ratio)
 EncodeManager:   ZRLE:
 EncodeManager:     Bitmap RLE: 1 rects, 16.384 kpixels
 EncodeManager:                 291 B (1:56.3436 ratio)
 EncodeManager:     Indexed RLE: 27 rects, 1.58499 Mpixels
 EncodeManager:                  39.8291 KiB (1:38.8701 ratio)
 EncodeManager:   Total: 2.015 krects, 60.0204 Mpixels
 EncodeManager:          64.4321 MiB (1:3.48275 ratio)
