
Xvnc TigerVNC 1.8.0 - built Aug  7 2017 01:32:32
Copyright (C) 1999-2017 TigerVNC Team and many others (see README.txt)
See http://www.tigervnc.org for information on TigerVNC.
Underlying X server release 11903000, The X.Org Foundation


Sun Sep 17 15:11:57 2017
 vncext:      VNC extension running!
 vncext:      Listening for VNC connections on all interface(s), port 5920
 vncext:      created VNC server for screen 0
touch: cannot touch ‘/home/users/heilma1/.cache/imsettings/log’: No such file or directory
/usr/bin/xterm: cannot load font '-misc-fixed-medium-r-semicondensed--13-120-75-75-c-60-iso10646-1'
ERROR - ContextualIdentityService - Unknown version found in /home/users/heilma1/.mozilla/firefox/4rrtwe2c.default/containers.json

Sun Sep 17 15:12:04 2017
 Connections: accepted: 130.71.250.232::53265
 SConnection: Client needs protocol version 3.8
 SConnection: Client requests security type VncAuth(2)

Sun Sep 17 15:12:07 2017
 SConnection: AuthFailureException: Authentication failure
 Connections: closed: 130.71.250.232::53265 (Authentication failure)
 EncodeManager: Framebuffer updates: 0
 EncodeManager:   Total: 0 rects, 0 pixels
 EncodeManager:          0 B (1:-nan ratio)
 ComparingUpdateTracker: 0 pixels in / 0 pixels out
 ComparingUpdateTracker: (1:-nan ratio)

Sun Sep 17 15:12:09 2017
 Connections: accepted: 130.71.250.232::53266
 SConnection: Client needs protocol version 3.8
 SConnection: Client requests security type VncAuth(2)

Sun Sep 17 15:12:11 2017
 VNCSConnST:  Server default pixel format depth 24 (32bpp) little-endian rgb888
 VNCSConnST:  Client pixel format depth 8 (8bpp) color-map

Sun Sep 17 15:12:21 2017
 VNCSConnST:  Client pixel format depth 24 (32bpp) little-endian rgb888

Sun Sep 17 15:12:35 2017
 Connections: closed: 130.71.250.232::53266 (Clean disconnection)
 EncodeManager: Framebuffer updates: 168
 EncodeManager:   RRE:
 EncodeManager:     Solid: 21 rects, 70.028 kpixels
 EncodeManager:            378 B (1:713.767 ratio)
 EncodeManager:   Hextile:
 EncodeManager:     Bitmap RLE: 4 rects, 1.512 kpixels
 EncodeManager:                 132 B (1:46.1818 ratio)
 EncodeManager:     Indexed RLE: 46 rects, 417.669 kpixels
 EncodeManager:                  45.5527 KiB (1:35.8279 ratio)
 EncodeManager:     Full Colour: 43 rects, 874.451 kpixels
 EncodeManager:                  494.006 KiB (1:6.91556 ratio)
 EncodeManager:   ZRLE:
 EncodeManager:     Bitmap RLE: 5 rects, 1.794 kpixels
 EncodeManager:                 172 B (1:10.7791 ratio)
 EncodeManager:     Indexed RLE: 80 rects, 1.46001 Mpixels
 EncodeManager:                  70.5186 KiB (1:20.2319 ratio)
 EncodeManager:   Total: 199 rects, 2.82546 Mpixels
 EncodeManager:          610.743 KiB (1:11.0461 ratio)
 ComparingUpdateTracker: 3.81694 Mpixels in / 951.613 kpixels out
 ComparingUpdateTracker: (1:4.01102 ratio)
