
Xvnc TigerVNC 1.8.0 - built Aug  7 2017 01:32:32
Copyright (C) 1999-2017 TigerVNC Team and many others (see README.txt)
See http://www.tigervnc.org for information on TigerVNC.
Underlying X server release 11903000, The X.Org Foundation


Thu Dec  7 16:45:58 2017
 vncext:      VNC extension running!
 vncext:      Listening for VNC connections on all interface(s), port 5921
 vncext:      created VNC server for screen 0

Thu Dec  7 16:46:02 2017
 ComparingUpdateTracker: 0 pixels in / 0 pixels out
 ComparingUpdateTracker: (1:-nan ratio)

Thu Dec  7 16:46:05 2017
 Connections: accepted: 130.71.250.232::51837
 SConnection: Client needs protocol version 3.8
 SConnection: Client requests security type VncAuth(2)

Thu Dec  7 16:46:12 2017
 VNCSConnST:  Server default pixel format depth 24 (32bpp) little-endian rgb888
 VNCSConnST:  Client pixel format depth 8 (8bpp) color-map

Thu Dec  7 16:46:13 2017
 VNCSConnST:  Client pixel format depth 24 (32bpp) little-endian rgb888

Thu Dec  7 17:03:06 2017
 Connections: closed: 130.71.250.232::51837 (Clean disconnection)
 EncodeManager: Framebuffer updates: 3782
 EncodeManager:   CopyRect:
 EncodeManager:     Copies: 1 rects, 522.465 kpixels
 EncodeManager:             16 B (1:130617 ratio)
 EncodeManager:   RRE:
 EncodeManager:     Solid: 558 rects, 2.24552 Mpixels
 EncodeManager:            10.8984 KiB (1:805.445 ratio)
 EncodeManager:   Hextile:
 EncodeManager:     Bitmap RLE: 529 rects, 510.972 kpixels
 EncodeManager:                 16.5791 KiB (1:120.766 ratio)
 EncodeManager:     Indexed RLE: 959 rects, 7.15682 Mpixels
 EncodeManager:                  2.54538 MiB (1:10.7301 ratio)
 EncodeManager:     Full Colour: 4.689 krects, 123.573 Mpixels
 EncodeManager:                  111.018 MiB (1:4.24656 ratio)
 EncodeManager:   ZRLE:
 EncodeManager:     Bitmap RLE: 1 rects, 315 pixels
 EncodeManager:                 30 B (1:10.9 ratio)
 EncodeManager:     Indexed RLE: 29 rects, 1.60114 Mpixels
 EncodeManager:                  48.998 KiB (1:31.9187 ratio)
 EncodeManager:   Total: 6.766 krects, 135.61 Mpixels
 EncodeManager:          113.638 MiB (1:4.51261 ratio)
 ComparingUpdateTracker: 491.442 Mpixels in / 138.437 Mpixels out
 ComparingUpdateTracker: (1:3.54994 ratio)

Thu Dec  7 17:03:30 2017
 Connections: accepted: 130.71.250.232::64169
 SConnection: Client needs protocol version 3.8
 SConnection: Client requests security type VncAuth(2)

Thu Dec  7 17:03:33 2017
 VNCSConnST:  Server default pixel format depth 24 (32bpp) little-endian rgb888
 VNCSConnST:  Client pixel format depth 8 (8bpp) color-map

Thu Dec  7 17:03:34 2017
 VNCSConnST:  Client pixel format depth 24 (32bpp) little-endian rgb888

Thu Dec  7 17:53:06 2017
 Connections: closed: 130.71.250.232::64169 (Clean disconnection)
 EncodeManager: Framebuffer updates: 4625
 EncodeManager:   CopyRect:
 EncodeManager:     Copies: 1 rects, 479.304 kpixels
 EncodeManager:             16 B (1:119827 ratio)
 EncodeManager:   RRE:
 EncodeManager:     Solid: 105 rects, 3.67301 Mpixels
 EncodeManager:            2.04785 KiB (1:7006.76 ratio)
 EncodeManager:   Hextile:
 EncodeManager:     Bitmap RLE: 188 rects, 948.17 kpixels
 EncodeManager:                 12.0146 KiB (1:308.456 ratio)
 EncodeManager:     Indexed RLE: 2.306 krects, 13.379 Mpixels
 EncodeManager:                  5.12208 MiB (1:9.96928 ratio)
 EncodeManager:     Full Colour: 8.674 krects, 251.57 Mpixels
 EncodeManager:                  170.043 MiB (1:5.64423 ratio)
 EncodeManager:   ZRLE:
 EncodeManager:     Indexed RLE: 24 rects, 1.06958 Mpixels
 EncodeManager:                  45.4443 KiB (1:22.9907 ratio)
 EncodeManager:   Total: 11.298 krects, 271.119 Mpixels
 EncodeManager:          175.224 MiB (1:5.88566 ratio)
 ComparingUpdateTracker: 527.635 Mpixels in / 287.016 Mpixels out
 ComparingUpdateTracker: (1:1.83834 ratio)

Thu Dec  7 20:31:48 2017
 Connections: accepted: 130.71.250.232::57595
 SConnection: Client needs protocol version 3.8
 SConnection: Client requests security type VncAuth(2)

Thu Dec  7 20:31:52 2017
 VNCSConnST:  Server default pixel format depth 24 (32bpp) little-endian rgb888
 VNCSConnST:  Client pixel format depth 8 (8bpp) color-map

Thu Dec  7 20:32:41 2017
 VNCSConnST:  Client pixel format depth 24 (32bpp) little-endian rgb888

Thu Dec  7 21:51:40 2017
 Connections: closed: 130.71.250.232::57595 (Clean disconnection)
 EncodeManager: Framebuffer updates: 9980
 EncodeManager:   CopyRect:
 EncodeManager:     Copies: 3 rects, 1.19554 Mpixels
 EncodeManager:             48 B (1:99629.2 ratio)
 EncodeManager:   RRE:
 EncodeManager:     Solid: 311 rects, 10.36 Mpixels
 EncodeManager:            6.00684 KiB (1:6058.55 ratio)
 EncodeManager:   Hextile:
 EncodeManager:     Bitmap RLE: 188 rects, 2.7238 Mpixels
 EncodeManager:                 48.8467 KiB (1:217.867 ratio)
 EncodeManager:     Indexed RLE: 4.478 krects, 43.907 Mpixels
 EncodeManager:                  6.28356 MiB (1:26.6638 ratio)
 EncodeManager:     Full Colour: 20.008 krects, 762.571 Mpixels
 EncodeManager:                  838.67 MiB (1:3.46884 ratio)
 EncodeManager:   ZRLE:
 EncodeManager:     Indexed RLE: 71 rects, 3.17134 Mpixels
 EncodeManager:                  66.6602 KiB (1:46.4723 ratio)
 EncodeManager:     Full Colour: 1 rects, 57 pixels
 EncodeManager:                  47 B (1:1.46809 ratio)
 EncodeManager:   Total: 25.06 krects, 823.929 Mpixels
 EncodeManager:          845.072 MiB (1:3.70414 ratio)
 ComparingUpdateTracker: 1.56361 Gpixels in / 956.382 Mpixels out
 ComparingUpdateTracker: (1:1.63492 ratio)

Mon Dec 11 19:10:53 2017
 Connections: accepted: 130.71.250.232::56040
 SConnection: Client needs protocol version 3.8
 SConnection: Client requests security type VncAuth(2)

Mon Dec 11 19:10:56 2017
 SConnection: AuthFailureException: Authentication failure
 Connections: closed: 130.71.250.232::56040 (Authentication failure)
 EncodeManager: Framebuffer updates: 0
 EncodeManager:   Total: 0 rects, 0 pixels
 EncodeManager:          0 B (1:-nan ratio)
 ComparingUpdateTracker: 0 pixels in / 0 pixels out
 ComparingUpdateTracker: (1:-nan ratio)

Mon Dec 11 19:10:59 2017
 Connections: accepted: 130.71.250.232::56041
 SConnection: Client needs protocol version 3.8
 SConnection: Client requests security type VncAuth(2)

Mon Dec 11 19:11:01 2017
 VNCSConnST:  Server default pixel format depth 24 (32bpp) little-endian rgb888
 VNCSConnST:  Client pixel format depth 8 (8bpp) color-map

Mon Dec 11 19:11:06 2017
 VNCSConnST:  Client pixel format depth 24 (32bpp) little-endian rgb888

Mon Dec 11 21:01:04 2017
 Connections: closed: 130.71.250.232::56041 (Clean disconnection)
 EncodeManager: Framebuffer updates: 148
 EncodeManager:   RRE:
 EncodeManager:     Solid: 27 rects, 1.5401 Mpixels
 EncodeManager:            513 B (1:9901.29 ratio)
 EncodeManager:   Hextile:
 EncodeManager:     Bitmap RLE: 1 rects, 345 pixels
 EncodeManager:                 25 B (1:55.68 ratio)
 EncodeManager:     Indexed RLE: 64 rects, 181.311 kpixels
 EncodeManager:                  14.2051 KiB (1:49.9115 ratio)
 EncodeManager:     Full Colour: 94 rects, 3.13861 Mpixels
 EncodeManager:                  3.37416 MiB (1:3.54872 ratio)
 EncodeManager:   ZRLE:
 EncodeManager:     Indexed RLE: 48 rects, 2.35877 Mpixels
 EncodeManager:                  56.2344 KiB (1:40.9722 ratio)
 EncodeManager:     Full Colour: 2 rects, 126 pixels
 EncodeManager:                  78 B (1:1.92308 ratio)
 EncodeManager:   Total: 236 rects, 7.21926 Mpixels
 EncodeManager:          3.44353 MiB (1:5.73884 ratio)
 ComparingUpdateTracker: 13.1693 Mpixels in / 5.63081 Mpixels out
 ComparingUpdateTracker: (1:2.33879 ratio)

Fri Dec 15 22:22:46 2017
 Connections: accepted: 130.71.250.232::50681
 SConnection: Client needs protocol version 3.8
 SConnection: Client requests security type VncAuth(2)

Fri Dec 15 22:22:47 2017
 SConnection: AuthFailureException: Authentication failure
 Connections: closed: 130.71.250.232::50681 (Authentication failure)
 EncodeManager: Framebuffer updates: 0
 EncodeManager:   Total: 0 rects, 0 pixels
 EncodeManager:          0 B (1:-nan ratio)
 ComparingUpdateTracker: 0 pixels in / 0 pixels out
 ComparingUpdateTracker: (1:-nan ratio)

Fri Dec 15 22:22:50 2017
 Connections: accepted: 130.71.250.232::50683
 SConnection: Client needs protocol version 3.8
 SConnection: Client requests security type VncAuth(2)

Fri Dec 15 22:22:52 2017
 VNCSConnST:  Server default pixel format depth 24 (32bpp) little-endian rgb888
 VNCSConnST:  Client pixel format depth 8 (8bpp) color-map

Fri Dec 15 22:22:59 2017
 VNCSConnST:  Client pixel format depth 24 (32bpp) little-endian rgb888

Sat Dec 16 22:31:20 2017
 Connections: accepted: 130.71.250.232::62463
 SConnection: Client needs protocol version 3.8
 SConnection: Client requests security type VncAuth(2)

Sat Dec 16 22:31:23 2017
 SConnection: AuthFailureException: Authentication failure
 Connections: closed: 130.71.250.232::62463 (Authentication failure)
 EncodeManager: Framebuffer updates: 0
 EncodeManager:   Total: 0 rects, 0 pixels
 EncodeManager:          0 B (1:-nan ratio)
 ComparingUpdateTracker: 2.0473 Gpixels in / 2.60834 Gpixels out
 ComparingUpdateTracker: (1:0.784906 ratio)

Sat Dec 16 22:31:25 2017
 Connections: accepted: 130.71.250.232::62464
 SConnection: Client needs protocol version 3.8
 SConnection: Client requests security type VncAuth(2)

Sat Dec 16 22:31:26 2017
 VNCSConnST:  Server default pixel format depth 24 (32bpp) little-endian rgb888
 VNCSConnST:  Client pixel format depth 8 (8bpp) color-map

Sat Dec 16 22:31:33 2017
 VNCSConnST:  Client pixel format depth 24 (32bpp) little-endian rgb888

Sat Dec 16 23:00:31 2017
 Connections: closed: 130.71.250.232::50683 (read: Connection timed out (110))
 EncodeManager: Framebuffer updates: 40832
 EncodeManager:   CopyRect:
 EncodeManager:     Copies: 4 rects, 1.9984 Mpixels
 EncodeManager:             64 B (1:124901 ratio)
 EncodeManager:   RRE:
 EncodeManager:     Solid: 1.639 krects, 31.8672 Mpixels
 EncodeManager:            31.9824 KiB (1:3840.53 ratio)
 EncodeManager:   Hextile:
 EncodeManager:     Bitmap RLE: 3.192 krects, 7.2173 Mpixels
 EncodeManager:                 144.801 KiB (1:194.957 ratio)
 EncodeManager:     Indexed RLE: 19.724 krects, 137.699 Mpixels
 EncodeManager:                  25.4504 MiB (1:20.6483 ratio)
 EncodeManager:     Full Colour: 63.751 krects, 1.90285 Gpixels
 EncodeManager:                  1.34954 GiB (1:5.25318 ratio)
 EncodeManager:   ZRLE:
 EncodeManager:     Indexed RLE: 63 rects, 2.58888 Mpixels
 EncodeManager:                  55.7939 KiB (1:45.3265 ratio)
 EncodeManager:     Full Colour: 1 rects, 57 pixels
 EncodeManager:                  45 B (1:1.53333 ratio)
 EncodeManager:   Total: 88.374 krects, 2.08422 Gpixels
 EncodeManager:          1.37462 GiB (1:5.64266 ratio)
 ComparingUpdateTracker: 1.52594 Gpixels in / 514.233 Mpixels out
 ComparingUpdateTracker: (1:2.96741 ratio)

Sat Dec 16 23:44:00 2017
 Connections: closed: 130.71.250.232::62464 (Clean disconnection)
 EncodeManager: Framebuffer updates: 18082
 EncodeManager:   CopyRect:
 EncodeManager:     Copies: 4 rects, 1.0857 Mpixels
 EncodeManager:             64 B (1:67856.9 ratio)
 EncodeManager:   RRE:
 EncodeManager:     Solid: 535 rects, 5.17671 Mpixels
 EncodeManager:            10.373 KiB (1:1538.22 ratio)
 EncodeManager:   Hextile:
 EncodeManager:     Bitmap RLE: 1.089 krects, 2.80915 Mpixels
 EncodeManager:                 46.6162 KiB (1:235.669 ratio)
 EncodeManager:     Indexed RLE: 9.15 krects, 40.3471 Mpixels
 EncodeManager:                  5.63205 MiB (1:27.3464 ratio)
 EncodeManager:     Full Colour: 27.068 krects, 828.2 Mpixels
 EncodeManager:                  798.353 MiB (1:3.9577 ratio)
 EncodeManager:   ZRLE:
 EncodeManager:     Bitmap RLE: 2 rects, 131.072 kpixels
 EncodeManager:                 508 B (1:258.063 ratio)
 EncodeManager:     Indexed RLE: 71 rects, 3.42007 Mpixels
 EncodeManager:                  73.0566 KiB (1:45.7281 ratio)
 EncodeManager:     Full Colour: 1 rects, 63 pixels
 EncodeManager:                  53 B (1:1.41509 ratio)
 EncodeManager:   Total: 37.92 krects, 881.17 Mpixels
 EncodeManager:          804.113 MiB (1:4.16297 ratio)
 ComparingUpdateTracker: 1.61049 Gpixels in / 397.089 Mpixels out
 ComparingUpdateTracker: (1:4.05573 ratio)

Mon Dec 18 00:51:36 2017
 Connections: accepted: 130.71.250.232::54073
 SConnection: Client needs protocol version 3.8
 SConnection: Client requests security type VncAuth(2)

Mon Dec 18 00:51:39 2017
 VNCSConnST:  Server default pixel format depth 24 (32bpp) little-endian rgb888
 VNCSConnST:  Client pixel format depth 8 (8bpp) color-map

Mon Dec 18 00:51:48 2017
 VNCSConnST:  Client pixel format depth 24 (32bpp) little-endian rgb888

Mon Dec 18 15:20:58 2017
 Connections: closed: 130.71.250.232::54073 (Clean disconnection)
 EncodeManager: Framebuffer updates: 3481
 EncodeManager:   RRE:
 EncodeManager:     Solid: 150 rects, 7.33563 Mpixels
 EncodeManager:            2.86523 KiB (1:8745.04 ratio)
 EncodeManager:   Hextile:
 EncodeManager:     Bitmap RLE: 55 rects, 311.489 kpixels
 EncodeManager:                 3.43066 KiB (1:354.858 ratio)
 EncodeManager:     Indexed RLE: 2.587 krects, 11.4226 Mpixels
 EncodeManager:                  8.85523 MiB (1:4.92403 ratio)
 EncodeManager:     Full Colour: 5.139 krects, 95.9167 Mpixels
 EncodeManager:                  68.5155 MiB (1:5.34116 ratio)
 EncodeManager:   ZRLE:
 EncodeManager:     Indexed RLE: 68 rects, 2.30965 Mpixels
 EncodeManager:                  40.9443 KiB (1:55.1068 ratio)
 EncodeManager:     Full Colour: 1 rects, 63 pixels
 EncodeManager:                  53 B (1:1.41509 ratio)
 EncodeManager:   Total: 8 krects, 117.296 Mpixels
 EncodeManager:          77.4169 MiB (1:5.65015 ratio)
 ComparingUpdateTracker: 385.584 Mpixels in / 115.345 Mpixels out
 ComparingUpdateTracker: (1:3.34287 ratio)
Warning: VNC extension does not support -reset, terminating instead. Use -noreset to prevent termination.
