
Xvnc TigerVNC 1.8.0 - built Aug  7 2017 01:32:32
Copyright (C) 1999-2017 TigerVNC Team and many others (see README.txt)
See http://www.tigervnc.org for information on TigerVNC.
Underlying X server release 11903000, The X.Org Foundation


Wed Oct 11 13:36:52 2017
 vncext:      VNC extension running!
 vncext:      Listening for VNC connections on all interface(s), port 5921
 vncext:      created VNC server for screen 0

Wed Oct 11 13:36:55 2017
 ComparingUpdateTracker: 0 pixels in / 0 pixels out
 ComparingUpdateTracker: (1:-nan ratio)

Wed Oct 11 13:37:00 2017
 Connections: accepted: 130.71.250.232::51843
 SConnection: Client needs protocol version 3.8
 SConnection: Client requests security type VncAuth(2)

Wed Oct 11 13:37:05 2017
 VNCSConnST:  Server default pixel format depth 24 (32bpp) little-endian rgb888
 VNCSConnST:  Client pixel format depth 8 (8bpp) color-map
 VNCSConnST:  Client pixel format depth 24 (32bpp) little-endian rgb888

Wed Oct 11 17:58:09 2017
 Connections: accepted: 130.71.250.232::63060
 SConnection: Client needs protocol version 3.8
 SConnection: Client requests security type VncAuth(2)
 VNCSConnST:  Server default pixel format depth 24 (32bpp) little-endian rgb888
 VNCSConnST:  Client pixel format depth 8 (8bpp) color-map

Wed Oct 11 20:05:09 2017
 Connections: accepted: 130.71.250.232::63091

Wed Oct 11 20:05:12 2017
 SConnection: Client needs protocol version 3.8
 SConnection: Client requests security type VncAuth(2)
 VNCSConnST:  Server default pixel format depth 24 (32bpp) little-endian rgb888
 VNCSConnST:  Client pixel format depth 8 (8bpp) color-map

Thu Oct 12 14:18:48 2017
 Connections: accepted: 130.71.250.232::53982

Thu Oct 12 14:18:49 2017
 SConnection: Client needs protocol version 3.8
 SConnection: Client requests security type VncAuth(2)
 VNCSConnST:  Server default pixel format depth 24 (32bpp) little-endian rgb888
 VNCSConnST:  Client pixel format depth 8 (8bpp) color-map

Fri Oct 13 09:08:32 2017
 Connections: accepted: 130.71.250.232::59680

Fri Oct 13 09:08:33 2017
 SConnection: Client needs protocol version 3.8
 SConnection: Client requests security type VncAuth(2)
 VNCSConnST:  Server default pixel format depth 24 (32bpp) little-endian rgb888
 VNCSConnST:  Client pixel format depth 8 (8bpp) color-map

Fri Oct 13 14:48:25 2017
 VNCSConnST:  Client pixel format depth 24 (32bpp) little-endian rgb888

Fri Oct 13 15:04:10 2017
 Connections: closed: 130.71.250.232::53982 (read: Connection timed out (110))
 EncodeManager: Framebuffer updates: 4
 EncodeManager:   RRE:
 EncodeManager:     Solid: 17 rects, 802.576 kpixels
 EncodeManager:            289 B (1:2777.79 ratio)
 EncodeManager:   ZRLE:
 EncodeManager:     Indexed RLE: 4 rects, 1.17 kpixels
 EncodeManager:                  207 B (1:5.88406 ratio)
 EncodeManager:   Total: 21 rects, 803.746 kpixels
 EncodeManager:          496 B (1:1620.96 ratio)
 ComparingUpdateTracker: 110.116 Mpixels in / 21.4256 Mpixels out
 ComparingUpdateTracker: (1:5.13946 ratio)

Fri Oct 13 15:09:26 2017
 Connections: closed: 130.71.250.232::63091 (read: Connection timed out (110))
 EncodeManager: Framebuffer updates: 1
 EncodeManager:   RRE:
 EncodeManager:     Solid: 14 rects, 786.147 kpixels
 EncodeManager:            238 B (1:3303.84 ratio)
 EncodeManager:   ZRLE:
 EncodeManager:     Indexed RLE: 1 rects, 285 pixels
 EncodeManager:                  122 B (1:2.43443 ratio)
 EncodeManager:   Total: 15 rects, 786.432 kpixels
 EncodeManager:          360 B (1:2185.03 ratio)
 ComparingUpdateTracker: 85.91 kpixels in / 0 pixels out
 ComparingUpdateTracker: (1:inf ratio)
 Connections: closed: 130.71.250.232::63060 (read: Connection timed out (110))
 EncodeManager: Framebuffer updates: 1
 EncodeManager:   RRE:
 EncodeManager:     Solid: 14 rects, 786.147 kpixels
 EncodeManager:            238 B (1:3303.84 ratio)
 EncodeManager:   ZRLE:
 EncodeManager:     Indexed RLE: 1 rects, 285 pixels
 EncodeManager:                  122 B (1:2.43443 ratio)
 EncodeManager:   Total: 15 rects, 786.432 kpixels
 EncodeManager:          360 B (1:2185.03 ratio)
 ComparingUpdateTracker: 0 pixels in / 0 pixels out
 ComparingUpdateTracker: (1:-nan ratio)

Fri Oct 13 15:09:34 2017
 Connections: closed: 130.71.250.232::51843 (read: Connection timed out (110))
 EncodeManager: Framebuffer updates: 237
 EncodeManager:   RRE:
 EncodeManager:     Solid: 20 rects, 1.27795 Mpixels
 EncodeManager:            400 B (1:12780.1 ratio)
 EncodeManager:   Hextile:
 EncodeManager:     Indexed RLE: 172 rects, 1.18539 Mpixels
 EncodeManager:                  2.02714 MiB (1:2.23166 ratio)
 EncodeManager:     Full Colour: 421 rects, 13.9003 Mpixels
 EncodeManager:                  15.0637 MiB (1:3.52039 ratio)
 EncodeManager:   ZRLE:
 EncodeManager:     Indexed RLE: 15 rects, 786.432 kpixels
 EncodeManager:                  29.9688 KiB (1:25.6326 ratio)
 EncodeManager:   Total: 628 rects, 17.1501 Mpixels
 EncodeManager:          17.1205 MiB (1:3.69028 ratio)
 ComparingUpdateTracker: 0 pixels in / 0 pixels out
 ComparingUpdateTracker: (1:-nan ratio)
